#
# There is insufficient memory for the Java Runtime Environment to continue.
# Native memory allocation (malloc) failed to allocate 1054416 bytes for Chunk::new
# Possible reasons:
#   The system is out of physical RAM or swap space
#   In 32 bit mode, the process size limit was hit
# Possible solutions:
#   Reduce memory load on the system
#   Increase physical memory or swap space
#   Check if swap backing store is full
#   Use 64 bit Java on a 64 bit OS
#   Decrease Java heap size (-Xmx/-Xms)
#   Decrease number of Java threads
#   Decrease Java thread stack sizes (-Xss)
#   Set larger code cache with -XX:ReservedCodeCacheSize=
# This output file may be truncated or incomplete.
#
#  Out of Memory Error (allocation.cpp:390), pid=6888, tid=0x0000000000002a5c
#
# JRE version: Java(TM) SE Runtime Environment (8.0_112-b15) (build 1.8.0_112-b15)
# Java VM: Java HotSpot(TM) 64-Bit Server VM (25.112-b15 mixed mode windows-amd64 compressed oops)
# Failed to write core dump. Minidumps are not enabled by default on client versions of Windows
#

---------------  T H R E A D  ---------------

Current thread (0x0000000015130800):  JavaThread "C2 CompilerThread0" daemon [_thread_in_native, id=10844, stack(0x00000000167a0000,0x00000000168a0000)]

Stack: [0x00000000167a0000,0x00000000168a0000]
[error occurred during error reporting (printing stack bounds), id 0xc0000005]

Native frames: (J=compiled Java code, j=interpreted, Vv=VM code, C=native code)


Current CompileTask:
C2:5141101 11041       4       org.gradle.api.internal.project.taskfactory.DefaultTaskClassValidatorExtractor::mergeDeclaredAnnotations (218 bytes)


---------------  P R O C E S S  ---------------

Java Threads: ( => current thread )
  0x000000001b2e3000 JavaThread "build operations Thread 4" [_thread_blocked, id=10804, stack(0x0000000026050000,0x0000000026150000)]
  0x000000001da3d000 JavaThread "build operations Thread 3" [_thread_blocked, id=7876, stack(0x0000000025f50000,0x0000000026050000)]
  0x000000001da42800 JavaThread "build operations Thread 2" [_thread_blocked, id=6292, stack(0x0000000025e50000,0x0000000025f50000)]
  0x000000001da3e000 JavaThread "build operations" [_thread_blocked, id=780, stack(0x0000000025d50000,0x0000000025e50000)]
  0x000000001da41000 JavaThread "Cache worker for Artifact transforms cache (C:\Users\dcsb\.gradle\caches\transforms-1)" [_thread_blocked, id=11376, stack(0x0000000025c50000,0x0000000025d50000)]
  0x000000001da41800 JavaThread "Cache worker for file hash cache (D:\Projetos\react-native\luizalabs\marvelDesafio\android\.gradle\4.4\fileHashes)" [_thread_blocked, id=8408, stack(0x0000000025b50000,0x0000000025c50000)]
  0x000000001da3f800 JavaThread "Stdin handler" [_thread_blocked, id=9892, stack(0x0000000025a50000,0x0000000025b50000)]
  0x000000001da44000 JavaThread "Asynchronous log dispatcher for DefaultDaemonConnection: socket connection from /127.0.0.1:55952 to /127.0.0.1:64642" [_thread_blocked, id=10528, stack(0x0000000025950000,0x0000000025a50000)]
  0x000000001da35800 JavaThread "Daemon worker Thread 4" [_thread_in_native, id=4516, stack(0x0000000025850000,0x0000000025950000)]
  0x000000001da3c800 JavaThread "Cancel handler" [_thread_blocked, id=5820, stack(0x0000000025750000,0x0000000025850000)]
  0x000000001da35000 JavaThread "Handler for socket connection from /127.0.0.1:55952 to /127.0.0.1:64642" [_thread_in_native, id=1152, stack(0x0000000025650000,0x0000000025750000)]
  0x000000001da3b800 JavaThread "Daemon Thread 4" [_thread_blocked, id=11660, stack(0x0000000025550000,0x0000000025650000)]
  0x000000001da38000 JavaThread "Device List Monitor" [_thread_in_native, id=6108, stack(0x0000000022b50000,0x0000000022c50000)]
  0x000000001da3a000 JavaThread "Monitor" [_thread_in_native, id=10384, stack(0x0000000022750000,0x0000000022850000)]
  0x000000001b2eb800 JavaThread "Memory manager" [_thread_blocked, id=11088, stack(0x00000000209a0000,0x0000000020aa0000)]
  0x000000001b2e8800 JavaThread "pool-1-thread-1" [_thread_blocked, id=5108, stack(0x00000000206a0000,0x00000000207a0000)]
  0x00000000180e4800 JavaThread "File lock request listener" [_thread_in_native, id=11096, stack(0x0000000019d00000,0x0000000019e00000)]
  0x00000000180e4000 JavaThread "Cache worker for file hash cache (C:\Users\dcsb\.gradle\caches\4.4\fileHashes)" [_thread_blocked, id=3152, stack(0x0000000019c00000,0x0000000019d00000)]
  0x000000001833b800 JavaThread "Daemon periodic checks" [_thread_blocked, id=9016, stack(0x0000000019100000,0x0000000019200000)]
  0x000000001833a000 JavaThread "Incoming local TCP Connector on port 55952" [_thread_in_native, id=10032, stack(0x0000000019000000,0x0000000019100000)]
  0x0000000017c3f800 JavaThread "Daemon health stats" [_thread_blocked, id=1188, stack(0x00000000189c0000,0x0000000018ac0000)]
  0x0000000016ac8800 JavaThread "Service Thread" daemon [_thread_blocked, id=10916, stack(0x0000000016ea0000,0x0000000016fa0000)]
  0x000000001513a800 JavaThread "C1 CompilerThread2" daemon [_thread_blocked, id=9840, stack(0x00000000169a0000,0x0000000016aa0000)]
  0x0000000015134800 JavaThread "C2 CompilerThread1" daemon [_thread_blocked, id=5876, stack(0x00000000168a0000,0x00000000169a0000)]
=>0x0000000015130800 JavaThread "C2 CompilerThread0" daemon [_thread_in_native, id=10844, stack(0x00000000167a0000,0x00000000168a0000)]
  0x000000001512f000 JavaThread "Attach Listener" daemon [_thread_blocked, id=11032, stack(0x00000000166a0000,0x00000000167a0000)]
  0x000000001512e000 JavaThread "Signal Dispatcher" daemon [_thread_blocked, id=4420, stack(0x00000000165a0000,0x00000000166a0000)]
  0x000000000299c000 JavaThread "Finalizer" daemon [_thread_blocked, id=8140, stack(0x0000000016390000,0x0000000016490000)]
  0x00000000150f9000 JavaThread "Reference Handler" daemon [_thread_blocked, id=1084, stack(0x0000000016290000,0x0000000016390000)]
  0x0000000002a5e000 JavaThread "main" [_thread_blocked, id=5012, stack(0x0000000002730000,0x0000000002830000)]

Other Threads:
  0x00000000150f8000 VMThread [stack: 0x0000000016190000,0x0000000016290000] [id=4700]
  0x0000000016aff800 WatcherThread [stack: 0x00000000170f0000,0x00000000171f0000] [id=9096]

VM state:not at safepoint (normal execution)

VM Mutex/Monitor currently owned by a thread: None

Heap:
 PSYoungGen      total 155648K, used 12253K [0x00000000eab00000, 0x00000000f7d80000, 0x0000000100000000)
  eden space 147456K, 3% used [0x00000000eab00000,0x00000000eaf536d0,0x00000000f3b00000)
  from space 8192K, 95% used [0x00000000f6c80000,0x00000000f7424040,0x00000000f7480000)
  to   space 9216K, 0% used [0x00000000f7480000,0x00000000f7480000,0x00000000f7d80000)
 ParOldGen       total 137728K, used 41946K [0x00000000c0000000, 0x00000000c8680000, 0x00000000eab00000)
  object space 137728K, 30% used [0x00000000c0000000,0x00000000c28f6930,0x00000000c8680000)
 Metaspace       used 63623K, capacity 66532K, committed 66712K, reserved 1107968K
  class space    used 8493K, capacity 9125K, committed 9136K, reserved 1048576K

Card table byte_map: [0x0000000011e20000,0x0000000012030000] byte_map_base: 0x0000000011820000

Marking Bits: (ParMarkBitMap*) 0x0000000054a9a6d0
 Begin Bits: [0x0000000012590000, 0x0000000013590000)
 End Bits:   [0x0000000013590000, 0x0000000014590000)

Polling page: 0x0000000000f70000

CodeCache: size=245760Kb used=30455Kb max_used=30467Kb free=215304Kb
 bounds [0x0000000002a60000, 0x0000000004860000, 0x0000000011a60000]
 total_blobs=10197 nmethods=9376 adapters=732
 compilation: enabled

Compilation events (10 events):
Event: 5139.898 Thread 0x000000001513a800 nmethod 11039 0x000000000341a9d0 code [0x000000000341ab20, 0x000000000341ac90]
Event: 5139.901 Thread 0x0000000015130800 nmethod 11031 0x00000000034c2c90 code [0x00000000034c31e0, 0x00000000034c3850]
Event: 5139.901 Thread 0x000000001513a800 11040       3       org.gradle.api.internal.artifacts.dependencies.DefaultExternalModuleDependency::hashCode (5 bytes)
Event: 5139.901 Thread 0x000000001513a800 nmethod 11040 0x00000000034c2910 code [0x00000000034c2a80, 0x00000000034c2c08]
Event: 5139.902 Thread 0x0000000015130800 11041       4       org.gradle.api.internal.project.taskfactory.DefaultTaskClassValidatorExtractor::mergeDeclaredAnnotations (218 bytes)
Event: 5139.902 Thread 0x000000001513a800 11042   !   3       org.gradle.internal.metaobject.ConfigureDelegate::invokeMethod (173 bytes)
Event: 5139.903 Thread 0x000000001513a800 nmethod 11042 0x0000000003beb7d0 code [0x0000000003beba80, 0x0000000003becbc8]
Event: 5140.059 Thread 0x0000000015134800 nmethod 11030 0x000000000484d250 code [0x000000000484dae0, 0x00000000048517e8]
Event: 5140.163 Thread 0x000000001513a800 11043   !   3       com.android.repository.io.impl.FileSystemFileOp::listFiles (127 bytes)
Event: 5140.164 Thread 0x000000001513a800 nmethod 11043 0x0000000004843810 code [0x0000000004843ac0, 0x0000000004844ec8]

GC Heap History (10 events):
Event: 22.421 GC heap before
{Heap before GC invocations=14 (full 2):
 PSYoungGen      total 134144K, used 131238K [0x00000000eab00000, 0x00000000f5c80000, 0x0000000100000000)
  eden space 122368K, 99% used [0x00000000eab00000,0x00000000f227faa8,0x00000000f2280000)
  from space 11776K, 75% used [0x00000000f2280000,0x00000000f2b29e68,0x00000000f2e00000)
  to   space 11776K, 0% used [0x00000000f5100000,0x00000000f5100000,0x00000000f5c80000)
 ParOldGen       total 82432K, used 21668K [0x00000000c0000000, 0x00000000c5080000, 0x00000000eab00000)
  object space 82432K, 26% used [0x00000000c0000000,0x00000000c1529048,0x00000000c5080000)
 Metaspace       used 51368K, capacity 53140K, committed 53296K, reserved 1095680K
  class space    used 7164K, capacity 7609K, committed 7728K, reserved 1048576K
Event: 22.436 GC heap after
Heap after GC invocations=14 (full 2):
 PSYoungGen      total 168448K, used 11623K [0x00000000eab00000, 0x00000000f6200000, 0x0000000100000000)
  eden space 156672K, 0% used [0x00000000eab00000,0x00000000eab00000,0x00000000f4400000)
  from space 11776K, 98% used [0x00000000f5100000,0x00000000f5c59e78,0x00000000f5c80000)
  to   space 13312K, 0% used [0x00000000f4400000,0x00000000f4400000,0x00000000f5100000)
 ParOldGen       total 82432K, used 25797K [0x00000000c0000000, 0x00000000c5080000, 0x00000000eab00000)
  object space 82432K, 31% used [0x00000000c0000000,0x00000000c19317d0,0x00000000c5080000)
 Metaspace       used 51368K, capacity 53140K, committed 53296K, reserved 1095680K
  class space    used 7164K, capacity 7609K, committed 7728K, reserved 1048576K
}
Event: 27.230 GC heap before
{Heap before GC invocations=15 (full 2):
 PSYoungGen      total 168448K, used 90810K [0x00000000eab00000, 0x00000000f6200000, 0x0000000100000000)
  eden space 156672K, 50% used [0x00000000eab00000,0x00000000ef854a00,0x00000000f4400000)
  from space 11776K, 98% used [0x00000000f5100000,0x00000000f5c59e78,0x00000000f5c80000)
  to   space 13312K, 0% used [0x00000000f4400000,0x00000000f4400000,0x00000000f5100000)
 ParOldGen       total 82432K, used 25797K [0x00000000c0000000, 0x00000000c5080000, 0x00000000eab00000)
  object space 82432K, 31% used [0x00000000c0000000,0x00000000c19317d0,0x00000000c5080000)
 Metaspace       used 57066K, capacity 58990K, committed 59160K, reserved 1099776K
  class space    used 7943K, capacity 8418K, committed 8496K, reserved 1048576K
Event: 27.250 GC heap after
Heap after GC invocations=15 (full 2):
 PSYoungGen      total 169984K, used 11200K [0x00000000eab00000, 0x00000000f8a80000, 0x0000000100000000)
  eden space 156672K, 0% used [0x00000000eab00000,0x00000000eab00000,0x00000000f4400000)
  from space 13312K, 84% used [0x00000000f4400000,0x00000000f4ef0180,0x00000000f5100000)
  to   space 13824K, 0% used [0x00000000f7d00000,0x00000000f7d00000,0x00000000f8a80000)
 ParOldGen       total 82432K, used 32823K [0x00000000c0000000, 0x00000000c5080000, 0x00000000eab00000)
  object space 82432K, 39% used [0x00000000c0000000,0x00000000c200dc80,0x00000000c5080000)
 Metaspace       used 57066K, capacity 58990K, committed 59160K, reserved 1099776K
  class space    used 7943K, capacity 8418K, committed 8496K, reserved 1048576K
}
Event: 27.250 GC heap before
{Heap before GC invocations=16 (full 3):
 PSYoungGen      total 169984K, used 11200K [0x00000000eab00000, 0x00000000f8a80000, 0x0000000100000000)
  eden space 156672K, 0% used [0x00000000eab00000,0x00000000eab00000,0x00000000f4400000)
  from space 13312K, 84% used [0x00000000f4400000,0x00000000f4ef0180,0x00000000f5100000)
  to   space 13824K, 0% used [0x00000000f7d00000,0x00000000f7d00000,0x00000000f8a80000)
 ParOldGen       total 82432K, used 32823K [0x00000000c0000000, 0x00000000c5080000, 0x00000000eab00000)
  object space 82432K, 39% used [0x00000000c0000000,0x00000000c200dc80,0x00000000c5080000)
 Metaspace       used 57066K, capacity 58990K, committed 59160K, reserved 1099776K
  class space    used 7943K, capacity 8418K, committed 8496K, reserved 1048576K
Event: 27.575 GC heap after
Heap after GC invocations=16 (full 3):
 PSYoungGen      total 169984K, used 0K [0x00000000eab00000, 0x00000000f8a80000, 0x0000000100000000)
  eden space 156672K, 0% used [0x00000000eab00000,0x00000000eab00000,0x00000000f4400000)
  from space 13312K, 0% used [0x00000000f4400000,0x00000000f4400000,0x00000000f5100000)
  to   space 13824K, 0% used [0x00000000f7d00000,0x00000000f7d00000,0x00000000f8a80000)
 ParOldGen       total 137728K, used 41930K [0x00000000c0000000, 0x00000000c8680000, 0x00000000eab00000)
  object space 137728K, 30% used [0x00000000c0000000,0x00000000c28f2930,0x00000000c8680000)
 Metaspace       used 57066K, capacity 58990K, committed 59160K, reserved 1099776K
  class space    used 7943K, capacity 8418K, committed 8496K, reserved 1048576K
}
Event: 2336.781 GC heap before
{Heap before GC invocations=17 (full 3):
 PSYoungGen      total 169984K, used 156672K [0x00000000eab00000, 0x00000000f8a80000, 0x0000000100000000)
  eden space 156672K, 100% used [0x00000000eab00000,0x00000000f4400000,0x00000000f4400000)
  from space 13312K, 0% used [0x00000000f4400000,0x00000000f4400000,0x00000000f5100000)
  to   space 13824K, 0% used [0x00000000f7d00000,0x00000000f7d00000,0x00000000f8a80000)
 ParOldGen       total 137728K, used 41930K [0x00000000c0000000, 0x00000000c8680000, 0x00000000eab00000)
  object space 137728K, 30% used [0x00000000c0000000,0x00000000c28f2930,0x00000000c8680000)
 Metaspace       used 62529K, capacity 64928K, committed 65048K, reserved 1105920K
  class space    used 8419K, capacity 9001K, committed 9008K, reserved 1048576K
Event: 2336.808 GC heap after
Heap after GC invocations=17 (full 3):
 PSYoungGen      total 165888K, used 13429K [0x00000000eab00000, 0x00000000f8a80000, 0x0000000100000000)
  eden space 152064K, 0% used [0x00000000eab00000,0x00000000eab00000,0x00000000f3f80000)
  from space 13824K, 97% used [0x00000000f7d00000,0x00000000f8a1d7a0,0x00000000f8a80000)
  to   space 15360K, 0% used [0x00000000f6c80000,0x00000000f6c80000,0x00000000f7b80000)
 ParOldGen       total 137728K, used 41938K [0x00000000c0000000, 0x00000000c8680000, 0x00000000eab00000)
  object space 137728K, 30% used [0x00000000c0000000,0x00000000c28f4930,0x00000000c8680000)
 Metaspace       used 62529K, capacity 64928K, committed 65048K, reserved 1105920K
  class space    used 8419K, capacity 9001K, committed 9008K, reserved 1048576K
}
Event: 5139.844 GC heap before
{Heap before GC invocations=18 (full 3):
 PSYoungGen      total 165888K, used 165493K [0x00000000eab00000, 0x00000000f8a80000, 0x0000000100000000)
  eden space 152064K, 100% used [0x00000000eab00000,0x00000000f3f80000,0x00000000f3f80000)
  from space 13824K, 97% used [0x00000000f7d00000,0x00000000f8a1d7a0,0x00000000f8a80000)
  to   space 15360K, 0% used [0x00000000f6c80000,0x00000000f6c80000,0x00000000f7b80000)
 ParOldGen       total 137728K, used 41938K [0x00000000c0000000, 0x00000000c8680000, 0x00000000eab00000)
  object space 137728K, 30% used [0x00000000c0000000,0x00000000c28f4930,0x00000000c8680000)
 Metaspace       used 63603K, capacity 66514K, committed 66712K, reserved 1107968K
  class space    used 8491K, capacity 9122K, committed 9136K, reserved 1048576K
Event: 5139.857 GC heap after
Heap after GC invocations=18 (full 3):
 PSYoungGen      total 155648K, used 7824K [0x00000000eab00000, 0x00000000f7d80000, 0x0000000100000000)
  eden space 147456K, 0% used [0x00000000eab00000,0x00000000eab00000,0x00000000f3b00000)
  from space 8192K, 95% used [0x00000000f6c80000,0x00000000f7424040,0x00000000f7480000)
  to   space 9216K, 0% used [0x00000000f7480000,0x00000000f7480000,0x00000000f7d80000)
 ParOldGen       total 137728K, used 41946K [0x00000000c0000000, 0x00000000c8680000, 0x00000000eab00000)
  object space 137728K, 30% used [0x00000000c0000000,0x00000000c28f6930,0x00000000c8680000)
 Metaspace       used 63603K, capacity 66514K, committed 66712K, reserved 1107968K
  class space    used 8491K, capacity 9122K, committed 9136K, reserved 1048576K
}

Deoptimization events (10 events):
Event: 3672.023 Thread 0x000000001b2e6000 Uncommon trap: reason=array_check action=maybe_recompile pc=0x0000000004592564 method=java.util.TimSort.binarySort([Ljava/lang/Object;IIILjava/util/Comparator;)V @ 183
Event: 3672.531 Thread 0x000000001b2e6000 Uncommon trap: reason=array_check action=maybe_recompile pc=0x00000000045923d8 method=java.util.TimSort.binarySort([Ljava/lang/Object;IIILjava/util/Comparator;)V @ 215
Event: 3672.604 Thread 0x000000001b2e6000 Uncommon trap: reason=array_check action=maybe_recompile pc=0x00000000045923d8 method=java.util.TimSort.binarySort([Ljava/lang/Object;IIILjava/util/Comparator;)V @ 215
Event: 3672.864 Thread 0x000000001b2f1800 Uncommon trap: reason=unstable_if action=reinterpret pc=0x0000000004130b00 method=java.util.concurrent.ConcurrentLinkedQueue.offer(Ljava/lang/Object;)Z @ 91
Event: 3673.382 Thread 0x000000001da3c800 Uncommon trap: reason=array_check action=maybe_recompile pc=0x00000000047b202c method=java.util.TimSort.binarySort([Ljava/lang/Object;IIILjava/util/Comparator;)V @ 193
Event: 3680.762 Thread 0x000000001b2e6000 Uncommon trap: reason=class_check action=maybe_recompile pc=0x000000000461fcbc method=java.util.Collections$UnmodifiableMap$UnmodifiableEntrySet$UnmodifiableEntry.<init>(Ljava/util/Map$Entry;)V @ 9
Event: 3680.762 Thread 0x000000001b2e6000 Uncommon trap: reason=class_check action=maybe_recompile pc=0x000000000461fcbc method=java.util.Collections$UnmodifiableMap$UnmodifiableEntrySet$UnmodifiableEntry.<init>(Ljava/util/Map$Entry;)V @ 9
Event: 3680.762 Thread 0x000000001b2e6000 Uncommon trap: reason=class_check action=maybe_recompile pc=0x000000000461fcbc method=java.util.Collections$UnmodifiableMap$UnmodifiableEntrySet$UnmodifiableEntry.<init>(Ljava/util/Map$Entry;)V @ 9
Event: 3680.762 Thread 0x000000001b2e6000 Uncommon trap: reason=class_check action=maybe_recompile pc=0x000000000461fcbc method=java.util.Collections$UnmodifiableMap$UnmodifiableEntrySet$UnmodifiableEntry.<init>(Ljava/util/Map$Entry;)V @ 9
Event: 3681.037 Thread 0x000000001b2ea000 Uncommon trap: reason=unstable_if action=reinterpret pc=0x00000000045fd75c method=org.slf4j.helpers.MessageFormatter.deeplyAppendParameter(Ljava/lang/StringBuilder;Ljava/lang/Object;Ljava/util/Map;)V @ 1

Internal exceptions (10 events):
Event: 5140.190 Thread 0x000000001da35800 Exception <a 'sun/nio/fs/WindowsException'> (0x00000000eaf2c3c0) thrown at [C:\re\workspace\8-2-build-windows-amd64-cygwin\jdk8u112\7884\hotspot\src\share\vm\prims\jni.cpp, line 709]
Event: 5140.190 Thread 0x000000001da35800 Exception <a 'sun/nio/fs/WindowsException'> (0x00000000eaf2cf28) thrown at [C:\re\workspace\8-2-build-windows-amd64-cygwin\jdk8u112\7884\hotspot\src\share\vm\prims\jni.cpp, line 709]
Event: 5140.243 Thread 0x000000001da35800 Exception <a 'sun/nio/fs/WindowsException'> (0x00000000eaf343c8) thrown at [C:\re\workspace\8-2-build-windows-amd64-cygwin\jdk8u112\7884\hotspot\src\share\vm\prims\jni.cpp, line 709]
Event: 5140.243 Thread 0x000000001da35800 Exception <a 'sun/nio/fs/WindowsException'> (0x00000000eaf34f60) thrown at [C:\re\workspace\8-2-build-windows-amd64-cygwin\jdk8u112\7884\hotspot\src\share\vm\prims\jni.cpp, line 709]
Event: 5140.243 Thread 0x000000001da35800 Exception <a 'sun/nio/fs/WindowsException'> (0x00000000eaf36b28) thrown at [C:\re\workspace\8-2-build-windows-amd64-cygwin\jdk8u112\7884\hotspot\src\share\vm\prims\jni.cpp, line 709]
Event: 5140.243 Thread 0x000000001da35800 Exception <a 'sun/nio/fs/WindowsException'> (0x00000000eaf37700) thrown at [C:\re\workspace\8-2-build-windows-amd64-cygwin\jdk8u112\7884\hotspot\src\share\vm\prims\jni.cpp, line 709]
Event: 5140.243 Thread 0x000000001da35800 Exception <a 'sun/nio/fs/WindowsException'> (0x00000000eaf3a170) thrown at [C:\re\workspace\8-2-build-windows-amd64-cygwin\jdk8u112\7884\hotspot\src\share\vm\prims\jni.cpp, line 709]
Event: 5140.243 Thread 0x000000001da35800 Exception <a 'sun/nio/fs/WindowsException'> (0x00000000eaf3ad78) thrown at [C:\re\workspace\8-2-build-windows-amd64-cygwin\jdk8u112\7884\hotspot\src\share\vm\prims\jni.cpp, line 709]
Event: 5140.243 Thread 0x000000001da35800 Exception <a 'sun/nio/fs/WindowsException'> (0x00000000eaf3c9b8) thrown at [C:\re\workspace\8-2-build-windows-amd64-cygwin\jdk8u112\7884\hotspot\src\share\vm\prims\jni.cpp, line 709]
Event: 5140.243 Thread 0x000000001da35800 Exception <a 'sun/nio/fs/WindowsException'> (0x00000000eaf3d600) thrown at [C:\re\workspace\8-2-build-windows-amd64-cygwin\jdk8u112\7884\hotspot\src\share\vm\prims\jni.cpp, line 709]

Events (10 events):
Event: 5139.868 Thread 0x000000001513a800 flushing nmethod 0x0000000003bd6810
Event: 5139.868 Thread 0x000000001513a800 flushing nmethod 0x0000000003bd7c50
Event: 5139.868 Thread 0x000000001513a800 flushing nmethod 0x0000000003beb610
Event: 5139.868 Thread 0x000000001513a800 flushing nmethod 0x0000000003bef490
Event: 5139.868 Thread 0x000000001513a800 flushing nmethod 0x0000000003bf4f50
Event: 5139.868 Thread 0x000000001513a800 flushing nmethod 0x0000000003bf6f50
Event: 5139.871 Thread 0x000000001513a800 flushing nmethod 0x0000000003caf810
Event: 5139.873 Thread 0x0000000015130800 flushing nmethod 0x0000000003ef4090
Event: 5139.878 Thread 0x000000001513a800 flushing nmethod 0x0000000004323c90
Event: 5139.879 Thread 0x000000001513a800 flushing nmethod 0x0000000004538910


Dynamic libraries:
0x00007ff6ce980000 - 0x00007ff6ce9b7000 	C:\Program Files\Java\jdk1.8.0_112\bin\java.exe
0x00007ffd48d80000 - 0x00007ffd48f61000 	C:\WINDOWS\SYSTEM32\ntdll.dll
0x00007ffd46540000 - 0x00007ffd465f2000 	C:\WINDOWS\System32\KERNEL32.DLL
0x00007ffd45500000 - 0x00007ffd45773000 	C:\WINDOWS\System32\KERNELBASE.dll
0x00007ffd48910000 - 0x00007ffd489b1000 	C:\WINDOWS\System32\ADVAPI32.dll
0x00007ffd48560000 - 0x00007ffd485fe000 	C:\WINDOWS\System32\msvcrt.dll
0x00007ffd488b0000 - 0x00007ffd4890b000 	C:\WINDOWS\System32\sechost.dll
0x00007ffd46e40000 - 0x00007ffd46f64000 	C:\WINDOWS\System32\RPCRT4.dll
0x00007ffd48600000 - 0x00007ffd48790000 	C:\WINDOWS\System32\USER32.dll
0x00007ffd454e0000 - 0x00007ffd45500000 	C:\WINDOWS\System32\win32u.dll
0x00007ffd46750000 - 0x00007ffd46778000 	C:\WINDOWS\System32\GDI32.dll
0x00007ffd45150000 - 0x00007ffd452e2000 	C:\WINDOWS\System32\gdi32full.dll
0x00007ffd460f0000 - 0x00007ffd4618f000 	C:\WINDOWS\System32\msvcp_win.dll
0x00007ffd45ee0000 - 0x00007ffd45fda000 	C:\WINDOWS\System32\ucrtbase.dll
0x00007ffd37270000 - 0x00007ffd374d9000 	C:\WINDOWS\WinSxS\amd64_microsoft.windows.common-controls_6595b64144ccf1df_6.0.17134.345_none_fb429a5930656358\COMCTL32.dll
0x00007ffd46210000 - 0x00007ffd46533000 	C:\WINDOWS\System32\combase.dll
0x00007ffd46190000 - 0x00007ffd4620a000 	C:\WINDOWS\System32\bcryptPrimitives.dll
0x00007ffd46ff0000 - 0x00007ffd4701d000 	C:\WINDOWS\System32\IMM32.DLL
0x0000000056800000 - 0x00000000568d2000 	C:\Program Files\Java\jdk1.8.0_112\jre\bin\msvcr100.dll
0x0000000054280000 - 0x0000000054b1a000 	C:\Program Files\Java\jdk1.8.0_112\jre\bin\server\jvm.dll
0x00007ffd48550000 - 0x00007ffd48558000 	C:\WINDOWS\System32\PSAPI.DLL
0x00007ffd350e0000 - 0x00007ffd350e9000 	C:\WINDOWS\SYSTEM32\WSOCK32.dll
0x00007ffd43390000 - 0x00007ffd4339a000 	C:\WINDOWS\SYSTEM32\VERSION.dll
0x00007ffd484e0000 - 0x00007ffd4854c000 	C:\WINDOWS\System32\WS2_32.dll
0x00007ffd404c0000 - 0x00007ffd404e3000 	C:\WINDOWS\SYSTEM32\WINMM.dll
0x00007ffd40490000 - 0x00007ffd404ba000 	C:\WINDOWS\SYSTEM32\winmmbase.dll
0x00007ffd45780000 - 0x00007ffd457c9000 	C:\WINDOWS\System32\cfgmgr32.dll
0x00000000567f0000 - 0x00000000567ff000 	C:\Program Files\Java\jdk1.8.0_112\jre\bin\verify.dll
0x00000000567c0000 - 0x00000000567e9000 	C:\Program Files\Java\jdk1.8.0_112\jre\bin\java.dll
0x00000000567a0000 - 0x00000000567b6000 	C:\Program Files\Java\jdk1.8.0_112\jre\bin\zip.dll
0x00007ffd47020000 - 0x00007ffd4845f000 	C:\WINDOWS\System32\SHELL32.dll
0x00007ffd489c0000 - 0x00007ffd48a69000 	C:\WINDOWS\System32\shcore.dll
0x00007ffd457d0000 - 0x00007ffd45edd000 	C:\WINDOWS\System32\windows.storage.dll
0x00007ffd46600000 - 0x00007ffd46651000 	C:\WINDOWS\System32\shlwapi.dll
0x00007ffd45130000 - 0x00007ffd45141000 	C:\WINDOWS\System32\kernel.appcore.dll
0x00007ffd45110000 - 0x00007ffd4512f000 	C:\WINDOWS\System32\profapi.dll
0x00007ffd450a0000 - 0x00007ffd450ec000 	C:\WINDOWS\System32\powrprof.dll
0x00007ffd45090000 - 0x00007ffd4509a000 	C:\WINDOWS\System32\FLTLIB.DLL
0x0000000056780000 - 0x000000005679a000 	C:\Program Files\Java\jdk1.8.0_112\jre\bin\net.dll
0x00007ffd44910000 - 0x00007ffd44976000 	C:\WINDOWS\system32\mswsock.dll
0x0000000056760000 - 0x0000000056771000 	C:\Program Files\Java\jdk1.8.0_112\jre\bin\nio.dll
0x00007ffd35d30000 - 0x00007ffd35d4e000 	C:\Users\dcsb\.gradle\native\25\windows-amd64\native-platform.dll
0x0000000056750000 - 0x000000005675d000 	C:\Program Files\Java\jdk1.8.0_112\jre\bin\management.dll
0x00007ffd44ad0000 - 0x00007ffd44ae7000 	C:\WINDOWS\SYSTEM32\CRYPTSP.dll
0x00007ffd444f0000 - 0x00007ffd44523000 	C:\WINDOWS\system32\rsaenh.dll
0x00007ffd44bf0000 - 0x00007ffd44c15000 	C:\WINDOWS\SYSTEM32\bcrypt.dll
0x00007ffd44f90000 - 0x00007ffd44fb8000 	C:\WINDOWS\SYSTEM32\USERENV.dll
0x00007ffd44ac0000 - 0x00007ffd44acb000 	C:\WINDOWS\SYSTEM32\CRYPTBASE.dll
0x00007ffd44690000 - 0x00007ffd446c8000 	C:\WINDOWS\SYSTEM32\IPHLPAPI.DLL
0x00007ffd46f70000 - 0x00007ffd46f78000 	C:\WINDOWS\System32\NSI.dll
0x00007ffd3a9b0000 - 0x00007ffd3a9c6000 	C:\WINDOWS\SYSTEM32\dhcpcsvc6.DLL
0x00007ffd3cb40000 - 0x00007ffd3cb5a000 	C:\WINDOWS\SYSTEM32\dhcpcsvc.DLL
0x0000000056720000 - 0x0000000056744000 	C:\Program Files\Java\jdk1.8.0_112\jre\bin\sunec.dll
0x00007ffd446d0000 - 0x00007ffd4478e000 	C:\WINDOWS\SYSTEM32\DNSAPI.dll
0x00007ffd380c0000 - 0x00007ffd380ca000 	C:\Windows\System32\rasadhlp.dll
0x00007ffd38480000 - 0x00007ffd384f2000 	C:\WINDOWS\System32\fwpuclnt.dll
0x0000000056710000 - 0x000000005671b000 	C:\Program Files\Java\jdk1.8.0_112\jre\bin\sunmscapi.dll
0x00007ffd452f0000 - 0x00007ffd454d2000 	C:\WINDOWS\System32\CRYPT32.dll
0x00007ffd450f0000 - 0x00007ffd45102000 	C:\WINDOWS\System32\MSASN1.dll

VM Arguments:
jvm_args: -XX:+HeapDumpOnOutOfMemoryError -Xmx1024m -Dfile.encoding=windows-1252 -Duser.country=BR -Duser.language=pt -Duser.variant 
java_command: org.gradle.launcher.daemon.bootstrap.GradleDaemon 4.4
java_class_path (initial): C:\Users\dcsb\.gradle\wrapper\dists\gradle-4.4-all\9br9xq1tocpiv8o6njlyu5op1\gradle-4.4\lib\gradle-launcher-4.4.jar
Launcher Type: SUN_STANDARD

Environment Variables:
JAVA_HOME=C:\Program Files\Java\jdk1.8.0_112
CLASSPATH=D:\Projetos\react-native\luizalabs\marvelDesafio\android\\gradle\wrapper\gradle-wrapper.jar
PATH=C:\cmder\bin;C:\cmder\vendor\conemu-maximus5\ConEmu\Scripts;C:\cmder\vendor\conemu-maximus5;C:\cmder\vendor\conemu-maximus5\ConEmu;C:\Program Files (x86)\Intel\iCLS Client\;C:\ProgramData\Oracle\Java\javapath;C:\Program Files\Intel\iCLS Client\;C:\Windows\system32;C:\Windows;C:\Windows\System32\Wbem;C:\Windows\System32\WindowsPowerShell\v1.0\;C:\Program Files (x86)\NVIDIA Corporation\PhysX\Common;C:\Program Files\Microsoft SQL Server\130\Tools\Binn\;C:\Program Files\dotnet\;C:\WINDOWS\system32;C:\WINDOWS;C:\WINDOWS\System32\Wbem;C:\WINDOWS\System32\WindowsPowerShell\v1.0\;C:\Program Files\Git\cmd;C:\WINDOWS\System32\OpenSSH\;C:\Program Files\Microsoft VS Code\bin;C:\Users\dcsb\AppData\Roaming\nvm;C:\Program Files\nodejs;C:\Program Files\MongoDB\Server\4.0\bin;C:\Program Files (x86)\Intel\Intel(R) Management Engine Components\DAL;C:\Program Files\Intel\Intel(R) Management Engine Components\DAL;C:\Program Files (x86)\Intel\Intel(R) Management Engine Components\IPT;C:\Program Files\Intel\Intel(R) Management Engine Components\IPT;C:\Users\dcsb\AppData\Local\Microsoft\WindowsApps;C:\Users\dcsb\AppData\Local\Android\Sdk\platform-tools;C:\Program Files\Microsoft VS Code\bin;C:\Users\dcsb\AppData\Roaming\npm;C:\Users\dcsb\AppData\Local\Programs\Microsoft VS Code\bin;C:\Users\dcsb\AppData\Roaming\nvm;C:\Program Files\nodejs;C:\Program Files\Git\usr\bin;C:\Program Files\Git\usr\share\vim\vim74;C:\cmder\
USERNAME=dcsb
OS=Windows_NT
PROCESSOR_IDENTIFIER=Intel64 Family 6 Model 142 Stepping 9, GenuineIntel



---------------  S Y S T E M  ---------------

OS: Windows 10.0 , 64 bit Build 17134 (10.0.17134.1)

CPU:total 4 (2 cores per cpu, 2 threads per core) family 6 model 142 stepping 9, cmov, cx8, fxsr, mmx, sse, sse2, sse3, ssse3, sse4.1, sse4.2, popcnt, avx, avx2, aes, clmul, erms, 3dnowpref, lzcnt, ht, tsc, tscinvbit, bmi1, bmi2, adx

Memory: 4k page, physical 8284640k(1186064k free), swap 8284640k(4140k free)

vm_info: Java HotSpot(TM) 64-Bit Server VM (25.112-b15) for windows-amd64 JRE (1.8.0_112-b15), built on Sep 22 2016 21:31:56 by "java_re" with MS VC++ 10.0 (VS2010)

time: Tue Nov 06 00:36:27 2018
elapsed time: 5140 seconds (0d 1h 25m 40s)

