#
# There is insufficient memory for the Java Runtime Environment to continue.
# Native memory allocation (malloc) failed to allocate 1698576 bytes for Chunk::new
# Possible reasons:
#   The system is out of physical RAM or swap space
#   In 32 bit mode, the process size limit was hit
# Possible solutions:
#   Reduce memory load on the system
#   Increase physical memory or swap space
#   Check if swap backing store is full
#   Use 64 bit Java on a 64 bit OS
#   Decrease Java heap size (-Xmx/-Xms)
#   Decrease number of Java threads
#   Decrease Java thread stack sizes (-Xss)
#   Set larger code cache with -XX:ReservedCodeCacheSize=
# This output file may be truncated or incomplete.
#
#  Out of Memory Error (allocation.cpp:390), pid=9604, tid=0x0000000000002fc8
#
# JRE version: Java(TM) SE Runtime Environment (8.0_112-b15) (build 1.8.0_112-b15)
# Java VM: Java HotSpot(TM) 64-Bit Server VM (25.112-b15 mixed mode windows-amd64 compressed oops)
# Failed to write core dump. Minidumps are not enabled by default on client versions of Windows
#

---------------  T H R E A D  ---------------

Current thread (0x0000000015286000):  JavaThread "C2 CompilerThread1" daemon [_thread_in_native, id=12232, stack(0x0000000016a00000,0x0000000016b00000)]

Stack: [0x0000000016a00000,0x0000000016b00000]
[error occurred during error reporting (printing stack bounds), id 0xc0000005]

Native frames: (J=compiled Java code, j=interpreted, Vv=VM code, C=native code)


Current CompileTask:
C2: 298430 9030       4       org.gradle.internal.component.external.model.AbstractMutableModuleComponentResolveMetadata::populateConfigurationFromDescriptor (264 bytes)


---------------  P R O C E S S  ---------------

Java Threads: ( => current thread )
  0x0000000017592800 JavaThread "Task worker for ':' Thread 3" [_thread_in_native, id=8492, stack(0x0000000023c90000,0x0000000023d90000)]
  0x000000001a9e9800 JavaThread "Task worker for ':' Thread 2" [_thread_blocked, id=2492, stack(0x0000000023b90000,0x0000000023c90000)]
  0x000000001862c000 JavaThread "Task worker for ':'" [_thread_blocked, id=4796, stack(0x0000000023a90000,0x0000000023b90000)]
  0x0000000018628800 JavaThread "Cache worker for Build Output Cleanup Cache (D:\Projetos\react-native\luizalabs\marvelDesafio\android\.gradle\buildOutputCleanup)" [_thread_blocked, id=6716, stack(0x0000000023990000,0x0000000023a90000)]
  0x0000000018628000 JavaThread "Cache worker for task history cache (D:\Projetos\react-native\luizalabs\marvelDesafio\android\.gradle\4.4\taskHistory)" [_thread_blocked, id=7092, stack(0x0000000023890000,0x0000000023990000)]
  0x000000001862b000 JavaThread "Cache worker for file content cache (D:\Projetos\react-native\luizalabs\marvelDesafio\android\.gradle\4.4\fileContent)" [_thread_blocked, id=9256, stack(0x0000000023790000,0x0000000023890000)]
  0x0000000018625000 JavaThread "build operations Thread 4" [_thread_blocked, id=4856, stack(0x0000000023690000,0x0000000023790000)]
  0x0000000018629800 JavaThread "build operations Thread 3" [_thread_blocked, id=984, stack(0x0000000023590000,0x0000000023690000)]
  0x0000000018625800 JavaThread "build operations Thread 2" [_thread_blocked, id=10520, stack(0x0000000023490000,0x0000000023590000)]
  0x000000001a9f2800 JavaThread "build operations" [_thread_blocked, id=1884, stack(0x0000000023390000,0x0000000023490000)]
  0x000000001a9f0800 JavaThread "Cache worker for Artifact transforms cache (C:\Users\dcsb\.gradle\caches\transforms-1)" [_thread_blocked, id=8684, stack(0x0000000023290000,0x0000000023390000)]
  0x000000001a9f6000 JavaThread "Cache worker for file hash cache (D:\Projetos\react-native\luizalabs\marvelDesafio\android\.gradle\4.4\fileHashes)" [_thread_blocked, id=10640, stack(0x0000000023190000,0x0000000023290000)]
  0x000000001a9ef800 JavaThread "Stdin handler" [_thread_blocked, id=2664, stack(0x0000000023090000,0x0000000023190000)]
  0x000000001a9f2000 JavaThread "Asynchronous log dispatcher for DefaultDaemonConnection: socket connection from /127.0.0.1:49998 to /127.0.0.1:50081" [_thread_blocked, id=9228, stack(0x0000000022f90000,0x0000000023090000)]
  0x000000001a9f4000 JavaThread "Daemon worker Thread 2" [_thread_blocked, id=6984, stack(0x0000000022e90000,0x0000000022f90000)]
  0x000000001a9e8000 JavaThread "Cancel handler" [_thread_blocked, id=3644, stack(0x0000000022d90000,0x0000000022e90000)]
  0x000000001a9ef000 JavaThread "Handler for socket connection from /127.0.0.1:49998 to /127.0.0.1:50081" [_thread_in_native, id=1456, stack(0x0000000022c90000,0x0000000022d90000)]
  0x000000001a9ed800 JavaThread "Daemon Thread 2" [_thread_blocked, id=4444, stack(0x0000000022b90000,0x0000000022c90000)]
  0x000000001a9f1000 JavaThread "Device List Monitor" [_thread_in_native, id=2376, stack(0x0000000022790000,0x0000000022890000)]
  0x000000001a9f5000 JavaThread "Monitor" [_thread_in_native, id=10524, stack(0x0000000022290000,0x0000000022390000)]
  0x000000001a9ec000 JavaThread "Memory manager" [_thread_blocked, id=1772, stack(0x0000000020550000,0x0000000020650000)]
  0x000000001a9ea800 JavaThread "pool-1-thread-1" [_thread_blocked, id=4992, stack(0x0000000020450000,0x0000000020550000)]
  0x0000000018626800 JavaThread "File lock request listener" [_thread_in_native, id=11040, stack(0x000000001ae30000,0x000000001af30000)]
  0x000000001862a800 JavaThread "Cache worker for file hash cache (C:\Users\dcsb\.gradle\caches\4.4\fileHashes)" [_thread_blocked, id=1256, stack(0x000000001ad30000,0x000000001ae30000)]
  0x00000000181e5800 JavaThread "Daemon periodic checks" [_thread_blocked, id=612, stack(0x0000000019260000,0x0000000019360000)]
  0x00000000181d2000 JavaThread "Incoming local TCP Connector on port 49998" [_thread_in_native, id=8716, stack(0x0000000019160000,0x0000000019260000)]
  0x00000000182ca800 JavaThread "Daemon health stats" [_thread_blocked, id=10996, stack(0x0000000018b20000,0x0000000018c20000)]
  0x0000000016c28800 JavaThread "Service Thread" daemon [_thread_blocked, id=11516, stack(0x0000000017000000,0x0000000017100000)]
  0x000000001528c800 JavaThread "C1 CompilerThread2" daemon [_thread_blocked, id=9448, stack(0x0000000016b00000,0x0000000016c00000)]
=>0x0000000015286000 JavaThread "C2 CompilerThread1" daemon [_thread_in_native, id=12232, stack(0x0000000016a00000,0x0000000016b00000)]
  0x0000000015281800 JavaThread "C2 CompilerThread0" daemon [_thread_in_native, id=10480, stack(0x0000000016900000,0x0000000016a00000)]
  0x0000000015280800 JavaThread "Attach Listener" daemon [_thread_blocked, id=1304, stack(0x0000000016800000,0x0000000016900000)]
  0x000000001527f800 JavaThread "Signal Dispatcher" daemon [_thread_blocked, id=11656, stack(0x0000000016700000,0x0000000016800000)]
  0x000000001526a800 JavaThread "Finalizer" daemon [_thread_blocked, id=10740, stack(0x00000000164e0000,0x00000000165e0000)]
  0x0000000015249800 JavaThread "Reference Handler" daemon [_thread_blocked, id=11728, stack(0x00000000163e0000,0x00000000164e0000)]
  0x00000000010ae000 JavaThread "main" [_thread_blocked, id=8124, stack(0x0000000002970000,0x0000000002a70000)]

Other Threads:
  0x0000000015248000 VMThread [stack: 0x00000000162e0000,0x00000000163e0000] [id=9328]
  0x0000000016c3f000 WatcherThread [stack: 0x0000000017250000,0x0000000017350000] [id=1616]

VM state:not at safepoint (normal execution)

VM Mutex/Monitor currently owned by a thread:  ([mutex/lock_event])
[0x00000000010aa340] CodeCache_lock - owner thread: 0x0000000000000000

Heap:
 PSYoungGen      total 155648K, used 32543K [0x00000000eab00000, 0x00000000f5680000, 0x0000000100000000)
  eden space 135680K, 23% used [0x00000000eab00000,0x00000000ecac7e88,0x00000000f2f80000)
  from space 19968K, 0% used [0x00000000f2f80000,0x00000000f2f80000,0x00000000f4300000)
  to   space 17408K, 0% used [0x00000000f4580000,0x00000000f4580000,0x00000000f5680000)
 ParOldGen       total 206848K, used 39253K [0x00000000c0000000, 0x00000000cca00000, 0x00000000eab00000)
  object space 206848K, 18% used [0x00000000c0000000,0x00000000c2655640,0x00000000cca00000)
 Metaspace       used 59527K, capacity 62052K, committed 62256K, reserved 1103872K
  class space    used 8036K, capacity 8635K, committed 8752K, reserved 1048576K

Card table byte_map: [0x0000000011f50000,0x0000000012160000] byte_map_base: 0x0000000011950000

Marking Bits: (ParMarkBitMap*) 0x0000000054daa6d0
 Begin Bits: [0x00000000126c0000, 0x00000000136c0000)
 End Bits:   [0x00000000136c0000, 0x00000000146c0000)

Polling page: 0x00000000010b0000

CodeCache: size=245760Kb used=25448Kb max_used=25463Kb free=220311Kb
 bounds [0x0000000002b90000, 0x0000000004490000, 0x0000000011b90000]
 total_blobs=8724 nmethods=7930 adapters=704
 compilation: enabled

Compilation events (10 events):
Event: 298.253 Thread 0x000000001528c800 9144       3       org.gradle.internal.progress.DefaultBuildOperationExecutor$RunnableBuildOperationWorker::<init> (5 bytes)
Event: 298.254 Thread 0x000000001528c800 nmethod 9144 0x0000000004471190 code [0x0000000004471300, 0x0000000004471510]
Event: 298.254 Thread 0x000000001528c800 9145       3       org.gradle.internal.progress.DefaultBuildOperationExecutor$RunnableBuildOperationWorker::<init> (5 bytes)
Event: 298.254 Thread 0x0000000015281800 nmethod 9136 0x0000000004471610 code [0x00000000044717e0, 0x00000000044721d8]
Event: 298.254 Thread 0x000000001528c800 nmethod 9145 0x0000000004470dd0 code [0x0000000004470f20, 0x00000000044710d0]
Event: 298.254 Thread 0x0000000015281800 9140       4       java.util.TimSort::binarySort (223 bytes)
Event: 298.260 Thread 0x0000000015281800 nmethod 9140 0x0000000004473010 code [0x0000000004473160, 0x0000000004473658]
Event: 298.260 Thread 0x0000000015281800 9137       4       org.gradle.internal.serialize.DefaultSerializerRegistry$TaggedTypeSerializer::map (110 bytes)
Event: 298.278 Thread 0x0000000015281800 nmethod 9137 0x000000000446e390 code [0x000000000446e540, 0x000000000446eda8]
Event: 298.278 Thread 0x0000000015281800 9147       4       org.gradle.api.file.RelativePath::<init> (75 bytes)

GC Heap History (10 events):
Event: 18.013 GC heap before
{Heap before GC invocations=15 (full 2):
 PSYoungGen      total 129536K, used 127930K [0x00000000eab00000, 0x00000000f4300000, 0x0000000100000000)
  eden space 115712K, 100% used [0x00000000eab00000,0x00000000f1c00000,0x00000000f1c00000)
  from space 13824K, 88% used [0x00000000f2a80000,0x00000000f366e9b0,0x00000000f3800000)
  to   space 14848K, 0% used [0x00000000f1c00000,0x00000000f1c00000,0x00000000f2a80000)
 ParOldGen       total 97792K, used 22499K [0x00000000c0000000, 0x00000000c5f80000, 0x00000000eab00000)
  object space 97792K, 23% used [0x00000000c0000000,0x00000000c15f8c00,0x00000000c5f80000)
 Metaspace       used 54530K, capacity 56442K, committed 56752K, reserved 1097728K
  class space    used 7588K, capacity 8086K, committed 8112K, reserved 1048576K
Event: 18.035 GC heap after
Heap after GC invocations=15 (full 2):
 PSYoungGen      total 130560K, used 14834K [0x00000000eab00000, 0x00000000f5800000, 0x0000000100000000)
  eden space 115712K, 0% used [0x00000000eab00000,0x00000000eab00000,0x00000000f1c00000)
  from space 14848K, 99% used [0x00000000f1c00000,0x00000000f2a7c950,0x00000000f2a80000)
  to   space 18944K, 0% used [0x00000000f4580000,0x00000000f4580000,0x00000000f5800000)
 ParOldGen       total 97792K, used 28742K [0x00000000c0000000, 0x00000000c5f80000, 0x00000000eab00000)
  object space 97792K, 29% used [0x00000000c0000000,0x00000000c1c11938,0x00000000c5f80000)
 Metaspace       used 54530K, capacity 56442K, committed 56752K, reserved 1097728K
  class space    used 7588K, capacity 8086K, committed 8112K, reserved 1048576K
}
Event: 31.645 GC heap before
{Heap before GC invocations=16 (full 2):
 PSYoungGen      total 130560K, used 74941K [0x00000000eab00000, 0x00000000f5800000, 0x0000000100000000)
  eden space 115712K, 51% used [0x00000000eab00000,0x00000000ee5b2cc0,0x00000000f1c00000)
  from space 14848K, 99% used [0x00000000f1c00000,0x00000000f2a7c950,0x00000000f2a80000)
  to   space 18944K, 0% used [0x00000000f4580000,0x00000000f4580000,0x00000000f5800000)
 ParOldGen       total 97792K, used 28742K [0x00000000c0000000, 0x00000000c5f80000, 0x00000000eab00000)
  object space 97792K, 29% used [0x00000000c0000000,0x00000000c1c11938,0x00000000c5f80000)
 Metaspace       used 56988K, capacity 59128K, committed 59160K, reserved 1099776K
  class space    used 7847K, capacity 8337K, committed 8368K, reserved 1048576K
Event: 31.671 GC heap after
Heap after GC invocations=16 (full 2):
 PSYoungGen      total 153088K, used 15041K [0x00000000eab00000, 0x00000000f5680000, 0x0000000100000000)
  eden space 135680K, 0% used [0x00000000eab00000,0x00000000eab00000,0x00000000f2f80000)
  from space 17408K, 86% used [0x00000000f4580000,0x00000000f54305b0,0x00000000f5680000)
  to   space 19968K, 0% used [0x00000000f2f80000,0x00000000f2f80000,0x00000000f4300000)
 ParOldGen       total 97792K, used 34254K [0x00000000c0000000, 0x00000000c5f80000, 0x00000000eab00000)
  object space 97792K, 35% used [0x00000000c0000000,0x00000000c21738b0,0x00000000c5f80000)
 Metaspace       used 56988K, capacity 59128K, committed 59160K, reserved 1099776K
  class space    used 7847K, capacity 8337K, committed 8368K, reserved 1048576K
}
Event: 31.671 GC heap before
{Heap before GC invocations=17 (full 3):
 PSYoungGen      total 153088K, used 15041K [0x00000000eab00000, 0x00000000f5680000, 0x0000000100000000)
  eden space 135680K, 0% used [0x00000000eab00000,0x00000000eab00000,0x00000000f2f80000)
  from space 17408K, 86% used [0x00000000f4580000,0x00000000f54305b0,0x00000000f5680000)
  to   space 19968K, 0% used [0x00000000f2f80000,0x00000000f2f80000,0x00000000f4300000)
 ParOldGen       total 97792K, used 34254K [0x00000000c0000000, 0x00000000c5f80000, 0x00000000eab00000)
  object space 97792K, 35% used [0x00000000c0000000,0x00000000c21738b0,0x00000000c5f80000)
 Metaspace       used 56988K, capacity 59128K, committed 59160K, reserved 1099776K
  class space    used 7847K, capacity 8337K, committed 8368K, reserved 1048576K
Event: 32.185 GC heap after
Heap after GC invocations=17 (full 3):
 PSYoungGen      total 153088K, used 0K [0x00000000eab00000, 0x00000000f5680000, 0x0000000100000000)
  eden space 135680K, 0% used [0x00000000eab00000,0x00000000eab00000,0x00000000f2f80000)
  from space 17408K, 0% used [0x00000000f4580000,0x00000000f4580000,0x00000000f5680000)
  to   space 19968K, 0% used [0x00000000f2f80000,0x00000000f2f80000,0x00000000f4300000)
 ParOldGen       total 163328K, used 43920K [0x00000000c0000000, 0x00000000c9f80000, 0x00000000eab00000)
  object space 163328K, 26% used [0x00000000c0000000,0x00000000c2ae43d8,0x00000000c9f80000)
 Metaspace       used 56988K, capacity 59128K, committed 59160K, reserved 1099776K
  class space    used 7847K, capacity 8337K, committed 8368K, reserved 1048576K
}
Event: 297.486 GC heap before
{Heap before GC invocations=18 (full 3):
 PSYoungGen      total 153088K, used 40761K [0x00000000eab00000, 0x00000000f5680000, 0x0000000100000000)
  eden space 135680K, 30% used [0x00000000eab00000,0x00000000ed2ce738,0x00000000f2f80000)
  from space 17408K, 0% used [0x00000000f4580000,0x00000000f4580000,0x00000000f5680000)
  to   space 19968K, 0% used [0x00000000f2f80000,0x00000000f2f80000,0x00000000f4300000)
 ParOldGen       total 163328K, used 43920K [0x00000000c0000000, 0x00000000c9f80000, 0x00000000eab00000)
  object space 163328K, 26% used [0x00000000c0000000,0x00000000c2ae43d8,0x00000000c9f80000)
 Metaspace       used 59155K, capacity 61538K, committed 61616K, reserved 1105920K
  class space    used 8013K, capacity 8594K, committed 8624K, reserved 1048576K
Event: 297.495 GC heap after
Heap after GC invocations=18 (full 3):
 PSYoungGen      total 155648K, used 4786K [0x00000000eab00000, 0x00000000f5680000, 0x0000000100000000)
  eden space 135680K, 0% used [0x00000000eab00000,0x00000000eab00000,0x00000000f2f80000)
  from space 19968K, 23% used [0x00000000f2f80000,0x00000000f342c928,0x00000000f4300000)
  to   space 17408K, 0% used [0x00000000f4580000,0x00000000f4580000,0x00000000f5680000)
 ParOldGen       total 163328K, used 43928K [0x00000000c0000000, 0x00000000c9f80000, 0x00000000eab00000)
  object space 163328K, 26% used [0x00000000c0000000,0x00000000c2ae63d8,0x00000000c9f80000)
 Metaspace       used 59155K, capacity 61538K, committed 61616K, reserved 1105920K
  class space    used 8013K, capacity 8594K, committed 8624K, reserved 1048576K
}
Event: 297.495 GC heap before
{Heap before GC invocations=19 (full 4):
 PSYoungGen      total 155648K, used 4786K [0x00000000eab00000, 0x00000000f5680000, 0x0000000100000000)
  eden space 135680K, 0% used [0x00000000eab00000,0x00000000eab00000,0x00000000f2f80000)
  from space 19968K, 23% used [0x00000000f2f80000,0x00000000f342c928,0x00000000f4300000)
  to   space 17408K, 0% used [0x00000000f4580000,0x00000000f4580000,0x00000000f5680000)
 ParOldGen       total 163328K, used 43928K [0x00000000c0000000, 0x00000000c9f80000, 0x00000000eab00000)
  object space 163328K, 26% used [0x00000000c0000000,0x00000000c2ae63d8,0x00000000c9f80000)
 Metaspace       used 59155K, capacity 61538K, committed 61616K, reserved 1105920K
  class space    used 8013K, capacity 8594K, committed 8624K, reserved 1048576K
Event: 297.714 GC heap after
Heap after GC invocations=19 (full 4):
 PSYoungGen      total 155648K, used 0K [0x00000000eab00000, 0x00000000f5680000, 0x0000000100000000)
  eden space 135680K, 0% used [0x00000000eab00000,0x00000000eab00000,0x00000000f2f80000)
  from space 19968K, 0% used [0x00000000f2f80000,0x00000000f2f80000,0x00000000f4300000)
  to   space 17408K, 0% used [0x00000000f4580000,0x00000000f4580000,0x00000000f5680000)
 ParOldGen       total 206848K, used 39253K [0x00000000c0000000, 0x00000000cca00000, 0x00000000eab00000)
  object space 206848K, 18% used [0x00000000c0000000,0x00000000c2655640,0x00000000cca00000)
 Metaspace       used 59155K, capacity 61538K, committed 61616K, reserved 1103872K
  class space    used 8013K, capacity 8594K, committed 8624K, reserved 1048576K
}

Deoptimization events (10 events):
Event: 297.086 Thread 0x000000001a9f4000 Uncommon trap: reason=class_check action=maybe_recompile pc=0x00000000040e6b00 method=com.google.common.cache.LocalCache$LoadingValueReference.loadFuture(Ljava/lang/Object;Lcom/google/common/cache/CacheLoader;)Lcom/google/common/util/concurrent/Listenable
Event: 297.178 Thread 0x000000001a9f4000 Uncommon trap: reason=unstable_if action=reinterpret pc=0x0000000003fc86b4 method=com.google.common.collect.MapMakerInternalMap$Segment.getEntry(Ljava/lang/Object;I)Lcom/google/common/collect/MapMakerInternalMap$ReferenceEntry; @ 40
Event: 297.184 Thread 0x000000001a9f4000 Uncommon trap: reason=unstable_if action=reinterpret pc=0x0000000003fd20f8 method=com.google.common.collect.MapMakerInternalMap$Segment.drainKeyReferenceQueue()V @ 11
Event: 297.184 Thread 0x000000001a9f4000 Uncommon trap: reason=unstable_if action=reinterpret pc=0x00000000041446a0 method=com.google.common.collect.MapMakerInternalMap$Segment.put(Ljava/lang/Object;ILjava/lang/Object;Z)Ljava/lang/Object; @ 92
Event: 297.185 Thread 0x000000001a9f4000 Uncommon trap: reason=unstable_if action=reinterpret pc=0x0000000003faa8b0 method=com.google.common.collect.MapMakerInternalMap$Segment.getEntry(Ljava/lang/Object;I)Lcom/google/common/collect/MapMakerInternalMap$ReferenceEntry; @ 40
Event: 297.203 Thread 0x000000001a9f4000 Uncommon trap: reason=class_check action=maybe_recompile pc=0x00000000040e6b00 method=com.google.common.cache.LocalCache$LoadingValueReference.loadFuture(Ljava/lang/Object;Lcom/google/common/cache/CacheLoader;)Lcom/google/common/util/concurrent/Listenable
Event: 297.210 Thread 0x000000001a9f4000 Uncommon trap: reason=class_check action=maybe_recompile pc=0x00000000040e6b00 method=com.google.common.cache.LocalCache$LoadingValueReference.loadFuture(Ljava/lang/Object;Lcom/google/common/cache/CacheLoader;)Lcom/google/common/util/concurrent/Listenable
Event: 297.251 Thread 0x000000001a9f4000 Uncommon trap: reason=unstable_if action=reinterpret pc=0x00000000041374a8 method=org.apache.commons.lang.StringUtils.splitWorker(Ljava/lang/String;Ljava/lang/String;IZ)[Ljava/lang/String; @ 142
Event: 297.919 Thread 0x000000001862c000 Uncommon trap: reason=unstable_if action=reinterpret pc=0x00000000038963b4 method=com.sun.org.apache.xerces.internal.impl.XMLEntityScanner.skipSpaces()Z @ 273
Event: 298.160 Thread 0x000000001862c000 Uncommon trap: reason=unstable_if action=reinterpret pc=0x0000000004437e2c method=java.util.concurrent.ConcurrentLinkedQueue.offer(Ljava/lang/Object;)Z @ 91

Internal exceptions (10 events):
Event: 297.357 Thread 0x000000001a9f4000 Exception <a 'sun/nio/fs/WindowsException'> (0x00000000ecabf950) thrown at [C:\re\workspace\8-2-build-windows-amd64-cygwin\jdk8u112\7884\hotspot\src\share\vm\prims\jni.cpp, line 709]
Event: 297.359 Thread 0x000000001a9f4000 Exception <a 'sun/nio/fs/WindowsException'> (0x00000000ecac2b48) thrown at [C:\re\workspace\8-2-build-windows-amd64-cygwin\jdk8u112\7884\hotspot\src\share\vm\prims\jni.cpp, line 709]
Event: 297.359 Thread 0x000000001a9f4000 Exception <a 'sun/nio/fs/WindowsException'> (0x00000000ecac37e0) thrown at [C:\re\workspace\8-2-build-windows-amd64-cygwin\jdk8u112\7884\hotspot\src\share\vm\prims\jni.cpp, line 709]
Event: 297.359 Thread 0x000000001a9f4000 Exception <a 'sun/nio/fs/WindowsException'> (0x00000000ecac54c0) thrown at [C:\re\workspace\8-2-build-windows-amd64-cygwin\jdk8u112\7884\hotspot\src\share\vm\prims\jni.cpp, line 709]
Event: 297.359 Thread 0x000000001a9f4000 Exception <a 'sun/nio/fs/WindowsException'> (0x00000000ecac6190) thrown at [C:\re\workspace\8-2-build-windows-amd64-cygwin\jdk8u112\7884\hotspot\src\share\vm\prims\jni.cpp, line 709]
Event: 297.360 Thread 0x000000001a9f4000 Exception <a 'sun/nio/fs/WindowsException'> (0x00000000ecac8fd0) thrown at [C:\re\workspace\8-2-build-windows-amd64-cygwin\jdk8u112\7884\hotspot\src\share\vm\prims\jni.cpp, line 709]
Event: 297.361 Thread 0x000000001a9f4000 Exception <a 'sun/nio/fs/WindowsException'> (0x00000000ecac9cd0) thrown at [C:\re\workspace\8-2-build-windows-amd64-cygwin\jdk8u112\7884\hotspot\src\share\vm\prims\jni.cpp, line 709]
Event: 297.361 Thread 0x000000001a9f4000 Exception <a 'sun/nio/fs/WindowsException'> (0x00000000ecacba00) thrown at [C:\re\workspace\8-2-build-windows-amd64-cygwin\jdk8u112\7884\hotspot\src\share\vm\prims\jni.cpp, line 709]
Event: 297.361 Thread 0x000000001a9f4000 Exception <a 'sun/nio/fs/WindowsException'> (0x00000000ecacc740) thrown at [C:\re\workspace\8-2-build-windows-amd64-cygwin\jdk8u112\7884\hotspot\src\share\vm\prims\jni.cpp, line 709]
Event: 297.758 Thread 0x000000001a9f4000 Exception <a 'sun/nio/fs/WindowsException'> (0x00000000eaf3e948) thrown at [C:\re\workspace\8-2-build-windows-amd64-cygwin\jdk8u112\7884\hotspot\src\share\vm\prims\jni.cpp, line 709]

Events (10 events):
Event: 298.129 Thread 0x000000001862c000 DEOPT UNPACKING pc=0x0000000002bd787f sp=0x0000000023b8c800 mode 0
Event: 298.160 Thread 0x000000001862c000 Uncommon trap: trap_request=0xffffff65 fr.pc=0x0000000004437e2c
Event: 298.160 Thread 0x000000001862c000 DEOPT PACKING pc=0x0000000004437e2c sp=0x0000000023b8c3e0
Event: 298.160 Thread 0x000000001862c000 DEOPT UNPACKING pc=0x0000000002bd582a sp=0x0000000023b8c228 mode 2
Event: 298.222 Executing VM operation: RevokeBias
Event: 298.222 Executing VM operation: RevokeBias done
Event: 298.223 Executing VM operation: RevokeBias
Event: 298.223 Executing VM operation: RevokeBias done
Event: 298.223 Executing VM operation: RevokeBias
Event: 298.223 Executing VM operation: RevokeBias done


Dynamic libraries:
0x00007ff7a1700000 - 0x00007ff7a1737000 	C:\Program Files\Java\jdk1.8.0_112\bin\java.exe
0x00007ffd48d80000 - 0x00007ffd48f61000 	C:\WINDOWS\SYSTEM32\ntdll.dll
0x00007ffd46540000 - 0x00007ffd465f2000 	C:\WINDOWS\System32\KERNEL32.DLL
0x00007ffd45500000 - 0x00007ffd45773000 	C:\WINDOWS\System32\KERNELBASE.dll
0x00007ffd48910000 - 0x00007ffd489b1000 	C:\WINDOWS\System32\ADVAPI32.dll
0x00007ffd48560000 - 0x00007ffd485fe000 	C:\WINDOWS\System32\msvcrt.dll
0x00007ffd488b0000 - 0x00007ffd4890b000 	C:\WINDOWS\System32\sechost.dll
0x00007ffd46e40000 - 0x00007ffd46f64000 	C:\WINDOWS\System32\RPCRT4.dll
0x00007ffd48600000 - 0x00007ffd48790000 	C:\WINDOWS\System32\USER32.dll
0x00007ffd454e0000 - 0x00007ffd45500000 	C:\WINDOWS\System32\win32u.dll
0x00007ffd46750000 - 0x00007ffd46778000 	C:\WINDOWS\System32\GDI32.dll
0x00007ffd45150000 - 0x00007ffd452e2000 	C:\WINDOWS\System32\gdi32full.dll
0x00007ffd460f0000 - 0x00007ffd4618f000 	C:\WINDOWS\System32\msvcp_win.dll
0x00007ffd45ee0000 - 0x00007ffd45fda000 	C:\WINDOWS\System32\ucrtbase.dll
0x00007ffd37270000 - 0x00007ffd374d9000 	C:\WINDOWS\WinSxS\amd64_microsoft.windows.common-controls_6595b64144ccf1df_6.0.17134.345_none_fb429a5930656358\COMCTL32.dll
0x00007ffd46210000 - 0x00007ffd46533000 	C:\WINDOWS\System32\combase.dll
0x00007ffd46190000 - 0x00007ffd4620a000 	C:\WINDOWS\System32\bcryptPrimitives.dll
0x00007ffd46ff0000 - 0x00007ffd4701d000 	C:\WINDOWS\System32\IMM32.DLL
0x0000000054e30000 - 0x0000000054f02000 	C:\Program Files\Java\jdk1.8.0_112\jre\bin\msvcr100.dll
0x0000000054590000 - 0x0000000054e2a000 	C:\Program Files\Java\jdk1.8.0_112\jre\bin\server\jvm.dll
0x00007ffd48550000 - 0x00007ffd48558000 	C:\WINDOWS\System32\PSAPI.DLL
0x00007ffd350e0000 - 0x00007ffd350e9000 	C:\WINDOWS\SYSTEM32\WSOCK32.dll
0x00007ffd43390000 - 0x00007ffd4339a000 	C:\WINDOWS\SYSTEM32\VERSION.dll
0x00007ffd404c0000 - 0x00007ffd404e3000 	C:\WINDOWS\SYSTEM32\WINMM.dll
0x00007ffd484e0000 - 0x00007ffd4854c000 	C:\WINDOWS\System32\WS2_32.dll
0x00007ffd40490000 - 0x00007ffd404ba000 	C:\WINDOWS\SYSTEM32\winmmbase.dll
0x00007ffd45780000 - 0x00007ffd457c9000 	C:\WINDOWS\System32\cfgmgr32.dll
0x0000000054580000 - 0x000000005458f000 	C:\Program Files\Java\jdk1.8.0_112\jre\bin\verify.dll
0x0000000054550000 - 0x0000000054579000 	C:\Program Files\Java\jdk1.8.0_112\jre\bin\java.dll
0x0000000054530000 - 0x0000000054546000 	C:\Program Files\Java\jdk1.8.0_112\jre\bin\zip.dll
0x00007ffd47020000 - 0x00007ffd4845f000 	C:\WINDOWS\System32\SHELL32.dll
0x00007ffd489c0000 - 0x00007ffd48a69000 	C:\WINDOWS\System32\shcore.dll
0x00007ffd457d0000 - 0x00007ffd45edd000 	C:\WINDOWS\System32\windows.storage.dll
0x00007ffd46600000 - 0x00007ffd46651000 	C:\WINDOWS\System32\shlwapi.dll
0x00007ffd45130000 - 0x00007ffd45141000 	C:\WINDOWS\System32\kernel.appcore.dll
0x00007ffd45110000 - 0x00007ffd4512f000 	C:\WINDOWS\System32\profapi.dll
0x00007ffd450a0000 - 0x00007ffd450ec000 	C:\WINDOWS\System32\powrprof.dll
0x00007ffd45090000 - 0x00007ffd4509a000 	C:\WINDOWS\System32\FLTLIB.DLL
0x0000000054510000 - 0x000000005452a000 	C:\Program Files\Java\jdk1.8.0_112\jre\bin\net.dll
0x00007ffd44910000 - 0x00007ffd44976000 	C:\WINDOWS\system32\mswsock.dll
0x00000000544f0000 - 0x0000000054501000 	C:\Program Files\Java\jdk1.8.0_112\jre\bin\nio.dll
0x00007ffd40110000 - 0x00007ffd4012e000 	C:\Users\dcsb\.gradle\native\25\windows-amd64\native-platform.dll
0x00000000544e0000 - 0x00000000544ed000 	C:\Program Files\Java\jdk1.8.0_112\jre\bin\management.dll
0x00007ffd44ad0000 - 0x00007ffd44ae7000 	C:\WINDOWS\SYSTEM32\CRYPTSP.dll
0x00007ffd444f0000 - 0x00007ffd44523000 	C:\WINDOWS\system32\rsaenh.dll
0x00007ffd44bf0000 - 0x00007ffd44c15000 	C:\WINDOWS\SYSTEM32\bcrypt.dll
0x00007ffd44f90000 - 0x00007ffd44fb8000 	C:\WINDOWS\SYSTEM32\USERENV.dll
0x00007ffd44ac0000 - 0x00007ffd44acb000 	C:\WINDOWS\SYSTEM32\CRYPTBASE.dll
0x00007ffd44690000 - 0x00007ffd446c8000 	C:\WINDOWS\SYSTEM32\IPHLPAPI.DLL
0x00007ffd46f70000 - 0x00007ffd46f78000 	C:\WINDOWS\System32\NSI.dll
0x00007ffd3a9b0000 - 0x00007ffd3a9c6000 	C:\WINDOWS\SYSTEM32\dhcpcsvc6.DLL
0x00007ffd3cb40000 - 0x00007ffd3cb5a000 	C:\WINDOWS\SYSTEM32\dhcpcsvc.DLL

VM Arguments:
jvm_args: -XX:+HeapDumpOnOutOfMemoryError -Xmx1024m -Dfile.encoding=windows-1252 -Duser.country=BR -Duser.language=pt -Duser.variant 
java_command: org.gradle.launcher.daemon.bootstrap.GradleDaemon 4.4
java_class_path (initial): C:\Users\dcsb\.gradle\wrapper\dists\gradle-4.4-all\9br9xq1tocpiv8o6njlyu5op1\gradle-4.4\lib\gradle-launcher-4.4.jar
Launcher Type: SUN_STANDARD

Environment Variables:
JAVA_HOME=C:\Program Files\Java\jdk1.8.0_112
CLASSPATH=D:\Projetos\react-native\luizalabs\marvelDesafio\android\\gradle\wrapper\gradle-wrapper.jar
PATH=C:\cmder\bin;C:\cmder\vendor\conemu-maximus5\ConEmu\Scripts;C:\cmder\vendor\conemu-maximus5;C:\cmder\vendor\conemu-maximus5\ConEmu;C:\Program Files (x86)\Intel\iCLS Client\;C:\ProgramData\Oracle\Java\javapath;C:\Program Files\Intel\iCLS Client\;C:\Windows\system32;C:\Windows;C:\Windows\System32\Wbem;C:\Windows\System32\WindowsPowerShell\v1.0\;C:\Program Files (x86)\NVIDIA Corporation\PhysX\Common;C:\Program Files\Microsoft SQL Server\130\Tools\Binn\;C:\Program Files\dotnet\;C:\WINDOWS\system32;C:\WINDOWS;C:\WINDOWS\System32\Wbem;C:\WINDOWS\System32\WindowsPowerShell\v1.0\;C:\Program Files\Git\cmd;C:\WINDOWS\System32\OpenSSH\;C:\Program Files\Microsoft VS Code\bin;C:\Users\dcsb\AppData\Roaming\nvm;C:\Program Files\nodejs;C:\Program Files\MongoDB\Server\4.0\bin;C:\Program Files (x86)\Intel\Intel(R) Management Engine Components\DAL;C:\Program Files\Intel\Intel(R) Management Engine Components\DAL;C:\Program Files (x86)\Intel\Intel(R) Management Engine Components\IPT;C:\Program Files\Intel\Intel(R) Management Engine Components\IPT;C:\Users\dcsb\AppData\Local\Microsoft\WindowsApps;C:\Users\dcsb\AppData\Local\Android\Sdk\platform-tools;C:\Program Files\Microsoft VS Code\bin;C:\Users\dcsb\AppData\Roaming\npm;C:\Users\dcsb\AppData\Local\Programs\Microsoft VS Code\bin;C:\Users\dcsb\AppData\Roaming\nvm;C:\Program Files\nodejs;C:\Program Files\Git\usr\bin;C:\Program Files\Git\usr\share\vim\vim74;C:\cmder\
USERNAME=dcsb
OS=Windows_NT
PROCESSOR_IDENTIFIER=Intel64 Family 6 Model 142 Stepping 9, GenuineIntel



---------------  S Y S T E M  ---------------

OS: Windows 10.0 , 64 bit Build 17134 (10.0.17134.1)

CPU:total 4 (2 cores per cpu, 2 threads per core) family 6 model 142 stepping 9, cmov, cx8, fxsr, mmx, sse, sse2, sse3, ssse3, sse4.1, sse4.2, popcnt, avx, avx2, aes, clmul, erms, 3dnowpref, lzcnt, ht, tsc, tscinvbit, bmi1, bmi2, adx

Memory: 4k page, physical 8284640k(2518720k free), swap 8284640k(5208k free)

vm_info: Java HotSpot(TM) 64-Bit Server VM (25.112-b15) for windows-amd64 JRE (1.8.0_112-b15), built on Sep 22 2016 21:31:56 by "java_re" with MS VC++ 10.0 (VS2010)

time: Sun Nov 04 19:52:08 2018
elapsed time: 298 seconds (0d 0h 4m 58s)

