#
# There is insufficient memory for the Java Runtime Environment to continue.
# Native memory allocation (malloc) failed to allocate 758816 bytes for Chunk::new
# Possible reasons:
#   The system is out of physical RAM or swap space
#   In 32 bit mode, the process size limit was hit
# Possible solutions:
#   Reduce memory load on the system
#   Increase physical memory or swap space
#   Check if swap backing store is full
#   Use 64 bit Java on a 64 bit OS
#   Decrease Java heap size (-Xmx/-Xms)
#   Decrease number of Java threads
#   Decrease Java thread stack sizes (-Xss)
#   Set larger code cache with -XX:ReservedCodeCacheSize=
# This output file may be truncated or incomplete.
#
#  Out of Memory Error (allocation.cpp:390), pid=3692, tid=0x00000000000007bc
#
# JRE version: Java(TM) SE Runtime Environment (8.0_112-b15) (build 1.8.0_112-b15)
# Java VM: Java HotSpot(TM) 64-Bit Server VM (25.112-b15 mixed mode windows-amd64 compressed oops)
# Failed to write core dump. Minidumps are not enabled by default on client versions of Windows
#

---------------  T H R E A D  ---------------

Current thread (0x0000000014ba1000):  JavaThread "C2 CompilerThread0" daemon [_thread_in_native, id=1980, stack(0x0000000016220000,0x0000000016320000)]

Stack: [0x0000000016220000,0x0000000016320000]
[error occurred during error reporting (printing stack bounds), id 0xc0000005]

Native frames: (J=compiled Java code, j=interpreted, Vv=VM code, C=native code)


Current CompileTask:
C2:29088696 12994       4       org.gradle.api.internal.artifacts.ivyservice.resolveengine.artifact.ArtifactBackedResolvedVariant$SingleArtifactSet::visit (35 bytes)


---------------  P R O C E S S  ---------------

Java Threads: ( => current thread )
  0x000000001c150000 JavaThread "Task worker for ':' Thread 3" [_thread_blocked, id=10448, stack(0x000000002bea0000,0x000000002bfa0000)]
  0x000000001c14f000 JavaThread "Task worker for ':' Thread 2" [_thread_in_native, id=3744, stack(0x000000002bda0000,0x000000002bea0000)]
  0x000000001c150800 JavaThread "Task worker for ':'" [_thread_blocked, id=11052, stack(0x000000002bca0000,0x000000002bda0000)]
  0x000000001c149000 JavaThread "Cache worker for Build Output Cleanup Cache (D:\Projetos\react-native\luizalabs\marvelDesafio\android\.gradle\buildOutputCleanup)" [_thread_blocked, id=336, stack(0x000000002bba0000,0x000000002bca0000)]
  0x000000001c14c000 JavaThread "Cache worker for task history cache (D:\Projetos\react-native\luizalabs\marvelDesafio\android\.gradle\4.4\taskHistory)" [_thread_blocked, id=9244, stack(0x000000002baa0000,0x000000002bba0000)]
  0x000000001a559800 JavaThread "Cache worker for file content cache (D:\Projetos\react-native\luizalabs\marvelDesafio\android\.gradle\4.4\fileContent)" [_thread_blocked, id=11168, stack(0x000000002b9a0000,0x000000002baa0000)]
  0x000000001a55b000 JavaThread "build operations Thread 4" [_thread_blocked, id=6800, stack(0x000000002b8a0000,0x000000002b9a0000)]
  0x000000001a55d800 JavaThread "build operations Thread 3" [_thread_blocked, id=11196, stack(0x000000002b7a0000,0x000000002b8a0000)]
  0x000000001a559000 JavaThread "build operations Thread 2" [_thread_blocked, id=2168, stack(0x000000002b6a0000,0x000000002b7a0000)]
  0x000000001a55c800 JavaThread "build operations" [_thread_blocked, id=1108, stack(0x000000002b5a0000,0x000000002b6a0000)]
  0x000000001a556800 JavaThread "Cache worker for Artifact transforms cache (C:\Users\dcsb\.gradle\caches\transforms-1)" [_thread_blocked, id=6852, stack(0x000000002b4a0000,0x000000002b5a0000)]
  0x000000001a55a800 JavaThread "Cache worker for file hash cache (D:\Projetos\react-native\luizalabs\marvelDesafio\android\.gradle\4.4\fileHashes)" [_thread_blocked, id=4480, stack(0x000000002b3a0000,0x000000002b4a0000)]
  0x000000001a54f000 JavaThread "Stdin handler" [_thread_blocked, id=2756, stack(0x000000002b2a0000,0x000000002b3a0000)]
  0x000000001a553800 JavaThread "Asynchronous log dispatcher for DefaultDaemonConnection: socket connection from /127.0.0.1:62324 to /127.0.0.1:53548" [_thread_blocked, id=3100, stack(0x000000002b1a0000,0x000000002b2a0000)]
  0x000000001a54e800 JavaThread "Daemon worker Thread 9" [_thread_blocked, id=11180, stack(0x000000002b0a0000,0x000000002b1a0000)]
  0x000000001a553000 JavaThread "Cancel handler" [_thread_blocked, id=11608, stack(0x000000002afa0000,0x000000002b0a0000)]
  0x000000001a551800 JavaThread "Handler for socket connection from /127.0.0.1:62324 to /127.0.0.1:53548" [_thread_in_native, id=7648, stack(0x000000002aea0000,0x000000002afa0000)]
  0x000000001a554800 JavaThread "Daemon Thread 9" [_thread_blocked, id=8100, stack(0x000000002ada0000,0x000000002aea0000)]
  0x000000001a558000 JavaThread "Device List Monitor" [_thread_in_native, id=9784, stack(0x00000000220a0000,0x00000000221a0000)]
  0x000000001a557800 JavaThread "Monitor" [_thread_in_native, id=6632, stack(0x0000000021ca0000,0x0000000021da0000)]
  0x000000001a556000 JavaThread "Memory manager" [_thread_blocked, id=4024, stack(0x0000000020450000,0x0000000020550000)]
  0x000000001a550000 JavaThread "pool-1-thread-1" [_thread_blocked, id=7828, stack(0x000000001ff40000,0x0000000020040000)]
  0x000000001807a800 JavaThread "File lock request listener" [_thread_in_native, id=10048, stack(0x0000000019780000,0x0000000019880000)]
  0x0000000018080000 JavaThread "Cache worker for file hash cache (C:\Users\dcsb\.gradle\caches\4.4\fileHashes)" [_thread_blocked, id=4880, stack(0x0000000019680000,0x0000000019780000)]
  0x0000000017b8f000 JavaThread "Daemon periodic checks" [_thread_blocked, id=5644, stack(0x0000000018b80000,0x0000000018c80000)]
  0x0000000017b8d800 JavaThread "Incoming local TCP Connector on port 62324" [_thread_in_native, id=12284, stack(0x0000000018a80000,0x0000000018b80000)]
  0x0000000017a64000 JavaThread "Daemon health stats" [_thread_blocked, id=8660, stack(0x0000000018440000,0x0000000018540000)]
  0x0000000016550800 JavaThread "Service Thread" daemon [_thread_blocked, id=4964, stack(0x0000000016920000,0x0000000016a20000)]
  0x0000000014bab800 JavaThread "C1 CompilerThread2" daemon [_thread_blocked, id=7872, stack(0x0000000016420000,0x0000000016520000)]
  0x0000000014ba5000 JavaThread "C2 CompilerThread1" daemon [_thread_blocked, id=11760, stack(0x0000000016320000,0x0000000016420000)]
=>0x0000000014ba1000 JavaThread "C2 CompilerThread0" daemon [_thread_in_native, id=1980, stack(0x0000000016220000,0x0000000016320000)]
  0x0000000014b9f800 JavaThread "Attach Listener" daemon [_thread_blocked, id=5572, stack(0x0000000016120000,0x0000000016220000)]
  0x0000000014b9e800 JavaThread "Signal Dispatcher" daemon [_thread_blocked, id=3900, stack(0x0000000016020000,0x0000000016120000)]
  0x0000000014b8a800 JavaThread "Finalizer" daemon [_thread_blocked, id=12264, stack(0x0000000015e10000,0x0000000015f10000)]
  0x00000000024c1800 JavaThread "Reference Handler" daemon [_thread_blocked, id=5524, stack(0x0000000015d10000,0x0000000015e10000)]
  0x000000000238e000 JavaThread "main" [_thread_blocked, id=4788, stack(0x0000000002230000,0x0000000002330000)]

Other Threads:
  0x0000000014b67000 VMThread [stack: 0x0000000015c10000,0x0000000015d10000] [id=2908]
  0x0000000016555800 WatcherThread [stack: 0x0000000016b70000,0x0000000016c70000] [id=8656]

VM state:not at safepoint (normal execution)

VM Mutex/Monitor currently owned by a thread: None

Heap:
 PSYoungGen      total 140288K, used 53084K [0x00000000eab00000, 0x00000000f4e00000, 0x0000000100000000)
  eden space 131072K, 39% used [0x00000000eab00000,0x00000000edd4f038,0x00000000f2b00000)
  from space 9216K, 17% used [0x00000000f4500000,0x00000000f4688000,0x00000000f4e00000)
  to   space 17920K, 0% used [0x00000000f2b00000,0x00000000f2b00000,0x00000000f3c80000)
 ParOldGen       total 150528K, used 40970K [0x00000000c0000000, 0x00000000c9300000, 0x00000000eab00000)
  object space 150528K, 27% used [0x00000000c0000000,0x00000000c2802a40,0x00000000c9300000)
 Metaspace       used 62751K, capacity 67148K, committed 67376K, reserved 1107968K
  class space    used 8369K, capacity 9197K, committed 9264K, reserved 1048576K

Card table byte_map: [0x0000000011890000,0x0000000011aa0000] byte_map_base: 0x0000000011290000

Marking Bits: (ParMarkBitMap*) 0x00000000510fa6d0
 Begin Bits: [0x0000000012000000, 0x0000000013000000)
 End Bits:   [0x0000000013000000, 0x0000000014000000)

Polling page: 0x00000000005f0000

CodeCache: size=245760Kb used=36536Kb max_used=36550Kb free=209223Kb
 bounds [0x00000000024d0000, 0x00000000048c0000, 0x00000000114d0000]
 total_blobs=11632 nmethods=10839 adapters=704
 compilation: enabled

Compilation events (10 events):
Event: 29083.785 Thread 0x0000000014ba5000 13014       4       org.gradle.api.internal.artifacts.transform.DefaultArtifactTransforms$ConsumerProvidedResolvedVariant::startVisit (59 bytes)
Event: 29083.789 Thread 0x0000000014ba5000 nmethod 13014 0x00000000048ae1d0 code [0x00000000048ae340, 0x00000000048ae688]
Event: 29083.789 Thread 0x0000000014ba5000 13015   !   4       org.gradle.api.internal.artifacts.transform.DefaultArtifactTransforms$TransformArtifactOperation::run (35 bytes)
Event: 29083.796 Thread 0x0000000014bab800 13016       3       com.android.build.gradle.internal.tasks.TaskInputHelper$BypassFileSupplier::get (5 bytes)
Event: 29083.797 Thread 0x0000000014bab800 nmethod 13016 0x00000000048ad6d0 code [0x00000000048ad880, 0x00000000048adf88]
Event: 29083.804 Thread 0x0000000014bab800 13017       3       org.gradle.api.internal.file.collections.DirectoryFileTree::visit (13 bytes)
Event: 29083.804 Thread 0x0000000014bab800 nmethod 13017 0x0000000004874110 code [0x0000000004874280, 0x0000000004874428]
Event: 29083.815 Thread 0x0000000014ba5000 nmethod 13015 0x00000000048b0f90 code [0x00000000048b11a0, 0x00000000048b2148]
Event: 29083.843 Thread 0x0000000014ba5000 13018       4       org.gradle.api.internal.changedetection.state.DirectoryFileSnapshot::getContent (4 bytes)
Event: 29083.843 Thread 0x0000000014ba5000 nmethod 13018 0x00000000047e2e90 code [0x00000000047e2fc0, 0x00000000047e3038]

GC Heap History (10 events):
Event: 9212.416 GC heap before
{Heap before GC invocations=19 (full 3):
 PSYoungGen      total 168960K, used 153682K [0x00000000eab00000, 0x00000000f7a00000, 0x0000000100000000)
  eden space 150528K, 100% used [0x00000000eab00000,0x00000000f3e00000,0x00000000f3e00000)
  from space 18432K, 17% used [0x00000000f3e00000,0x00000000f4114a28,0x00000000f5000000)
  to   space 18944K, 0% used [0x00000000f6780000,0x00000000f6780000,0x00000000f7a00000)
 ParOldGen       total 150528K, used 40938K [0x00000000c0000000, 0x00000000c9300000, 0x00000000eab00000)
  object space 150528K, 27% used [0x00000000c0000000,0x00000000c27faa40,0x00000000c9300000)
 Metaspace       used 60654K, capacity 63584K, committed 63920K, reserved 1103872K
  class space    used 8117K, capacity 8757K, committed 8880K, reserved 1048576K
Event: 9212.436 GC heap after
Heap after GC invocations=19 (full 3):
 PSYoungGen      total 150528K, used 3920K [0x00000000eab00000, 0x00000000f6b80000, 0x0000000100000000)
  eden space 146432K, 0% used [0x00000000eab00000,0x00000000eab00000,0x00000000f3a00000)
  from space 4096K, 95% used [0x00000000f6780000,0x00000000f6b54030,0x00000000f6b80000)
  to   space 18944K, 0% used [0x00000000f4680000,0x00000000f4680000,0x00000000f5900000)
 ParOldGen       total 150528K, used 40938K [0x00000000c0000000, 0x00000000c9300000, 0x00000000eab00000)
  object space 150528K, 27% used [0x00000000c0000000,0x00000000c27faa40,0x00000000c9300000)
 Metaspace       used 60654K, capacity 63584K, committed 63920K, reserved 1103872K
  class space    used 8117K, capacity 8757K, committed 8880K, reserved 1048576K
}
Event: 13630.925 GC heap before
{Heap before GC invocations=20 (full 3):
 PSYoungGen      total 150528K, used 150352K [0x00000000eab00000, 0x00000000f6b80000, 0x0000000100000000)
  eden space 146432K, 100% used [0x00000000eab00000,0x00000000f3a00000,0x00000000f3a00000)
  from space 4096K, 95% used [0x00000000f6780000,0x00000000f6b54030,0x00000000f6b80000)
  to   space 18944K, 0% used [0x00000000f4680000,0x00000000f4680000,0x00000000f5900000)
 ParOldGen       total 150528K, used 40938K [0x00000000c0000000, 0x00000000c9300000, 0x00000000eab00000)
  object space 150528K, 27% used [0x00000000c0000000,0x00000000c27faa40,0x00000000c9300000)
 Metaspace       used 61303K, capacity 64628K, committed 64688K, reserved 1105920K
  class space    used 8186K, capacity 8877K, committed 8880K, reserved 1048576K
Event: 13630.992 GC heap after
Heap after GC invocations=20 (full 3):
 PSYoungGen      total 149504K, used 6944K [0x00000000eab00000, 0x00000000f6800000, 0x0000000100000000)
  eden space 142336K, 0% used [0x00000000eab00000,0x00000000eab00000,0x00000000f3600000)
  from space 7168K, 96% used [0x00000000f4680000,0x00000000f4d48020,0x00000000f4d80000)
  to   space 17920K, 0% used [0x00000000f5680000,0x00000000f5680000,0x00000000f6800000)
 ParOldGen       total 150528K, used 40946K [0x00000000c0000000, 0x00000000c9300000, 0x00000000eab00000)
  object space 150528K, 27% used [0x00000000c0000000,0x00000000c27fca40,0x00000000c9300000)
 Metaspace       used 61303K, capacity 64628K, committed 64688K, reserved 1105920K
  class space    used 8186K, capacity 8877K, committed 8880K, reserved 1048576K
}
Event: 17591.599 GC heap before
{Heap before GC invocations=21 (full 3):
 PSYoungGen      total 149504K, used 149280K [0x00000000eab00000, 0x00000000f6800000, 0x0000000100000000)
  eden space 142336K, 100% used [0x00000000eab00000,0x00000000f3600000,0x00000000f3600000)
  from space 7168K, 96% used [0x00000000f4680000,0x00000000f4d48020,0x00000000f4d80000)
  to   space 17920K, 0% used [0x00000000f5680000,0x00000000f5680000,0x00000000f6800000)
 ParOldGen       total 150528K, used 40946K [0x00000000c0000000, 0x00000000c9300000, 0x00000000eab00000)
  object space 150528K, 27% used [0x00000000c0000000,0x00000000c27fca40,0x00000000c9300000)
 Metaspace       used 61658K, capacity 65166K, committed 65328K, reserved 1105920K
  class space    used 8218K, capacity 8932K, committed 9008K, reserved 1048576K
Event: 17591.635 GC heap after
Heap after GC invocations=21 (full 3):
 PSYoungGen      total 139776K, used 1248K [0x00000000eab00000, 0x00000000f5800000, 0x0000000100000000)
  eden space 138240K, 0% used [0x00000000eab00000,0x00000000eab00000,0x00000000f3200000)
  from space 1536K, 81% used [0x00000000f5680000,0x00000000f57b8000,0x00000000f5800000)
  to   space 18432K, 0% used [0x00000000f3400000,0x00000000f3400000,0x00000000f4600000)
 ParOldGen       total 150528K, used 40954K [0x00000000c0000000, 0x00000000c9300000, 0x00000000eab00000)
  object space 150528K, 27% used [0x00000000c0000000,0x00000000c27fea40,0x00000000c9300000)
 Metaspace       used 61658K, capacity 65166K, committed 65328K, reserved 1105920K
  class space    used 8218K, capacity 8932K, committed 9008K, reserved 1048576K
}
Event: 23417.832 GC heap before
{Heap before GC invocations=22 (full 3):
 PSYoungGen      total 139776K, used 139488K [0x00000000eab00000, 0x00000000f5800000, 0x0000000100000000)
  eden space 138240K, 100% used [0x00000000eab00000,0x00000000f3200000,0x00000000f3200000)
  from space 1536K, 81% used [0x00000000f5680000,0x00000000f57b8000,0x00000000f5800000)
  to   space 18432K, 0% used [0x00000000f3400000,0x00000000f3400000,0x00000000f4600000)
 ParOldGen       total 150528K, used 40954K [0x00000000c0000000, 0x00000000c9300000, 0x00000000eab00000)
  object space 150528K, 27% used [0x00000000c0000000,0x00000000c27fea40,0x00000000c9300000)
 Metaspace       used 61845K, capacity 65362K, committed 65584K, reserved 1105920K
  class space    used 8220K, capacity 8932K, committed 9008K, reserved 1048576K
Event: 23417.872 GC heap after
Heap after GC invocations=22 (full 3):
 PSYoungGen      total 136192K, used 1312K [0x00000000eab00000, 0x00000000f5700000, 0x0000000100000000)
  eden space 134656K, 0% used [0x00000000eab00000,0x00000000eab00000,0x00000000f2e80000)
  from space 1536K, 85% used [0x00000000f3400000,0x00000000f3548000,0x00000000f3580000)
  to   space 18432K, 0% used [0x00000000f4500000,0x00000000f4500000,0x00000000f5700000)
 ParOldGen       total 150528K, used 40962K [0x00000000c0000000, 0x00000000c9300000, 0x00000000eab00000)
  object space 150528K, 27% used [0x00000000c0000000,0x00000000c2800a40,0x00000000c9300000)
 Metaspace       used 61845K, capacity 65362K, committed 65584K, reserved 1105920K
  class space    used 8220K, capacity 8932K, committed 9008K, reserved 1048576K
}
Event: 28831.594 GC heap before
{Heap before GC invocations=23 (full 3):
 PSYoungGen      total 136192K, used 135968K [0x00000000eab00000, 0x00000000f5700000, 0x0000000100000000)
  eden space 134656K, 100% used [0x00000000eab00000,0x00000000f2e80000,0x00000000f2e80000)
  from space 1536K, 85% used [0x00000000f3400000,0x00000000f3548000,0x00000000f3580000)
  to   space 18432K, 0% used [0x00000000f4500000,0x00000000f4500000,0x00000000f5700000)
 ParOldGen       total 150528K, used 40962K [0x00000000c0000000, 0x00000000c9300000, 0x00000000eab00000)
  object space 150528K, 27% used [0x00000000c0000000,0x00000000c2800a40,0x00000000c9300000)
 Metaspace       used 62632K, capacity 67016K, committed 67120K, reserved 1107968K
  class space    used 8368K, capacity 9197K, committed 9264K, reserved 1048576K
Event: 28831.608 GC heap after
Heap after GC invocations=23 (full 3):
 PSYoungGen      total 140288K, used 1568K [0x00000000eab00000, 0x00000000f4e00000, 0x0000000100000000)
  eden space 131072K, 0% used [0x00000000eab00000,0x00000000eab00000,0x00000000f2b00000)
  from space 9216K, 17% used [0x00000000f4500000,0x00000000f4688000,0x00000000f4e00000)
  to   space 17920K, 0% used [0x00000000f2b00000,0x00000000f2b00000,0x00000000f3c80000)
 ParOldGen       total 150528K, used 40970K [0x00000000c0000000, 0x00000000c9300000, 0x00000000eab00000)
  object space 150528K, 27% used [0x00000000c0000000,0x00000000c2802a40,0x00000000c9300000)
 Metaspace       used 62632K, capacity 67016K, committed 67120K, reserved 1107968K
  class space    used 8368K, capacity 9197K, committed 9264K, reserved 1048576K
}

Deoptimization events (10 events):
Event: 9211.672 Thread 0x000000001c14d000 Uncommon trap: reason=class_check action=maybe_recompile pc=0x0000000003cfc520 method=java.lang.reflect.Array.newInstance(Ljava/lang/Class;I)Ljava/lang/Object; @ 2
Event: 9211.677 Thread 0x000000001c14f000 Uncommon trap: reason=class_check action=maybe_recompile pc=0x0000000002a0de64 method=org.gradle.internal.logging.sink.OutputEventRenderer$4.onOutput(Lorg/gradle/internal/logging/events/OutputEvent;)V @ 11
Event: 9212.631 Thread 0x000000001c14e800 Uncommon trap: reason=array_check action=maybe_recompile pc=0x00000000040f64f4 method=java.util.TimSort.binarySort([Ljava/lang/Object;IIILjava/util/Comparator;)V @ 193
Event: 9213.059 Thread 0x000000001c153000 Uncommon trap: reason=unstable_if action=reinterpret pc=0x0000000003bd6e50 method=java.util.concurrent.locks.AbstractQueuedSynchronizer.enq(Ljava/util/concurrent/locks/AbstractQueuedSynchronizer$Node;)Ljava/util/concurrent/locks/AbstractQueuedSynchronizer
Event: 9213.119 Thread 0x000000001c153000 Uncommon trap: reason=unstable_if action=reinterpret pc=0x0000000003628888 method=java.util.concurrent.ConcurrentHashMap.addCount(JI)V @ 272
Event: 13629.471 Thread 0x000000001c150000 Uncommon trap: reason=class_check action=maybe_recompile pc=0x0000000003cfc520 method=java.lang.reflect.Array.newInstance(Ljava/lang/Class;I)Ljava/lang/Object; @ 2
Event: 13629.475 Thread 0x000000001c14d000 Uncommon trap: reason=class_check action=maybe_recompile pc=0x0000000002a0de64 method=org.gradle.internal.logging.sink.OutputEventRenderer$4.onOutput(Lorg/gradle/internal/logging/events/OutputEvent;)V @ 11
Event: 13629.686 Thread 0x000000001c14d800 Uncommon trap: reason=null_check action=make_not_entrant pc=0x0000000003880c60 method=org.gradle.api.internal.collections.CollectionFilter.filter(Ljava/lang/Object;)Ljava/lang/Object; @ 5
Event: 14707.664 Thread 0x000000001c150000 Uncommon trap: reason=class_check action=maybe_recompile pc=0x0000000003cfc520 method=java.lang.reflect.Array.newInstance(Ljava/lang/Class;I)Ljava/lang/Object; @ 2
Event: 20735.245 Thread 0x000000001c150000 Uncommon trap: reason=predicate action=maybe_recompile pc=0x000000000460c684 method=java.util.TimSort.reverseRange([Ljava/lang/Object;II)V @ 8

Internal exceptions (10 events):
Event: 29083.167 Thread 0x000000001a54e800 Exception <a 'sun/nio/fs/WindowsException'> (0x00000000ebae8f50) thrown at [C:\re\workspace\8-2-build-windows-amd64-cygwin\jdk8u112\7884\hotspot\src\share\vm\prims\jni.cpp, line 709]
Event: 29083.168 Thread 0x000000001a54e800 Exception <a 'sun/nio/fs/WindowsException'> (0x00000000ebaebe88) thrown at [C:\re\workspace\8-2-build-windows-amd64-cygwin\jdk8u112\7884\hotspot\src\share\vm\prims\jni.cpp, line 709]
Event: 29083.168 Thread 0x000000001a54e800 Exception <a 'sun/nio/fs/WindowsException'> (0x00000000ebaecb20) thrown at [C:\re\workspace\8-2-build-windows-amd64-cygwin\jdk8u112\7884\hotspot\src\share\vm\prims\jni.cpp, line 709]
Event: 29083.168 Thread 0x000000001a54e800 Exception <a 'sun/nio/fs/WindowsException'> (0x00000000ebaee800) thrown at [C:\re\workspace\8-2-build-windows-amd64-cygwin\jdk8u112\7884\hotspot\src\share\vm\prims\jni.cpp, line 709]
Event: 29083.168 Thread 0x000000001a54e800 Exception <a 'sun/nio/fs/WindowsException'> (0x00000000ebaef4d0) thrown at [C:\re\workspace\8-2-build-windows-amd64-cygwin\jdk8u112\7884\hotspot\src\share\vm\prims\jni.cpp, line 709]
Event: 29083.168 Thread 0x000000001a54e800 Exception <a 'sun/nio/fs/WindowsException'> (0x00000000ebaf2098) thrown at [C:\re\workspace\8-2-build-windows-amd64-cygwin\jdk8u112\7884\hotspot\src\share\vm\prims\jni.cpp, line 709]
Event: 29083.168 Thread 0x000000001a54e800 Exception <a 'sun/nio/fs/WindowsException'> (0x00000000ebaf2d98) thrown at [C:\re\workspace\8-2-build-windows-amd64-cygwin\jdk8u112\7884\hotspot\src\share\vm\prims\jni.cpp, line 709]
Event: 29083.168 Thread 0x000000001a54e800 Exception <a 'sun/nio/fs/WindowsException'> (0x00000000ebaf4ac8) thrown at [C:\re\workspace\8-2-build-windows-amd64-cygwin\jdk8u112\7884\hotspot\src\share\vm\prims\jni.cpp, line 709]
Event: 29083.168 Thread 0x000000001a54e800 Exception <a 'sun/nio/fs/WindowsException'> (0x00000000ebaf5808) thrown at [C:\re\workspace\8-2-build-windows-amd64-cygwin\jdk8u112\7884\hotspot\src\share\vm\prims\jni.cpp, line 709]
Event: 29083.317 Thread 0x000000001a54e800 Exception <a 'sun/nio/fs/WindowsException'> (0x00000000ec536d90) thrown at [C:\re\workspace\8-2-build-windows-amd64-cygwin\jdk8u112\7884\hotspot\src\share\vm\prims\jni.cpp, line 709]

Events (10 events):
Event: 29083.755 Executing VM operation: RevokeBias
Event: 29083.755 Executing VM operation: RevokeBias done
Event: 29083.765 Executing VM operation: RevokeBias
Event: 29083.766 Executing VM operation: RevokeBias done
Event: 29083.766 Executing VM operation: RevokeBias
Event: 29083.766 Executing VM operation: RevokeBias done
Event: 29083.776 Executing VM operation: RevokeBias
Event: 29083.776 Executing VM operation: RevokeBias done
Event: 29083.776 Executing VM operation: RevokeBias
Event: 29083.776 Executing VM operation: RevokeBias done


Dynamic libraries:
0x00007ff7bc3b0000 - 0x00007ff7bc3e7000 	C:\Program Files\Java\jdk1.8.0_112\bin\java.exe
0x00007ffbf22f0000 - 0x00007ffbf24d1000 	C:\WINDOWS\SYSTEM32\ntdll.dll
0x00007ffbf1b90000 - 0x00007ffbf1c42000 	C:\WINDOWS\System32\KERNEL32.DLL
0x00007ffbee7c0000 - 0x00007ffbeea33000 	C:\WINDOWS\System32\KERNELBASE.dll
0x00007ffbf2210000 - 0x00007ffbf22b1000 	C:\WINDOWS\System32\ADVAPI32.dll
0x00007ffbf2160000 - 0x00007ffbf21fe000 	C:\WINDOWS\System32\msvcrt.dll
0x00007ffbef880000 - 0x00007ffbef8db000 	C:\WINDOWS\System32\sechost.dll
0x00007ffbefc40000 - 0x00007ffbefd64000 	C:\WINDOWS\System32\RPCRT4.dll
0x00007ffbef8f0000 - 0x00007ffbefa80000 	C:\WINDOWS\System32\USER32.dll
0x00007ffbeeb50000 - 0x00007ffbeeb70000 	C:\WINDOWS\System32\win32u.dll
0x00007ffbf1310000 - 0x00007ffbf1338000 	C:\WINDOWS\System32\GDI32.dll
0x00007ffbeed60000 - 0x00007ffbeeef2000 	C:\WINDOWS\System32\gdi32full.dll
0x00007ffbeef80000 - 0x00007ffbef01f000 	C:\WINDOWS\System32\msvcp_win.dll
0x00007ffbee6c0000 - 0x00007ffbee7ba000 	C:\WINDOWS\System32\ucrtbase.dll
0x00007ffbe22b0000 - 0x00007ffbe2519000 	C:\WINDOWS\WinSxS\amd64_microsoft.windows.common-controls_6595b64144ccf1df_6.0.17134.345_none_fb429a5930656358\COMCTL32.dll
0x00007ffbf1760000 - 0x00007ffbf1a83000 	C:\WINDOWS\System32\combase.dll
0x00007ffbeef00000 - 0x00007ffbeef7a000 	C:\WINDOWS\System32\bcryptPrimitives.dll
0x00007ffbef850000 - 0x00007ffbef87d000 	C:\WINDOWS\System32\IMM32.DLL
0x0000000051180000 - 0x0000000051252000 	C:\Program Files\Java\jdk1.8.0_112\jre\bin\msvcr100.dll
0x00000000508e0000 - 0x000000005117a000 	C:\Program Files\Java\jdk1.8.0_112\jre\bin\server\jvm.dll
0x00007ffbf1750000 - 0x00007ffbf1758000 	C:\WINDOWS\System32\PSAPI.DLL
0x00007ffbdbd70000 - 0x00007ffbdbd79000 	C:\WINDOWS\SYSTEM32\WSOCK32.dll
0x00007ffbe4a10000 - 0x00007ffbe4a33000 	C:\WINDOWS\SYSTEM32\WINMM.dll
0x00007ffbf1630000 - 0x00007ffbf169c000 	C:\WINDOWS\System32\WS2_32.dll
0x00007ffbe2680000 - 0x00007ffbe268a000 	C:\WINDOWS\SYSTEM32\VERSION.dll
0x00007ffbe4800000 - 0x00007ffbe482a000 	C:\WINDOWS\SYSTEM32\WINMMBASE.dll
0x00007ffbef730000 - 0x00007ffbef779000 	C:\WINDOWS\System32\cfgmgr32.dll
0x00000000508d0000 - 0x00000000508df000 	C:\Program Files\Java\jdk1.8.0_112\jre\bin\verify.dll
0x00000000508a0000 - 0x00000000508c9000 	C:\Program Files\Java\jdk1.8.0_112\jre\bin\java.dll
0x0000000050880000 - 0x0000000050896000 	C:\Program Files\Java\jdk1.8.0_112\jre\bin\zip.dll
0x00007ffbefed0000 - 0x00007ffbf130f000 	C:\WINDOWS\System32\SHELL32.dll
0x00007ffbf16a0000 - 0x00007ffbf1749000 	C:\WINDOWS\System32\shcore.dll
0x00007ffbef020000 - 0x00007ffbef72d000 	C:\WINDOWS\System32\windows.storage.dll
0x00007ffbf1b30000 - 0x00007ffbf1b81000 	C:\WINDOWS\System32\shlwapi.dll
0x00007ffbee6a0000 - 0x00007ffbee6b1000 	C:\WINDOWS\System32\kernel.appcore.dll
0x00007ffbee610000 - 0x00007ffbee62f000 	C:\WINDOWS\System32\profapi.dll
0x00007ffbee650000 - 0x00007ffbee69c000 	C:\WINDOWS\System32\powrprof.dll
0x00007ffbee600000 - 0x00007ffbee60a000 	C:\WINDOWS\System32\FLTLIB.DLL
0x0000000050860000 - 0x000000005087a000 	C:\Program Files\Java\jdk1.8.0_112\jre\bin\net.dll
0x00007ffbede80000 - 0x00007ffbedee6000 	C:\WINDOWS\system32\mswsock.dll
0x0000000050840000 - 0x0000000050851000 	C:\Program Files\Java\jdk1.8.0_112\jre\bin\nio.dll
0x00007ffbe6600000 - 0x00007ffbe661e000 	C:\Users\dcsb\.gradle\native\25\windows-amd64\native-platform.dll
0x0000000050830000 - 0x000000005083d000 	C:\Program Files\Java\jdk1.8.0_112\jre\bin\management.dll
0x00007ffbee030000 - 0x00007ffbee047000 	C:\WINDOWS\SYSTEM32\CRYPTSP.dll
0x00007ffbeda60000 - 0x00007ffbeda93000 	C:\WINDOWS\system32\rsaenh.dll
0x00007ffbee160000 - 0x00007ffbee185000 	C:\WINDOWS\SYSTEM32\bcrypt.dll
0x00007ffbee500000 - 0x00007ffbee528000 	C:\WINDOWS\SYSTEM32\USERENV.dll
0x00007ffbee050000 - 0x00007ffbee05b000 	C:\WINDOWS\SYSTEM32\CRYPTBASE.dll
0x00007ffbedc00000 - 0x00007ffbedc38000 	C:\WINDOWS\SYSTEM32\IPHLPAPI.DLL
0x00007ffbef8e0000 - 0x00007ffbef8e8000 	C:\WINDOWS\System32\NSI.dll
0x00007ffbe7fe0000 - 0x00007ffbe7ff6000 	C:\WINDOWS\SYSTEM32\dhcpcsvc6.DLL
0x00007ffbe8070000 - 0x00007ffbe808a000 	C:\WINDOWS\SYSTEM32\dhcpcsvc.DLL

VM Arguments:
jvm_args: -XX:+HeapDumpOnOutOfMemoryError -Xmx1024m -Dfile.encoding=windows-1252 -Duser.country=BR -Duser.language=pt -Duser.variant 
java_command: org.gradle.launcher.daemon.bootstrap.GradleDaemon 4.4
java_class_path (initial): C:\Users\dcsb\.gradle\wrapper\dists\gradle-4.4-all\9br9xq1tocpiv8o6njlyu5op1\gradle-4.4\lib\gradle-launcher-4.4.jar
Launcher Type: SUN_STANDARD

Environment Variables:
JAVA_HOME=C:\Program Files\Java\jdk1.8.0_112
CLASSPATH=D:\Projetos\react-native\luizalabs\marvelDesafio\android\\gradle\wrapper\gradle-wrapper.jar
PATH=C:\cmder\bin;C:\cmder\vendor\conemu-maximus5\ConEmu\Scripts;C:\cmder\vendor\conemu-maximus5;C:\cmder\vendor\conemu-maximus5\ConEmu;C:\Program Files (x86)\Intel\iCLS Client\;C:\ProgramData\Oracle\Java\javapath;C:\Program Files\Intel\iCLS Client\;C:\Windows\system32;C:\Windows;C:\Windows\System32\Wbem;C:\Windows\System32\WindowsPowerShell\v1.0\;C:\Program Files (x86)\NVIDIA Corporation\PhysX\Common;C:\Program Files\Microsoft SQL Server\130\Tools\Binn\;C:\Program Files\dotnet\;C:\WINDOWS\system32;C:\WINDOWS;C:\WINDOWS\System32\Wbem;C:\WINDOWS\System32\WindowsPowerShell\v1.0\;C:\Program Files\Git\cmd;C:\WINDOWS\System32\OpenSSH\;C:\Users\dcsb\AppData\Roaming\nvm;C:\Program Files\nodejs;C:\Program Files\MongoDB\Server\4.0\bin;C:\Program Files (x86)\Intel\Intel(R) Management Engine Components\DAL;C:\Program Files\Intel\Intel(R) Management Engine Components\DAL;C:\Program Files (x86)\Intel\Intel(R) Management Engine Components\IPT;C:\Program Files\Intel\Intel(R) Management Engine Components\IPT;C:\Users\dcsb\AppData\Local\Microsoft\WindowsApps;C:\Users\dcsb\AppData\Local\Android\Sdk\platform-tools;C:\Program Files\Microsoft VS Code\bin;C:\Users\dcsb\AppData\Roaming\npm;C:\Users\dcsb\AppData\Roaming\nvm;C:\Program Files\nodejs;C:\Users\dcsb\AppData\Local\Programs\Microsoft VS Code\bin;C:\Program Files\Git\usr\bin;C:\Program Files\Git\usr\share\vim\vim74;C:\cmder\
USERNAME=dcsb
OS=Windows_NT
PROCESSOR_IDENTIFIER=Intel64 Family 6 Model 142 Stepping 9, GenuineIntel



---------------  S Y S T E M  ---------------

OS: Windows 10.0 , 64 bit Build 17134 (10.0.17134.1)

CPU:total 4 (2 cores per cpu, 2 threads per core) family 6 model 142 stepping 9, cmov, cx8, fxsr, mmx, sse, sse2, sse3, ssse3, sse4.1, sse4.2, popcnt, avx, avx2, aes, clmul, erms, 3dnowpref, lzcnt, ht, tsc, tscinvbit, bmi1, bmi2, adx

Memory: 4k page, physical 8284640k(1432936k free), swap 8284640k(5588k free)

vm_info: Java HotSpot(TM) 64-Bit Server VM (25.112-b15) for windows-amd64 JRE (1.8.0_112-b15), built on Sep 22 2016 21:31:56 by "java_re" with MS VC++ 10.0 (VS2010)

time: Fri Nov 09 17:43:54 2018
elapsed time: 29083 seconds (0d 8h 4m 43s)

