#
# There is insufficient memory for the Java Runtime Environment to continue.
# Native memory allocation (malloc) failed to allocate 32744 bytes for ChunkPool::allocate
# Possible reasons:
#   The system is out of physical RAM or swap space
#   In 32 bit mode, the process size limit was hit
# Possible solutions:
#   Reduce memory load on the system
#   Increase physical memory or swap space
#   Check if swap backing store is full
#   Use 64 bit Java on a 64 bit OS
#   Decrease Java heap size (-Xmx/-Xms)
#   Decrease number of Java threads
#   Decrease Java thread stack sizes (-Xss)
#   Set larger code cache with -XX:ReservedCodeCacheSize=
# This output file may be truncated or incomplete.
#
#  Out of Memory Error (allocation.cpp:273), pid=6432, tid=0x0000000000002124
#
# JRE version: Java(TM) SE Runtime Environment (8.0_112-b15) (build 1.8.0_112-b15)
# Java VM: Java HotSpot(TM) 64-Bit Server VM (25.112-b15 mixed mode windows-amd64 compressed oops)
# Failed to write core dump. Minidumps are not enabled by default on client versions of Windows
#

---------------  T H R E A D  ---------------

Current thread (0x0000000014d12800):  JavaThread "C1 CompilerThread2" daemon [_thread_in_native, id=8484, stack(0x0000000016560000,0x0000000016660000)]

Stack: [0x0000000016560000,0x0000000016660000]
[error occurred during error reporting (printing stack bounds), id 0xc0000005]

Native frames: (J=compiled Java code, j=interpreted, Vv=VM code, C=native code)


Current CompileTask:
C1:3016777 9918       3      
[error occurred during error reporting (printing current compile task), id 0xe0000001]


---------------  P R O C E S S  ---------------

Java Threads: ( => current thread )
  0x000000001aec1800 JavaThread "build operations Thread 4" [_thread_blocked, id=1804, stack(0x0000000025690000,0x0000000025790000)]
  0x000000001aeb9000 JavaThread "build operations Thread 3" [_thread_blocked, id=9856, stack(0x0000000025590000,0x0000000025690000)]
  0x000000001aebb000 JavaThread "build operations Thread 2" [_thread_blocked, id=9260, stack(0x0000000025490000,0x0000000025590000)]
  0x00000000180f3000 JavaThread "build operations" [_thread_blocked, id=5692, stack(0x0000000025390000,0x0000000025490000)]
  0x00000000180f1000 JavaThread "Cache worker for Artifact transforms cache (C:\Users\dcsb\.gradle\caches\transforms-1)" [_thread_blocked, id=11784, stack(0x0000000025290000,0x0000000025390000)]
  0x00000000180f0000 JavaThread "Cache worker for file hash cache (D:\Projetos\react-native\luizalabs\marvelDesafio\android\.gradle\4.4\fileHashes)" [_thread_blocked, id=1596, stack(0x0000000025190000,0x0000000025290000)]
  0x00000000180ef800 JavaThread "Stdin handler" [_thread_blocked, id=2068, stack(0x0000000025090000,0x0000000025190000)]
  0x00000000180f4000 JavaThread "Asynchronous log dispatcher for DefaultDaemonConnection: socket connection from /127.0.0.1:49954 to /127.0.0.1:54554" [_thread_blocked, id=11384, stack(0x0000000024f90000,0x0000000025090000)]
  0x00000000180f5800 JavaThread "Cancel handler" [_thread_blocked, id=2092, stack(0x0000000024e90000,0x0000000024f90000)]
  0x00000000180f1800 JavaThread "Handler for socket connection from /127.0.0.1:49954 to /127.0.0.1:54554" [_thread_in_native, id=3268, stack(0x0000000024d90000,0x0000000024e90000)]
  0x000000001aeb8000 JavaThread "Daemon worker Thread 2" [_thread_in_native, id=9136, stack(0x0000000023d90000,0x0000000023e90000)]
  0x000000001aebf000 JavaThread "Daemon Thread 2" [_thread_blocked, id=12560, stack(0x0000000023a90000,0x0000000023b90000)]
  0x000000001aeb9800 JavaThread "Device List Monitor" [_thread_in_native, id=4336, stack(0x0000000023690000,0x0000000023790000)]
  0x000000001aec0800 JavaThread "Monitor" [_thread_in_native, id=10248, stack(0x0000000023290000,0x0000000023390000)]
  0x000000001aeb7800 JavaThread "Memory manager" [_thread_blocked, id=948, stack(0x00000000205b0000,0x00000000206b0000)]
  0x000000001aebd800 JavaThread "pool-1-thread-1" [_thread_blocked, id=13164, stack(0x00000000200a0000,0x00000000201a0000)]
  0x00000000180f2800 JavaThread "File lock request listener" [_thread_in_native, id=11600, stack(0x00000000198c0000,0x00000000199c0000)]
  0x00000000180ee800 JavaThread "Cache worker for file hash cache (C:\Users\dcsb\.gradle\caches\4.4\fileHashes)" [_thread_blocked, id=9980, stack(0x00000000197c0000,0x00000000198c0000)]
  0x0000000017d13000 JavaThread "Daemon periodic checks" [_thread_blocked, id=5772, stack(0x0000000018cc0000,0x0000000018dc0000)]
  0x0000000017cd8000 JavaThread "Incoming local TCP Connector on port 49954" [_thread_in_native, id=2504, stack(0x0000000018bc0000,0x0000000018cc0000)]
  0x0000000017dc8000 JavaThread "Daemon health stats" [_thread_blocked, id=10932, stack(0x0000000018580000,0x0000000018680000)]
  0x000000001668a800 JavaThread "Service Thread" daemon [_thread_blocked, id=12892, stack(0x0000000016a60000,0x0000000016b60000)]
=>0x0000000014d12800 JavaThread "C1 CompilerThread2" daemon [_thread_in_native, id=8484, stack(0x0000000016560000,0x0000000016660000)]
  0x0000000014d04800 JavaThread "C2 CompilerThread1" daemon [_thread_blocked, id=12248, stack(0x0000000016460000,0x0000000016560000)]
  0x0000000014d00800 JavaThread "C2 CompilerThread0" daemon [_thread_in_native, id=11676, stack(0x0000000016360000,0x0000000016460000)]
  0x0000000014cff000 JavaThread "Attach Listener" daemon [_thread_blocked, id=588, stack(0x0000000016260000,0x0000000016360000)]
  0x0000000014cfe000 JavaThread "Signal Dispatcher" daemon [_thread_blocked, id=3468, stack(0x0000000016160000,0x0000000016260000)]
  0x000000000262c000 JavaThread "Finalizer" daemon [_thread_blocked, id=3968, stack(0x0000000015f50000,0x0000000016050000)]
  0x0000000014cc9000 JavaThread "Reference Handler" daemon [_thread_blocked, id=8780, stack(0x0000000015e50000,0x0000000015f50000)]
  0x000000000239e000 JavaThread "main" [_thread_blocked, id=12148, stack(0x0000000002430000,0x0000000002530000)]

Other Threads:
  0x0000000014cc8000 VMThread [stack: 0x0000000015d50000,0x0000000015e50000] [id=8580]
  0x0000000016699000 WatcherThread [stack: 0x0000000016cb0000,0x0000000016db0000] [id=10408]

VM state:not at safepoint (normal execution)

VM Mutex/Monitor currently owned by a thread: None

Heap:
 PSYoungGen      total 187904K, used 139792K [0x00000000eab00000, 0x00000000f9600000, 0x0000000100000000)
  eden space 163840K, 85% used [0x00000000eab00000,0x00000000f3384390,0x00000000f4b00000)
  from space 24064K, 0% used [0x00000000f4b00000,0x00000000f4b00000,0x00000000f6280000)
  to   space 24576K, 0% used [0x00000000f7e00000,0x00000000f7e00000,0x00000000f9600000)
 ParOldGen       total 163840K, used 41160K [0x00000000c0000000, 0x00000000ca000000, 0x00000000eab00000)
  object space 163840K, 25% used [0x00000000c0000000,0x00000000c28322a8,0x00000000ca000000)
 Metaspace       used 60025K, capacity 62572K, committed 62768K, reserved 1103872K
  class space    used 8048K, capacity 8655K, committed 8752K, reserved 1048576K

Card table byte_map: [0x00000000119f0000,0x0000000011c00000] byte_map_base: 0x00000000113f0000

Marking Bits: (ParMarkBitMap*) 0x000000006f58a6d0
 Begin Bits: [0x0000000012160000, 0x0000000013160000)
 End Bits:   [0x0000000013160000, 0x0000000014160000)

Polling page: 0x0000000000480000

CodeCache: size=245760Kb used=28407Kb max_used=28407Kb free=217353Kb
 bounds [0x0000000002630000, 0x0000000004210000, 0x0000000011630000]
 total_blobs=9432 nmethods=8639 adapters=704
 compilation: enabled

Compilation events (10 events):
Event: 3016.223 Thread 0x0000000014d12800 nmethod 9908 0x0000000004208a90 code [0x0000000004208c40, 0x00000000042091d8]
Event: 3016.223 Thread 0x0000000014d12800 9909       3       org.gradle.api.internal.artifacts.ResolvedConfigurationIdentifierSerializer::write (23 bytes)
Event: 3016.224 Thread 0x0000000014d12800 nmethod 9909 0x0000000004209490 code [0x0000000004209600, 0x00000000042098b8]
Event: 3016.224 Thread 0x0000000014d12800 9915       3       org.gradle.api.internal.artifacts.ivyservice.resolveengine.result.StreamingResolutionResultBuilder$4::write (114 bytes)
Event: 3016.225 Thread 0x0000000014d12800 nmethod 9915 0x0000000004209a10 code [0x0000000004209ca0, 0x000000000420acb8]
Event: 3016.225 Thread 0x0000000014d12800 9916       3       org.gradle.api.internal.artifacts.ivyservice.resolveengine.projectresult.ResolvedLocalComponentsResultGraphVisitor::visitEdges (1 bytes)
Event: 3016.225 Thread 0x0000000014d12800 nmethod 9916 0x000000000420b410 code [0x000000000420b560, 0x000000000420b6b0]
Event: 3016.254 Thread 0x0000000014d12800 9917       3       org.gradle.api.internal.artifacts.repositories.resolver.ExternalResourceResolver$LocalRepositoryAccess::resolveArtifact (1 bytes)
Event: 3016.255 Thread 0x0000000014d12800 nmethod 9917 0x000000000420b750 code [0x000000000420b8a0, 0x000000000420b9f0]
Event: 3016.255 Thread 0x0000000014d12800 9918       3       org.gradle.api.internal.artifacts.ivyservice.ivyresolve.CachingModuleComponentRepository$LocateInCacheRepositoryAccess::resolveArtifactFromCache (258 bytes)

GC Heap History (10 events):
Event: 10.395 GC heap before
{Heap before GC invocations=10 (full 2):
 PSYoungGen      total 140288K, used 130048K [0x00000000eab00000, 0x00000000f5080000, 0x0000000100000000)
  eden space 130048K, 100% used [0x00000000eab00000,0x00000000f2a00000,0x00000000f2a00000)
  from space 10240K, 0% used [0x00000000f2a00000,0x00000000f2a00000,0x00000000f3400000)
  to   space 13312K, 0% used [0x00000000f4380000,0x00000000f4380000,0x00000000f5080000)
 ParOldGen       total 105984K, used 20113K [0x00000000c0000000, 0x00000000c6780000, 0x00000000eab00000)
  object space 105984K, 18% used [0x00000000c0000000,0x00000000c13a45c8,0x00000000c6780000)
 Metaspace       used 45458K, capacity 46462K, committed 46640K, reserved 1089536K
  class space    used 6336K, capacity 6666K, committed 6704K, reserved 1048576K
Event: 10.416 GC heap after
Heap after GC invocations=10 (full 2):
 PSYoungGen      total 154112K, used 13296K [0x00000000eab00000, 0x00000000f7480000, 0x0000000100000000)
  eden space 140800K, 0% used [0x00000000eab00000,0x00000000eab00000,0x00000000f3480000)
  from space 13312K, 99% used [0x00000000f4380000,0x00000000f507c3f0,0x00000000f5080000)
  to   space 15360K, 0% used [0x00000000f3480000,0x00000000f3480000,0x00000000f4380000)
 ParOldGen       total 105984K, used 21435K [0x00000000c0000000, 0x00000000c6780000, 0x00000000eab00000)
  object space 105984K, 20% used [0x00000000c0000000,0x00000000c14eef28,0x00000000c6780000)
 Metaspace       used 45458K, capacity 46462K, committed 46640K, reserved 1089536K
  class space    used 6336K, capacity 6666K, committed 6704K, reserved 1048576K
}
Event: 11.921 GC heap before
{Heap before GC invocations=11 (full 2):
 PSYoungGen      total 154112K, used 154096K [0x00000000eab00000, 0x00000000f7480000, 0x0000000100000000)
  eden space 140800K, 100% used [0x00000000eab00000,0x00000000f3480000,0x00000000f3480000)
  from space 13312K, 99% used [0x00000000f4380000,0x00000000f507c3f0,0x00000000f5080000)
  to   space 15360K, 0% used [0x00000000f3480000,0x00000000f3480000,0x00000000f4380000)
 ParOldGen       total 105984K, used 21435K [0x00000000c0000000, 0x00000000c6780000, 0x00000000eab00000)
  object space 105984K, 20% used [0x00000000c0000000,0x00000000c14eef28,0x00000000c6780000)
 Metaspace       used 48742K, capacity 50204K, committed 50480K, reserved 1093632K
  class space    used 6750K, capacity 7117K, committed 7216K, reserved 1048576K
Event: 11.937 GC heap after
Heap after GC invocations=11 (full 2):
 PSYoungGen      total 156160K, used 15342K [0x00000000eab00000, 0x00000000f7480000, 0x0000000100000000)
  eden space 140800K, 0% used [0x00000000eab00000,0x00000000eab00000,0x00000000f3480000)
  from space 15360K, 99% used [0x00000000f3480000,0x00000000f437ba78,0x00000000f4380000)
  to   space 18432K, 0% used [0x00000000f6280000,0x00000000f6280000,0x00000000f7480000)
 ParOldGen       total 105984K, used 24095K [0x00000000c0000000, 0x00000000c6780000, 0x00000000eab00000)
  object space 105984K, 22% used [0x00000000c0000000,0x00000000c1787cb0,0x00000000c6780000)
 Metaspace       used 48742K, capacity 50204K, committed 50480K, reserved 1093632K
  class space    used 6750K, capacity 7117K, committed 7216K, reserved 1048576K
}
Event: 15.103 GC heap before
{Heap before GC invocations=12 (full 2):
 PSYoungGen      total 156160K, used 156142K [0x00000000eab00000, 0x00000000f7480000, 0x0000000100000000)
  eden space 140800K, 100% used [0x00000000eab00000,0x00000000f3480000,0x00000000f3480000)
  from space 15360K, 99% used [0x00000000f3480000,0x00000000f437ba78,0x00000000f4380000)
  to   space 18432K, 0% used [0x00000000f6280000,0x00000000f6280000,0x00000000f7480000)
 ParOldGen       total 105984K, used 24095K [0x00000000c0000000, 0x00000000c6780000, 0x00000000eab00000)
  object space 105984K, 22% used [0x00000000c0000000,0x00000000c1787cb0,0x00000000c6780000)
 Metaspace       used 54588K, capacity 56536K, committed 56752K, reserved 1097728K
  class space    used 7594K, capacity 8093K, committed 8112K, reserved 1048576K
Event: 15.140 GC heap after
Heap after GC invocations=12 (full 2):
 PSYoungGen      total 182272K, used 18418K [0x00000000eab00000, 0x00000000f7f00000, 0x0000000100000000)
  eden space 163840K, 0% used [0x00000000eab00000,0x00000000eab00000,0x00000000f4b00000)
  from space 18432K, 99% used [0x00000000f6280000,0x00000000f747c980,0x00000000f7480000)
  to   space 24064K, 0% used [0x00000000f4b00000,0x00000000f4b00000,0x00000000f6280000)
 ParOldGen       total 105984K, used 32872K [0x00000000c0000000, 0x00000000c6780000, 0x00000000eab00000)
  object space 105984K, 31% used [0x00000000c0000000,0x00000000c201a0c0,0x00000000c6780000)
 Metaspace       used 54588K, capacity 56536K, committed 56752K, reserved 1097728K
  class space    used 7594K, capacity 8093K, committed 8112K, reserved 1048576K
}
Event: 28.738 GC heap before
{Heap before GC invocations=13 (full 2):
 PSYoungGen      total 182272K, used 65086K [0x00000000eab00000, 0x00000000f7f00000, 0x0000000100000000)
  eden space 163840K, 28% used [0x00000000eab00000,0x00000000ed892f30,0x00000000f4b00000)
  from space 18432K, 99% used [0x00000000f6280000,0x00000000f747c980,0x00000000f7480000)
  to   space 24064K, 0% used [0x00000000f4b00000,0x00000000f4b00000,0x00000000f6280000)
 ParOldGen       total 105984K, used 32872K [0x00000000c0000000, 0x00000000c6780000, 0x00000000eab00000)
  object space 105984K, 31% used [0x00000000c0000000,0x00000000c201a0c0,0x00000000c6780000)
 Metaspace       used 56958K, capacity 59128K, committed 59160K, reserved 1099776K
  class space    used 7848K, capacity 8337K, committed 8368K, reserved 1048576K
Event: 28.761 GC heap after
Heap after GC invocations=13 (full 2):
 PSYoungGen      total 187904K, used 15692K [0x00000000eab00000, 0x00000000f9600000, 0x0000000100000000)
  eden space 163840K, 0% used [0x00000000eab00000,0x00000000eab00000,0x00000000f4b00000)
  from space 24064K, 65% used [0x00000000f4b00000,0x00000000f5a53158,0x00000000f6280000)
  to   space 24576K, 0% used [0x00000000f7e00000,0x00000000f7e00000,0x00000000f9600000)
 ParOldGen       total 105984K, used 39946K [0x00000000c0000000, 0x00000000c6780000, 0x00000000eab00000)
  object space 105984K, 37% used [0x00000000c0000000,0x00000000c2702b28,0x00000000c6780000)
 Metaspace       used 56958K, capacity 59128K, committed 59160K, reserved 1099776K
  class space    used 7848K, capacity 8337K, committed 8368K, reserved 1048576K
}
Event: 28.761 GC heap before
{Heap before GC invocations=14 (full 3):
 PSYoungGen      total 187904K, used 15692K [0x00000000eab00000, 0x00000000f9600000, 0x0000000100000000)
  eden space 163840K, 0% used [0x00000000eab00000,0x00000000eab00000,0x00000000f4b00000)
  from space 24064K, 65% used [0x00000000f4b00000,0x00000000f5a53158,0x00000000f6280000)
  to   space 24576K, 0% used [0x00000000f7e00000,0x00000000f7e00000,0x00000000f9600000)
 ParOldGen       total 105984K, used 39946K [0x00000000c0000000, 0x00000000c6780000, 0x00000000eab00000)
  object space 105984K, 37% used [0x00000000c0000000,0x00000000c2702b28,0x00000000c6780000)
 Metaspace       used 56958K, capacity 59128K, committed 59160K, reserved 1099776K
  class space    used 7848K, capacity 8337K, committed 8368K, reserved 1048576K
Event: 29.009 GC heap after
Heap after GC invocations=14 (full 3):
 PSYoungGen      total 187904K, used 0K [0x00000000eab00000, 0x00000000f9600000, 0x0000000100000000)
  eden space 163840K, 0% used [0x00000000eab00000,0x00000000eab00000,0x00000000f4b00000)
  from space 24064K, 0% used [0x00000000f4b00000,0x00000000f4b00000,0x00000000f6280000)
  to   space 24576K, 0% used [0x00000000f7e00000,0x00000000f7e00000,0x00000000f9600000)
 ParOldGen       total 163840K, used 41160K [0x00000000c0000000, 0x00000000ca000000, 0x00000000eab00000)
  object space 163840K, 25% used [0x00000000c0000000,0x00000000c28322a8,0x00000000ca000000)
 Metaspace       used 56958K, capacity 59128K, committed 59160K, reserved 1099776K
  class space    used 7848K, capacity 8337K, committed 8368K, reserved 1048576K
}

Deoptimization events (10 events):
Event: 2979.055 Thread 0x00000000180f1000 Uncommon trap: reason=predicate action=maybe_recompile pc=0x0000000003fccdd8 method=java.util.TimSort.binarySort([Ljava/lang/Object;IIILjava/util/Comparator;)V @ 37
Event: 2979.058 Thread 0x000000001aec3800 Uncommon trap: reason=unstable_if action=reinterpret pc=0x0000000003697b80 method=java.util.concurrent.locks.ReentrantLock$Sync.nonfairTryAcquire(I)Z @ 19
Event: 2979.264 Thread 0x000000001aec3800 Uncommon trap: reason=unstable_if action=reinterpret pc=0x000000000308391c method=java.util.concurrent.ConcurrentHashMap.addCount(JI)V @ 34
Event: 2979.267 Thread 0x00000000180f4000 Uncommon trap: reason=unstable_if action=reinterpret pc=0x0000000002a6feb8 method=java.util.concurrent.ConcurrentHashMap.addCount(JI)V @ 7
Event: 2979.527 Thread 0x000000001aec6800 Uncommon trap: reason=unstable_if action=reinterpret pc=0x0000000003999340 method=java.util.concurrent.locks.ReentrantLock$Sync.nonfairTryAcquire(I)Z @ 19
Event: 2979.588 Thread 0x00000000180ef800 Uncommon trap: reason=array_check action=maybe_recompile pc=0x0000000004077c98 method=java.util.TimSort.binarySort([Ljava/lang/Object;IIILjava/util/Comparator;)V @ 183
Event: 2983.821 Thread 0x000000001aebf000 Uncommon trap: reason=null_check action=make_not_entrant pc=0x0000000003fa2f44 method=org.slf4j.helpers.MessageFormatter.getThrowableCandidate([Ljava/lang/Object;)Ljava/lang/Throwable; @ 19
Event: 3007.775 Thread 0x000000001aebd800 Uncommon trap: reason=unstable_if action=reinterpret pc=0x0000000004055a40 method=java.util.concurrent.ScheduledThreadPoolExecutor$DelayedWorkQueue.finishPoll(Ljava/util/concurrent/RunnableScheduledFuture;)Ljava/util/concurrent/RunnableScheduledFuture; @ 
Event: 3016.146 Thread 0x000000001aeb8000 Uncommon trap: reason=class_check action=maybe_recompile pc=0x00000000041e1f1c method=org.gradle.api.internal.project.taskfactory.DefaultTaskClassValidatorExtractor$DefaultTaskPropertyActionContext.getAnnotation(Ljava/lang/Class;)Ljava/lang/annotation/Ann
Event: 3016.146 Thread 0x000000001aeb8000 Uncommon trap: reason=class_check action=maybe_recompile pc=0x00000000041e1f1c method=org.gradle.api.internal.project.taskfactory.DefaultTaskClassValidatorExtractor$DefaultTaskPropertyActionContext.getAnnotation(Ljava/lang/Class;)Ljava/lang/annotation/Ann

Internal exceptions (10 events):
Event: 3016.036 Thread 0x000000001aeb8000 Exception <a 'sun/nio/fs/WindowsException'> (0x00000000f2968ee8) thrown at [C:\re\workspace\8-2-build-windows-amd64-cygwin\jdk8u112\7884\hotspot\src\share\vm\prims\jni.cpp, line 709]
Event: 3016.036 Thread 0x000000001aeb8000 Exception <a 'sun/nio/fs/WindowsException'> (0x00000000f2969c08) thrown at [C:\re\workspace\8-2-build-windows-amd64-cygwin\jdk8u112\7884\hotspot\src\share\vm\prims\jni.cpp, line 709]
Event: 3016.036 Thread 0x000000001aeb8000 Exception <a 'sun/nio/fs/WindowsException'> (0x00000000f296d098) thrown at [C:\re\workspace\8-2-build-windows-amd64-cygwin\jdk8u112\7884\hotspot\src\share\vm\prims\jni.cpp, line 709]
Event: 3016.036 Thread 0x000000001aeb8000 Exception <a 'sun/nio/fs/WindowsException'> (0x00000000f296dd30) thrown at [C:\re\workspace\8-2-build-windows-amd64-cygwin\jdk8u112\7884\hotspot\src\share\vm\prims\jni.cpp, line 709]
Event: 3016.036 Thread 0x000000001aeb8000 Exception <a 'sun/nio/fs/WindowsException'> (0x00000000f296fa10) thrown at [C:\re\workspace\8-2-build-windows-amd64-cygwin\jdk8u112\7884\hotspot\src\share\vm\prims\jni.cpp, line 709]
Event: 3016.036 Thread 0x000000001aeb8000 Exception <a 'sun/nio/fs/WindowsException'> (0x00000000f29706e0) thrown at [C:\re\workspace\8-2-build-windows-amd64-cygwin\jdk8u112\7884\hotspot\src\share\vm\prims\jni.cpp, line 709]
Event: 3016.036 Thread 0x000000001aeb8000 Exception <a 'sun/nio/fs/WindowsException'> (0x00000000f2973788) thrown at [C:\re\workspace\8-2-build-windows-amd64-cygwin\jdk8u112\7884\hotspot\src\share\vm\prims\jni.cpp, line 709]
Event: 3016.036 Thread 0x000000001aeb8000 Exception <a 'sun/nio/fs/WindowsException'> (0x00000000f2974488) thrown at [C:\re\workspace\8-2-build-windows-amd64-cygwin\jdk8u112\7884\hotspot\src\share\vm\prims\jni.cpp, line 709]
Event: 3016.037 Thread 0x000000001aeb8000 Exception <a 'sun/nio/fs/WindowsException'> (0x00000000f29761b8) thrown at [C:\re\workspace\8-2-build-windows-amd64-cygwin\jdk8u112\7884\hotspot\src\share\vm\prims\jni.cpp, line 709]
Event: 3016.037 Thread 0x000000001aeb8000 Exception <a 'sun/nio/fs/WindowsException'> (0x00000000f2976ef8) thrown at [C:\re\workspace\8-2-build-windows-amd64-cygwin\jdk8u112\7884\hotspot\src\share\vm\prims\jni.cpp, line 709]

Events (10 events):
Event: 3015.933 Thread 0x0000000014d12800 flushing nmethod 0x0000000003242ad0
Event: 3015.941 Thread 0x0000000014d12800 flushing nmethod 0x00000000035f2010
Event: 3015.941 Thread 0x0000000014d12800 flushing nmethod 0x0000000003632490
Event: 3015.947 Thread 0x0000000014d12800 flushing nmethod 0x0000000003c4d910
Event: 3016.146 Thread 0x000000001aeb8000 Uncommon trap: trap_request=0xffffffde fr.pc=0x00000000041e1f1c
Event: 3016.146 Thread 0x000000001aeb8000 DEOPT PACKING pc=0x00000000041e1f1c sp=0x0000000023e89f40
Event: 3016.146 Thread 0x000000001aeb8000 DEOPT UNPACKING pc=0x000000000267582a sp=0x0000000023e89ee8 mode 2
Event: 3016.146 Thread 0x000000001aeb8000 Uncommon trap: trap_request=0xffffffde fr.pc=0x00000000041e1f1c
Event: 3016.146 Thread 0x000000001aeb8000 DEOPT PACKING pc=0x00000000041e1f1c sp=0x0000000023e89f40
Event: 3016.146 Thread 0x000000001aeb8000 DEOPT UNPACKING pc=0x000000000267582a sp=0x0000000023e89ee8 mode 2


Dynamic libraries:
0x00007ff6b4640000 - 0x00007ff6b4677000 	C:\Program Files\Java\jdk1.8.0_112\bin\java.exe
0x00007ffda03e0000 - 0x00007ffda05c1000 	C:\WINDOWS\SYSTEM32\ntdll.dll
0x00007ffd9d880000 - 0x00007ffd9d932000 	C:\WINDOWS\System32\KERNEL32.DLL
0x00007ffd9d2d0000 - 0x00007ffd9d543000 	C:\WINDOWS\System32\KERNELBASE.dll
0x00007ffd9e2b0000 - 0x00007ffd9e351000 	C:\WINDOWS\System32\ADVAPI32.dll
0x00007ffd9e360000 - 0x00007ffd9e3fe000 	C:\WINDOWS\System32\msvcrt.dll
0x00007ffd9fd40000 - 0x00007ffd9fd9b000 	C:\WINDOWS\System32\sechost.dll
0x00007ffd9e4c0000 - 0x00007ffd9e5e4000 	C:\WINDOWS\System32\RPCRT4.dll
0x00007ffd9fa30000 - 0x00007ffd9fbc0000 	C:\WINDOWS\System32\USER32.dll
0x00007ffd9d850000 - 0x00007ffd9d870000 	C:\WINDOWS\System32\win32u.dll
0x00007ffd9e420000 - 0x00007ffd9e448000 	C:\WINDOWS\System32\GDI32.dll
0x00007ffd9d6b0000 - 0x00007ffd9d842000 	C:\WINDOWS\System32\gdi32full.dll
0x00007ffd9d230000 - 0x00007ffd9d2cf000 	C:\WINDOWS\System32\msvcp_win.dll
0x00007ffd9d550000 - 0x00007ffd9d64a000 	C:\WINDOWS\System32\ucrtbase.dll
0x00007ffd8f490000 - 0x00007ffd8f6f9000 	C:\WINDOWS\WinSxS\amd64_microsoft.windows.common-controls_6595b64144ccf1df_6.0.17134.345_none_fb429a5930656358\COMCTL32.dll
0x00007ffd9ff70000 - 0x00007ffda0293000 	C:\WINDOWS\System32\combase.dll
0x00007ffd9c7b0000 - 0x00007ffd9c82a000 	C:\WINDOWS\System32\bcryptPrimitives.dll
0x00007ffd9d940000 - 0x00007ffd9d96d000 	C:\WINDOWS\System32\IMM32.DLL
0x000000006f610000 - 0x000000006f6e2000 	C:\Program Files\Java\jdk1.8.0_112\jre\bin\msvcr100.dll
0x000000006ed70000 - 0x000000006f60a000 	C:\Program Files\Java\jdk1.8.0_112\jre\bin\server\jvm.dll
0x00007ffd9d870000 - 0x00007ffd9d878000 	C:\WINDOWS\System32\PSAPI.DLL
0x00007ffd9ae20000 - 0x00007ffd9ae2a000 	C:\WINDOWS\SYSTEM32\VERSION.dll
0x00007ffd97140000 - 0x00007ffd97163000 	C:\WINDOWS\SYSTEM32\WINMM.dll
0x00007ffd861c0000 - 0x00007ffd861c9000 	C:\WINDOWS\SYSTEM32\WSOCK32.dll
0x00007ffd9e450000 - 0x00007ffd9e4bc000 	C:\WINDOWS\System32\WS2_32.dll
0x00007ffd96d00000 - 0x00007ffd96d2a000 	C:\WINDOWS\SYSTEM32\WINMMBASE.dll
0x00007ffd9cf40000 - 0x00007ffd9cf89000 	C:\WINDOWS\System32\cfgmgr32.dll
0x000000006ed60000 - 0x000000006ed6f000 	C:\Program Files\Java\jdk1.8.0_112\jre\bin\verify.dll
0x000000006ed30000 - 0x000000006ed59000 	C:\Program Files\Java\jdk1.8.0_112\jre\bin\java.dll
0x000000006ed10000 - 0x000000006ed26000 	C:\Program Files\Java\jdk1.8.0_112\jre\bin\zip.dll
0x00007ffd9e5f0000 - 0x00007ffd9fa2f000 	C:\WINDOWS\System32\SHELL32.dll
0x00007ffda0300000 - 0x00007ffda03a9000 	C:\WINDOWS\System32\shcore.dll
0x00007ffd9c830000 - 0x00007ffd9cf3d000 	C:\WINDOWS\System32\windows.storage.dll
0x00007ffd9ff10000 - 0x00007ffd9ff61000 	C:\WINDOWS\System32\shlwapi.dll
0x00007ffd9c790000 - 0x00007ffd9c7a1000 	C:\WINDOWS\System32\kernel.appcore.dll
0x00007ffd9c750000 - 0x00007ffd9c76f000 	C:\WINDOWS\System32\profapi.dll
0x00007ffd9c700000 - 0x00007ffd9c74c000 	C:\WINDOWS\System32\powrprof.dll
0x00007ffd9c6f0000 - 0x00007ffd9c6fa000 	C:\WINDOWS\System32\FLTLIB.DLL
0x000000006ecf0000 - 0x000000006ed0a000 	C:\Program Files\Java\jdk1.8.0_112\jre\bin\net.dll
0x00007ffd9bf70000 - 0x00007ffd9bfd6000 	C:\WINDOWS\system32\mswsock.dll
0x000000006ecd0000 - 0x000000006ece1000 	C:\Program Files\Java\jdk1.8.0_112\jre\bin\nio.dll
0x00007ffd9aeb0000 - 0x00007ffd9aece000 	C:\Users\dcsb\.gradle\native\25\windows-amd64\native-platform.dll
0x000000006ecc0000 - 0x000000006eccd000 	C:\Program Files\Java\jdk1.8.0_112\jre\bin\management.dll
0x00007ffd9c120000 - 0x00007ffd9c137000 	C:\WINDOWS\SYSTEM32\CRYPTSP.dll
0x00007ffd9bb50000 - 0x00007ffd9bb83000 	C:\WINDOWS\system32\rsaenh.dll
0x00007ffd9c250000 - 0x00007ffd9c275000 	C:\WINDOWS\SYSTEM32\bcrypt.dll
0x00007ffd9c5f0000 - 0x00007ffd9c618000 	C:\WINDOWS\SYSTEM32\USERENV.dll
0x00007ffd9c140000 - 0x00007ffd9c14b000 	C:\WINDOWS\SYSTEM32\CRYPTBASE.dll
0x00007ffd9bcf0000 - 0x00007ffd9bd28000 	C:\WINDOWS\SYSTEM32\IPHLPAPI.DLL
0x00007ffd9dd50000 - 0x00007ffd9dd58000 	C:\WINDOWS\System32\NSI.dll
0x00007ffd937f0000 - 0x00007ffd93806000 	C:\WINDOWS\SYSTEM32\dhcpcsvc6.DLL
0x00007ffd954d0000 - 0x00007ffd954ea000 	C:\WINDOWS\SYSTEM32\dhcpcsvc.DLL

VM Arguments:
jvm_args: -XX:+HeapDumpOnOutOfMemoryError -Xmx1024m -Dfile.encoding=windows-1252 -Duser.country=BR -Duser.language=pt -Duser.variant 
java_command: org.gradle.launcher.daemon.bootstrap.GradleDaemon 4.4
java_class_path (initial): C:\Users\dcsb\.gradle\wrapper\dists\gradle-4.4-all\9br9xq1tocpiv8o6njlyu5op1\gradle-4.4\lib\gradle-launcher-4.4.jar
Launcher Type: SUN_STANDARD

Environment Variables:
JAVA_HOME=C:\Program Files\Java\jdk1.8.0_112
CLASSPATH=D:\Projetos\react-native\luizalabs\marvelDesafio\android\\gradle\wrapper\gradle-wrapper.jar
PATH=C:\cmder\bin;C:\cmder\vendor\conemu-maximus5\ConEmu\Scripts;C:\cmder\vendor\conemu-maximus5;C:\cmder\vendor\conemu-maximus5\ConEmu;C:\Program Files (x86)\Intel\iCLS Client\;C:\ProgramData\Oracle\Java\javapath;C:\Program Files\Intel\iCLS Client\;C:\Windows\system32;C:\Windows;C:\Windows\System32\Wbem;C:\Windows\System32\WindowsPowerShell\v1.0\;C:\Program Files (x86)\NVIDIA Corporation\PhysX\Common;C:\Program Files\Microsoft SQL Server\130\Tools\Binn\;C:\Program Files\dotnet\;C:\WINDOWS\system32;C:\WINDOWS;C:\WINDOWS\System32\Wbem;C:\WINDOWS\System32\WindowsPowerShell\v1.0\;C:\Program Files\Git\cmd;C:\WINDOWS\System32\OpenSSH\;C:\Program Files\Microsoft VS Code\bin;C:\Users\dcsb\AppData\Roaming\nvm;C:\Program Files\nodejs;C:\Program Files\MongoDB\Server\4.0\bin;C:\Program Files (x86)\Intel\Intel(R) Management Engine Components\DAL;C:\Program Files\Intel\Intel(R) Management Engine Components\DAL;C:\Program Files (x86)\Intel\Intel(R) Management Engine Components\IPT;C:\Program Files\Intel\Intel(R) Management Engine Components\IPT;C:\Users\dcsb\AppData\Local\Microsoft\WindowsApps;C:\Users\dcsb\AppData\Local\Android\Sdk\platform-tools;C:\Program Files\Microsoft VS Code\bin;C:\Users\dcsb\AppData\Roaming\npm;C:\Users\dcsb\AppData\Local\Programs\Microsoft VS Code\bin;C:\Users\dcsb\AppData\Roaming\nvm;C:\Program Files\nodejs;C:\Program Files\Git\usr\bin;C:\Program Files\Git\usr\share\vim\vim74;C:\cmder\
USERNAME=dcsb
OS=Windows_NT
PROCESSOR_IDENTIFIER=Intel64 Family 6 Model 142 Stepping 9, GenuineIntel



---------------  S Y S T E M  ---------------

OS: Windows 10.0 , 64 bit Build 17134 (10.0.17134.1)

CPU:total 4 (2 cores per cpu, 2 threads per core) family 6 model 142 stepping 9, cmov, cx8, fxsr, mmx, sse, sse2, sse3, ssse3, sse4.1, sse4.2, popcnt, avx, avx2, aes, clmul, erms, 3dnowpref, lzcnt, ht, tsc, tscinvbit, bmi1, bmi2, adx

Memory: 4k page, physical 8284640k(1739048k free), swap 8284640k(160k free)

vm_info: Java HotSpot(TM) 64-Bit Server VM (25.112-b15) for windows-amd64 JRE (1.8.0_112-b15), built on Sep 22 2016 21:31:56 by "java_re" with MS VC++ 10.0 (VS2010)

time: Sun Nov 04 15:19:04 2018
elapsed time: 3016 seconds (0d 0h 50m 16s)

