#
# There is insufficient memory for the Java Runtime Environment to continue.
# Native memory allocation (malloc) failed to allocate 262160 bytes for Chunk::new
# Possible reasons:
#   The system is out of physical RAM or swap space
#   In 32 bit mode, the process size limit was hit
# Possible solutions:
#   Reduce memory load on the system
#   Increase physical memory or swap space
#   Check if swap backing store is full
#   Use 64 bit Java on a 64 bit OS
#   Decrease Java heap size (-Xmx/-Xms)
#   Decrease number of Java threads
#   Decrease Java thread stack sizes (-Xss)
#   Set larger code cache with -XX:ReservedCodeCacheSize=
# This output file may be truncated or incomplete.
#
#  Out of Memory Error (allocation.cpp:390), pid=4428, tid=0x000000000000060c
#
# JRE version: Java(TM) SE Runtime Environment (8.0_112-b15) (build 1.8.0_112-b15)
# Java VM: Java HotSpot(TM) 64-Bit Server VM (25.112-b15 mixed mode windows-amd64 compressed oops)
# Failed to write core dump. Minidumps are not enabled by default on client versions of Windows
#

---------------  T H R E A D  ---------------

Current thread (0x0000000015285000):  JavaThread "C2 CompilerThread1" daemon [_thread_in_native, id=1548, stack(0x0000000016a10000,0x0000000016b10000)]

Stack: [0x0000000016a10000,0x0000000016b10000]
[error occurred during error reporting (printing stack bounds), id 0xc0000005]

Native frames: (J=compiled Java code, j=interpreted, Vv=VM code, C=native code)


Current CompileTask:
C2:   8071 3619       4       java.net.URLClassLoader$1::run (5 bytes)


---------------  P R O C E S S  ---------------

Java Threads: ( => current thread )
  0x000000001b7ba800 JavaThread "Memory manager" [_thread_blocked, id=11988, stack(0x0000000020bb0000,0x0000000020cb0000)]
  0x000000001b7bd800 JavaThread "pool-1-thread-1" [_thread_blocked, id=7908, stack(0x00000000208b0000,0x00000000209b0000)]
  0x000000001b7b9800 JavaThread "build operations Thread 4" [_thread_blocked, id=3316, stack(0x0000000020280000,0x0000000020380000)]
  0x0000000018674000 JavaThread "build operations Thread 3" [_thread_blocked, id=7472, stack(0x0000000020180000,0x0000000020280000)]
  0x0000000018673800 JavaThread "build operations Thread 2" [_thread_blocked, id=8288, stack(0x0000000020080000,0x0000000020180000)]
  0x0000000018676800 JavaThread "build operations" [_thread_blocked, id=12216, stack(0x000000001fd20000,0x000000001fe20000)]
  0x0000000018671000 JavaThread "Cache worker for Artifact transforms cache (C:\Users\dcsb\.gradle\caches\transforms-1)" [_thread_blocked, id=11012, stack(0x000000001fc20000,0x000000001fd20000)]
  0x0000000018675800 JavaThread "Cache worker for file hash cache (D:\Projetos\react-native\luizalabs\marvelDesafio\android\.gradle\4.4\fileHashes)" [_thread_blocked, id=2188, stack(0x000000001bf10000,0x000000001c010000)]
  0x0000000018670800 JavaThread "File lock request listener" [_thread_in_native, id=11620, stack(0x000000001ae40000,0x000000001af40000)]
  0x0000000018675000 JavaThread "Cache worker for file hash cache (C:\Users\dcsb\.gradle\caches\4.4\fileHashes)" [_thread_blocked, id=11836, stack(0x000000001ad40000,0x000000001ae40000)]
  0x00000000184bd800 JavaThread "Stdin handler" [_thread_blocked, id=7816, stack(0x0000000019a70000,0x0000000019b70000)]
  0x00000000184bd000 JavaThread "Asynchronous log dispatcher for DefaultDaemonConnection: socket connection from /127.0.0.1:49874 to /127.0.0.1:49875" [_thread_blocked, id=8084, stack(0x0000000019970000,0x0000000019a70000)]
  0x00000000184b8000 JavaThread "Daemon worker" [_thread_in_Java, id=7344, stack(0x0000000019870000,0x0000000019970000)]
  0x0000000018488000 JavaThread "Cancel handler" [_thread_blocked, id=12200, stack(0x0000000019770000,0x0000000019870000)]
  0x0000000018239800 JavaThread "Handler for socket connection from /127.0.0.1:49874 to /127.0.0.1:49875" [_thread_in_native, id=10896, stack(0x0000000019470000,0x0000000019570000)]
  0x00000000183e5000 JavaThread "Daemon" [_thread_blocked, id=5592, stack(0x0000000019370000,0x0000000019470000)]
  0x0000000018269000 JavaThread "Daemon periodic checks" [_thread_blocked, id=11004, stack(0x0000000019270000,0x0000000019370000)]
  0x0000000018257000 JavaThread "Incoming local TCP Connector on port 49874" [_thread_in_native, id=8220, stack(0x0000000019170000,0x0000000019270000)]
  0x0000000018344800 JavaThread "Daemon health stats" [_thread_blocked, id=9236, stack(0x0000000018b30000,0x0000000018c30000)]
  0x0000000016c30800 JavaThread "Service Thread" daemon [_thread_blocked, id=10508, stack(0x0000000017010000,0x0000000017110000)]
  0x000000001528b800 JavaThread "C1 CompilerThread2" daemon [_thread_blocked, id=10388, stack(0x0000000016b10000,0x0000000016c10000)]
=>0x0000000015285000 JavaThread "C2 CompilerThread1" daemon [_thread_in_native, id=1548, stack(0x0000000016a10000,0x0000000016b10000)]
  0x0000000015280800 JavaThread "C2 CompilerThread0" daemon [_thread_in_native, id=11864, stack(0x0000000016910000,0x0000000016a10000)]
  0x000000001527f800 JavaThread "Attach Listener" daemon [_thread_blocked, id=9800, stack(0x0000000016810000,0x0000000016910000)]
  0x000000001527e800 JavaThread "Signal Dispatcher" daemon [_thread_blocked, id=10480, stack(0x0000000016710000,0x0000000016810000)]
  0x0000000002bac000 JavaThread "Finalizer" daemon [_thread_blocked, id=10900, stack(0x0000000016500000,0x0000000016600000)]
  0x0000000015249000 JavaThread "Reference Handler" daemon [_thread_blocked, id=1044, stack(0x0000000016400000,0x0000000016500000)]
  0x00000000029ae000 JavaThread "main" [_thread_blocked, id=11160, stack(0x00000000029b0000,0x0000000002ab0000)]

Other Threads:
  0x0000000015248000 VMThread [stack: 0x0000000016300000,0x0000000016400000] [id=10872]
  0x0000000016c7a800 WatcherThread [stack: 0x0000000017260000,0x0000000017360000] [id=9452]

VM state:not at safepoint (normal execution)

VM Mutex/Monitor currently owned by a thread:  ([mutex/lock_event])
[0x00000000029adb80] SystemDictionary_lock - owner thread: 0x0000000000000000

Heap:
 PSYoungGen      total 93184K, used 56231K [0x00000000eab00000, 0x00000000f2f00000, 0x0000000100000000)
  eden space 81920K, 68% used [0x00000000eab00000,0x00000000ee1e9df0,0x00000000efb00000)
  from space 11264K, 0% used [0x00000000efb00000,0x00000000efb00000,0x00000000f0600000)
  to   space 11264K, 0% used [0x00000000f2400000,0x00000000f2400000,0x00000000f2f00000)
 ParOldGen       total 60928K, used 15779K [0x00000000c0000000, 0x00000000c3b80000, 0x00000000eab00000)
  object space 60928K, 25% used [0x00000000c0000000,0x00000000c0f68f20,0x00000000c3b80000)
 Metaspace       used 37816K, capacity 38620K, committed 38960K, reserved 1083392K
  class space    used 5291K, capacity 5561K, committed 5680K, reserved 1048576K

Card table byte_map: [0x0000000011f70000,0x0000000012180000] byte_map_base: 0x0000000011970000

Marking Bits: (ParMarkBitMap*) 0x000000005292a6d0
 Begin Bits: [0x00000000126e0000, 0x00000000136e0000)
 End Bits:   [0x00000000136e0000, 0x00000000146e0000)

Polling page: 0x0000000001170000

CodeCache: size=245760Kb used=11405Kb max_used=11405Kb free=234354Kb
 bounds [0x0000000002bb0000, 0x00000000036e0000, 0x0000000011bb0000]
 total_blobs=4029 nmethods=3313 adapters=628
 compilation: enabled

Compilation events (10 events):
Event: 8.041 Thread 0x000000001528b800 3623       3       sun.reflect.ClassFileAssembler::append (30 bytes)
Event: 8.042 Thread 0x000000001528b800 nmethod 3623 0x00000000036d5b50 code [0x00000000036d5d00, 0x00000000036d6218]
Event: 8.042 Thread 0x000000001528b800 3624       3       com.google.common.collect.LinkedHashMultimap::createCollection (14 bytes)
Event: 8.043 Thread 0x000000001528b800 nmethod 3624 0x00000000036cca50 code [0x00000000036ccbc0, 0x00000000036ccdc8]
Event: 8.043 Thread 0x000000001528b800 3625       3       com.google.common.collect.LinkedHashMultimap$ValueSet::<init> (55 bytes)
Event: 8.043 Thread 0x000000001528b800 nmethod 3625 0x00000000036dbfd0 code [0x00000000036dc180, 0x00000000036dc588]
Event: 8.043 Thread 0x000000001528b800 3626       3       org.gradle.api.internal.AsmBackedClassGenerator$ClassBuilderImpl::addGetter (50 bytes)
Event: 8.043 Thread 0x000000001528b800 nmethod 3626 0x00000000036db610 code [0x00000000036db7c0, 0x00000000036dbd38]
Event: 8.062 Thread 0x000000001528b800 3628       3       java.security.CodeSource::getCertificates (98 bytes)
Event: 8.063 Thread 0x000000001528b800 nmethod 3628 0x00000000036da4d0 code [0x00000000036da6e0, 0x00000000036db248]

GC Heap History (10 events):
Event: 4.814 GC heap before
{Heap before GC invocations=7 (full 1):
 PSYoungGen      total 38400K, used 33280K [0x00000000eab00000, 0x00000000f0000000, 0x0000000100000000)
  eden space 33280K, 100% used [0x00000000eab00000,0x00000000ecb80000,0x00000000ecb80000)
  from space 5120K, 0% used [0x00000000ecb80000,0x00000000ecb80000,0x00000000ed080000)
  to   space 10240K, 0% used [0x00000000ef600000,0x00000000ef600000,0x00000000f0000000)
 ParOldGen       total 60928K, used 8467K [0x00000000c0000000, 0x00000000c3b80000, 0x00000000eab00000)
  object space 60928K, 13% used [0x00000000c0000000,0x00000000c0844d08,0x00000000c3b80000)
 Metaspace       used 24226K, capacity 24598K, committed 24880K, reserved 1071104K
  class space    used 3412K, capacity 3530K, committed 3632K, reserved 1048576K
Event: 4.827 GC heap after
Heap after GC invocations=7 (full 1):
 PSYoungGen      total 56320K, used 3954K [0x00000000eab00000, 0x00000000efa00000, 0x0000000100000000)
  eden space 52224K, 0% used [0x00000000eab00000,0x00000000eab00000,0x00000000ede00000)
  from space 4096K, 96% used [0x00000000ef600000,0x00000000ef9dc940,0x00000000efa00000)
  to   space 10240K, 0% used [0x00000000ee600000,0x00000000ee600000,0x00000000ef000000)
 ParOldGen       total 60928K, used 8467K [0x00000000c0000000, 0x00000000c3b80000, 0x00000000eab00000)
  object space 60928K, 13% used [0x00000000c0000000,0x00000000c0844d08,0x00000000c3b80000)
 Metaspace       used 24226K, capacity 24598K, committed 24880K, reserved 1071104K
  class space    used 3412K, capacity 3530K, committed 3632K, reserved 1048576K
}
Event: 5.593 GC heap before
{Heap before GC invocations=8 (full 1):
 PSYoungGen      total 56320K, used 56178K [0x00000000eab00000, 0x00000000efa00000, 0x0000000100000000)
  eden space 52224K, 100% used [0x00000000eab00000,0x00000000ede00000,0x00000000ede00000)
  from space 4096K, 96% used [0x00000000ef600000,0x00000000ef9dc940,0x00000000efa00000)
  to   space 10240K, 0% used [0x00000000ee600000,0x00000000ee600000,0x00000000ef000000)
 ParOldGen       total 60928K, used 8467K [0x00000000c0000000, 0x00000000c3b80000, 0x00000000eab00000)
  object space 60928K, 13% used [0x00000000c0000000,0x00000000c0844d08,0x00000000c3b80000)
 Metaspace       used 27550K, capacity 28048K, committed 28208K, reserved 1073152K
  class space    used 3924K, capacity 4059K, committed 4144K, reserved 1048576K
Event: 5.609 GC heap after
Heap after GC invocations=8 (full 1):
 PSYoungGen      total 70656K, used 6468K [0x00000000eab00000, 0x00000000f0f80000, 0x0000000100000000)
  eden space 60416K, 0% used [0x00000000eab00000,0x00000000eab00000,0x00000000ee600000)
  from space 10240K, 63% used [0x00000000ee600000,0x00000000eec51190,0x00000000ef000000)
  to   space 9728K, 0% used [0x00000000f0600000,0x00000000f0600000,0x00000000f0f80000)
 ParOldGen       total 60928K, used 8467K [0x00000000c0000000, 0x00000000c3b80000, 0x00000000eab00000)
  object space 60928K, 13% used [0x00000000c0000000,0x00000000c0844d08,0x00000000c3b80000)
 Metaspace       used 27550K, capacity 28048K, committed 28208K, reserved 1073152K
  class space    used 3924K, capacity 4059K, committed 4144K, reserved 1048576K
}
Event: 6.662 GC heap before
{Heap before GC invocations=9 (full 1):
 PSYoungGen      total 70656K, used 66884K [0x00000000eab00000, 0x00000000f0f80000, 0x0000000100000000)
  eden space 60416K, 100% used [0x00000000eab00000,0x00000000ee600000,0x00000000ee600000)
  from space 10240K, 63% used [0x00000000ee600000,0x00000000eec51190,0x00000000ef000000)
  to   space 9728K, 0% used [0x00000000f0600000,0x00000000f0600000,0x00000000f0f80000)
 ParOldGen       total 60928K, used 8467K [0x00000000c0000000, 0x00000000c3b80000, 0x00000000eab00000)
  object space 60928K, 13% used [0x00000000c0000000,0x00000000c0844d08,0x00000000c3b80000)
 Metaspace       used 31369K, capacity 32140K, committed 32432K, reserved 1077248K
  class space    used 4456K, capacity 4700K, committed 4784K, reserved 1048576K
Event: 6.675 GC heap after
Heap after GC invocations=9 (full 1):
 PSYoungGen      total 91648K, used 9698K [0x00000000eab00000, 0x00000000f1e00000, 0x0000000100000000)
  eden space 81920K, 0% used [0x00000000eab00000,0x00000000eab00000,0x00000000efb00000)
  from space 9728K, 99% used [0x00000000f0600000,0x00000000f0f78960,0x00000000f0f80000)
  to   space 11264K, 0% used [0x00000000efb00000,0x00000000efb00000,0x00000000f0600000)
 ParOldGen       total 60928K, used 9123K [0x00000000c0000000, 0x00000000c3b80000, 0x00000000eab00000)
  object space 60928K, 14% used [0x00000000c0000000,0x00000000c08e8ee8,0x00000000c3b80000)
 Metaspace       used 31369K, capacity 32140K, committed 32432K, reserved 1077248K
  class space    used 4456K, capacity 4700K, committed 4784K, reserved 1048576K
}
Event: 7.054 GC heap before
{Heap before GC invocations=10 (full 1):
 PSYoungGen      total 91648K, used 24615K [0x00000000eab00000, 0x00000000f1e00000, 0x0000000100000000)
  eden space 81920K, 18% used [0x00000000eab00000,0x00000000eb991690,0x00000000efb00000)
  from space 9728K, 99% used [0x00000000f0600000,0x00000000f0f78960,0x00000000f0f80000)
  to   space 11264K, 0% used [0x00000000efb00000,0x00000000efb00000,0x00000000f0600000)
 ParOldGen       total 60928K, used 9123K [0x00000000c0000000, 0x00000000c3b80000, 0x00000000eab00000)
  object space 60928K, 14% used [0x00000000c0000000,0x00000000c08e8ee8,0x00000000c3b80000)
 Metaspace       used 34565K, capacity 35336K, committed 35496K, reserved 1079296K
  class space    used 4884K, capacity 5129K, committed 5168K, reserved 1048576K
Event: 7.065 GC heap after
Heap after GC invocations=10 (full 1):
 PSYoungGen      total 93184K, used 7558K [0x00000000eab00000, 0x00000000f2f00000, 0x0000000100000000)
  eden space 81920K, 0% used [0x00000000eab00000,0x00000000eab00000,0x00000000efb00000)
  from space 11264K, 67% used [0x00000000efb00000,0x00000000f0261be8,0x00000000f0600000)
  to   space 11264K, 0% used [0x00000000f2400000,0x00000000f2400000,0x00000000f2f00000)
 ParOldGen       total 60928K, used 10575K [0x00000000c0000000, 0x00000000c3b80000, 0x00000000eab00000)
  object space 60928K, 17% used [0x00000000c0000000,0x00000000c0a53f58,0x00000000c3b80000)
 Metaspace       used 34565K, capacity 35336K, committed 35496K, reserved 1079296K
  class space    used 4884K, capacity 5129K, committed 5168K, reserved 1048576K
}
Event: 7.065 GC heap before
{Heap before GC invocations=11 (full 2):
 PSYoungGen      total 93184K, used 7558K [0x00000000eab00000, 0x00000000f2f00000, 0x0000000100000000)
  eden space 81920K, 0% used [0x00000000eab00000,0x00000000eab00000,0x00000000efb00000)
  from space 11264K, 67% used [0x00000000efb00000,0x00000000f0261be8,0x00000000f0600000)
  to   space 11264K, 0% used [0x00000000f2400000,0x00000000f2400000,0x00000000f2f00000)
 ParOldGen       total 60928K, used 10575K [0x00000000c0000000, 0x00000000c3b80000, 0x00000000eab00000)
  object space 60928K, 17% used [0x00000000c0000000,0x00000000c0a53f58,0x00000000c3b80000)
 Metaspace       used 34565K, capacity 35336K, committed 35496K, reserved 1079296K
  class space    used 4884K, capacity 5129K, committed 5168K, reserved 1048576K
Event: 7.181 GC heap after
Heap after GC invocations=11 (full 2):
 PSYoungGen      total 93184K, used 0K [0x00000000eab00000, 0x00000000f2f00000, 0x0000000100000000)
  eden space 81920K, 0% used [0x00000000eab00000,0x00000000eab00000,0x00000000efb00000)
  from space 11264K, 0% used [0x00000000efb00000,0x00000000efb00000,0x00000000f0600000)
  to   space 11264K, 0% used [0x00000000f2400000,0x00000000f2400000,0x00000000f2f00000)
 ParOldGen       total 60928K, used 15779K [0x00000000c0000000, 0x00000000c3b80000, 0x00000000eab00000)
  object space 60928K, 25% used [0x00000000c0000000,0x00000000c0f68f20,0x00000000c3b80000)
 Metaspace       used 34565K, capacity 35336K, committed 35496K, reserved 1079296K
  class space    used 4884K, capacity 5129K, committed 5168K, reserved 1048576K
}

Deoptimization events (10 events):
Event: 6.750 Thread 0x00000000184b8000 Uncommon trap: reason=predicate action=maybe_recompile pc=0x0000000002d97904 method=java.util.Arrays.binarySearch0([Ljava/lang/Object;IILjava/lang/Object;Ljava/util/Comparator;)I @ 28
Event: 6.750 Thread 0x00000000184b8000 Uncommon trap: reason=predicate action=maybe_recompile pc=0x0000000002d32f10 method=java.util.Arrays.binarySearch0([Ljava/lang/Object;IILjava/lang/Object;Ljava/util/Comparator;)I @ 28
Event: 7.459 Thread 0x00000000184b8000 Uncommon trap: reason=unstable_if action=reinterpret pc=0x000000000346e338 method=java.util.HashMap.putVal(ILjava/lang/Object;Ljava/lang/Object;ZZ)Ljava/lang/Object; @ 162
Event: 7.459 Thread 0x00000000184b8000 Uncommon trap: reason=unstable_if action=reinterpret pc=0x0000000003481ea8 method=java.util.HashMap.putVal(ILjava/lang/Object;Ljava/lang/Object;ZZ)Ljava/lang/Object; @ 162
Event: 7.460 Thread 0x00000000184b8000 Uncommon trap: reason=unstable_if action=reinterpret pc=0x0000000002f3cfd0 method=java.util.HashMap.resize()[Ljava/util/HashMap$Node; @ 206
Event: 7.557 Thread 0x00000000184b8000 Uncommon trap: reason=unstable_if action=reinterpret pc=0x0000000003608730 method=java.lang.reflect.Modifier.toString(I)Ljava/lang/String; @ 123
Event: 7.866 Thread 0x00000000184b8000 Uncommon trap: reason=unstable_if action=reinterpret pc=0x0000000002ffa03c method=java.lang.CharacterDataLatin1.isWhitespace(I)Z @ 14
Event: 7.987 Thread 0x00000000184b8000 Uncommon trap: reason=unstable_if action=reinterpret pc=0x00000000030d1fac method=java.security.CodeSource.getCertificates()[Ljava/security/cert/Certificate; @ 22
Event: 7.987 Thread 0x00000000184b8000 Uncommon trap: reason=unstable_if action=reinterpret pc=0x00000000030c9e3c method=java.util.jar.JarFile.maybeInstantiateVerifier()V @ 75
Event: 7.989 Thread 0x00000000184b8000 Uncommon trap: reason=unstable_if action=reinterpret pc=0x0000000002ebd878 method=java.util.LinkedHashMap.get(Ljava/lang/Object;)Ljava/lang/Object; @ 20

Internal exceptions (10 events):
Event: 6.640 Thread 0x00000000184b8000 Exception <a 'java/lang/ClassNotFoundException': org/gradle/api/AntBuilderBeanInfo> (0x00000000ee461b20) thrown at [C:\re\workspace\8-2-build-windows-amd64-cygwin\jdk8u112\7884\hotspot\src\share\vm\classfile\systemDictionary.cpp, line 210]
Event: 6.641 Thread 0x00000000184b8000 Exception <a 'java/lang/ClassNotFoundException': groovy/util/AntBuilderBeanInfo> (0x00000000ee482a78) thrown at [C:\re\workspace\8-2-build-windows-amd64-cygwin\jdk8u112\7884\hotspot\src\share\vm\classfile\systemDictionary.cpp, line 210]
Event: 6.641 Thread 0x00000000184b8000 Exception <a 'java/lang/ClassNotFoundException': groovy/util/BuilderSupportBeanInfo> (0x00000000ee4a5088) thrown at [C:\re\workspace\8-2-build-windows-amd64-cygwin\jdk8u112\7884\hotspot\src\share\vm\classfile\systemDictionary.cpp, line 210]
Event: 6.642 Thread 0x00000000184b8000 Exception <a 'java/lang/ClassNotFoundException': groovy/util/BuilderSupportCustomizer> (0x00000000ee4c97c8) thrown at [C:\re\workspace\8-2-build-windows-amd64-cygwin\jdk8u112\7884\hotspot\src\share\vm\classfile\systemDictionary.cpp, line 210]
Event: 6.644 Thread 0x00000000184b8000 Exception <a 'java/lang/ClassNotFoundException': groovy/util/AntBuilderCustomizer> (0x00000000ee4eea70) thrown at [C:\re\workspace\8-2-build-windows-amd64-cygwin\jdk8u112\7884\hotspot\src\share\vm\classfile\systemDictionary.cpp, line 210]
Event: 6.645 Thread 0x00000000184b8000 Exception <a 'java/lang/ClassNotFoundException': org/gradle/api/AntBuilderCustomizer> (0x00000000ee5191c0) thrown at [C:\re\workspace\8-2-build-windows-amd64-cygwin\jdk8u112\7884\hotspot\src\share\vm\classfile\systemDictionary.cpp, line 210]
Event: 6.647 Thread 0x00000000184b8000 Exception <a 'java/lang/ClassNotFoundException': org/gradle/api/internal/project/ant/BasicAntBuilderCustomizer> (0x00000000ee558518) thrown at [C:\re\workspace\8-2-build-windows-amd64-cygwin\jdk8u112\7884\hotspot\src\share\vm\classfile\systemDictionary.cp
Event: 6.652 Thread 0x00000000184b8000 Exception <a 'java/lang/ClassNotFoundException': org/gradle/api/internal/project/DefaultAntBuilderCustomizer> (0x00000000ee59e930) thrown at [C:\re\workspace\8-2-build-windows-amd64-cygwin\jdk8u112\7884\hotspot\src\share\vm\classfile\systemDictionary.cpp,
Event: 6.931 Thread 0x00000000184b8000 Exception <a 'sun/nio/fs/WindowsException'> (0x00000000eb38c428) thrown at [C:\re\workspace\8-2-build-windows-amd64-cygwin\jdk8u112\7884\hotspot\src\share\vm\prims\jni.cpp, line 709]
Event: 7.263 Thread 0x00000000184b8000 Exception <a 'sun/nio/fs/WindowsException'> (0x00000000eaef2fa8) thrown at [C:\re\workspace\8-2-build-windows-amd64-cygwin\jdk8u112\7884\hotspot\src\share\vm\prims\jni.cpp, line 709]

Events (10 events):
Event: 8.064 loading class com/android/builder/model/ApiVersion
Event: 8.064 loading class com/android/builder/model/ApiVersion done
Event: 8.065 loading class com/android/builder/core/DefaultVectorDrawablesOptions
Event: 8.065 loading class com/android/builder/core/DefaultVectorDrawablesOptions done
Event: 8.066 loading class com/android/build/gradle/internal/dsl/VectorDrawablesOptions
Event: 8.066 loading class com/android/build/gradle/internal/dsl/VectorDrawablesOptions done
Event: 8.067 loading class com/android/build/gradle/internal/dsl/JackOptions
Event: 8.067 loading class com/android/build/gradle/internal/dsl/JackOptions done
Event: 8.068 loading class com/android/build/gradle/internal/dsl/JavaCompileOptions
Event: 8.068 loading class com/android/build/gradle/internal/dsl/JavaCompileOptions done


Dynamic libraries:
0x00007ff7a1700000 - 0x00007ff7a1737000 	C:\Program Files\Java\jdk1.8.0_112\bin\java.exe
0x00007ffd48d80000 - 0x00007ffd48f61000 	C:\WINDOWS\SYSTEM32\ntdll.dll
0x00007ffd46540000 - 0x00007ffd465f2000 	C:\WINDOWS\System32\KERNEL32.DLL
0x00007ffd45500000 - 0x00007ffd45773000 	C:\WINDOWS\System32\KERNELBASE.dll
0x00007ffd48910000 - 0x00007ffd489b1000 	C:\WINDOWS\System32\ADVAPI32.dll
0x00007ffd48560000 - 0x00007ffd485fe000 	C:\WINDOWS\System32\msvcrt.dll
0x00007ffd488b0000 - 0x00007ffd4890b000 	C:\WINDOWS\System32\sechost.dll
0x00007ffd46e40000 - 0x00007ffd46f64000 	C:\WINDOWS\System32\RPCRT4.dll
0x00007ffd48600000 - 0x00007ffd48790000 	C:\WINDOWS\System32\USER32.dll
0x00007ffd454e0000 - 0x00007ffd45500000 	C:\WINDOWS\System32\win32u.dll
0x00007ffd46750000 - 0x00007ffd46778000 	C:\WINDOWS\System32\GDI32.dll
0x00007ffd45150000 - 0x00007ffd452e2000 	C:\WINDOWS\System32\gdi32full.dll
0x00007ffd460f0000 - 0x00007ffd4618f000 	C:\WINDOWS\System32\msvcp_win.dll
0x00007ffd45ee0000 - 0x00007ffd45fda000 	C:\WINDOWS\System32\ucrtbase.dll
0x00007ffd37270000 - 0x00007ffd374d9000 	C:\WINDOWS\WinSxS\amd64_microsoft.windows.common-controls_6595b64144ccf1df_6.0.17134.345_none_fb429a5930656358\COMCTL32.dll
0x00007ffd46210000 - 0x00007ffd46533000 	C:\WINDOWS\System32\combase.dll
0x00007ffd46190000 - 0x00007ffd4620a000 	C:\WINDOWS\System32\bcryptPrimitives.dll
0x00007ffd46ff0000 - 0x00007ffd4701d000 	C:\WINDOWS\System32\IMM32.DLL
0x00000000529b0000 - 0x0000000052a82000 	C:\Program Files\Java\jdk1.8.0_112\jre\bin\msvcr100.dll
0x0000000052110000 - 0x00000000529aa000 	C:\Program Files\Java\jdk1.8.0_112\jre\bin\server\jvm.dll
0x00007ffd48550000 - 0x00007ffd48558000 	C:\WINDOWS\System32\PSAPI.DLL
0x00007ffd43390000 - 0x00007ffd4339a000 	C:\WINDOWS\SYSTEM32\VERSION.dll
0x00007ffd350e0000 - 0x00007ffd350e9000 	C:\WINDOWS\SYSTEM32\WSOCK32.dll
0x00007ffd404c0000 - 0x00007ffd404e3000 	C:\WINDOWS\SYSTEM32\WINMM.dll
0x00007ffd484e0000 - 0x00007ffd4854c000 	C:\WINDOWS\System32\WS2_32.dll
0x00007ffd40490000 - 0x00007ffd404ba000 	C:\WINDOWS\SYSTEM32\winmmbase.dll
0x00007ffd45780000 - 0x00007ffd457c9000 	C:\WINDOWS\System32\cfgmgr32.dll
0x0000000052100000 - 0x000000005210f000 	C:\Program Files\Java\jdk1.8.0_112\jre\bin\verify.dll
0x00000000520d0000 - 0x00000000520f9000 	C:\Program Files\Java\jdk1.8.0_112\jre\bin\java.dll
0x00000000520b0000 - 0x00000000520c6000 	C:\Program Files\Java\jdk1.8.0_112\jre\bin\zip.dll
0x00007ffd47020000 - 0x00007ffd4845f000 	C:\WINDOWS\System32\SHELL32.dll
0x00007ffd489c0000 - 0x00007ffd48a69000 	C:\WINDOWS\System32\shcore.dll
0x00007ffd457d0000 - 0x00007ffd45edd000 	C:\WINDOWS\System32\windows.storage.dll
0x00007ffd46600000 - 0x00007ffd46651000 	C:\WINDOWS\System32\shlwapi.dll
0x00007ffd45130000 - 0x00007ffd45141000 	C:\WINDOWS\System32\kernel.appcore.dll
0x00007ffd45110000 - 0x00007ffd4512f000 	C:\WINDOWS\System32\profapi.dll
0x00007ffd450a0000 - 0x00007ffd450ec000 	C:\WINDOWS\System32\powrprof.dll
0x00007ffd45090000 - 0x00007ffd4509a000 	C:\WINDOWS\System32\FLTLIB.DLL
0x0000000052090000 - 0x00000000520aa000 	C:\Program Files\Java\jdk1.8.0_112\jre\bin\net.dll
0x00007ffd44910000 - 0x00007ffd44976000 	C:\WINDOWS\system32\mswsock.dll
0x0000000052070000 - 0x0000000052081000 	C:\Program Files\Java\jdk1.8.0_112\jre\bin\nio.dll
0x00007ffd42e20000 - 0x00007ffd42e3e000 	C:\Users\dcsb\.gradle\native\25\windows-amd64\native-platform.dll
0x0000000052060000 - 0x000000005206d000 	C:\Program Files\Java\jdk1.8.0_112\jre\bin\management.dll
0x00007ffd44ad0000 - 0x00007ffd44ae7000 	C:\WINDOWS\SYSTEM32\CRYPTSP.dll
0x00007ffd444f0000 - 0x00007ffd44523000 	C:\WINDOWS\system32\rsaenh.dll
0x00007ffd44bf0000 - 0x00007ffd44c15000 	C:\WINDOWS\SYSTEM32\bcrypt.dll
0x00007ffd44f90000 - 0x00007ffd44fb8000 	C:\WINDOWS\SYSTEM32\USERENV.dll
0x00007ffd44ac0000 - 0x00007ffd44acb000 	C:\WINDOWS\SYSTEM32\CRYPTBASE.dll
0x00007ffd44690000 - 0x00007ffd446c8000 	C:\WINDOWS\SYSTEM32\IPHLPAPI.DLL
0x00007ffd46f70000 - 0x00007ffd46f78000 	C:\WINDOWS\System32\NSI.dll
0x00007ffd3a9b0000 - 0x00007ffd3a9c6000 	C:\WINDOWS\SYSTEM32\dhcpcsvc6.DLL
0x00007ffd3cb40000 - 0x00007ffd3cb5a000 	C:\WINDOWS\SYSTEM32\dhcpcsvc.DLL

VM Arguments:
jvm_args: -XX:+HeapDumpOnOutOfMemoryError -Xmx1024m -Dfile.encoding=windows-1252 -Duser.country=BR -Duser.language=pt -Duser.variant 
java_command: org.gradle.launcher.daemon.bootstrap.GradleDaemon 4.4
java_class_path (initial): C:\Users\dcsb\.gradle\wrapper\dists\gradle-4.4-all\9br9xq1tocpiv8o6njlyu5op1\gradle-4.4\lib\gradle-launcher-4.4.jar
Launcher Type: SUN_STANDARD

Environment Variables:
JAVA_HOME=C:\Program Files\Java\jdk1.8.0_112
CLASSPATH=D:\Projetos\react-native\luizalabs\marvelDesafio\android\\gradle\wrapper\gradle-wrapper.jar
PATH=C:\cmder\bin;C:\cmder\vendor\conemu-maximus5\ConEmu\Scripts;C:\cmder\vendor\conemu-maximus5;C:\cmder\vendor\conemu-maximus5\ConEmu;C:\Program Files (x86)\Intel\iCLS Client\;C:\ProgramData\Oracle\Java\javapath;C:\Program Files\Intel\iCLS Client\;C:\Windows\system32;C:\Windows;C:\Windows\System32\Wbem;C:\Windows\System32\WindowsPowerShell\v1.0\;C:\Program Files (x86)\NVIDIA Corporation\PhysX\Common;C:\Program Files\Microsoft SQL Server\130\Tools\Binn\;C:\Program Files\dotnet\;C:\WINDOWS\system32;C:\WINDOWS;C:\WINDOWS\System32\Wbem;C:\WINDOWS\System32\WindowsPowerShell\v1.0\;C:\Program Files\Git\cmd;C:\WINDOWS\System32\OpenSSH\;C:\Program Files\Microsoft VS Code\bin;C:\Users\dcsb\AppData\Roaming\nvm;C:\Program Files\nodejs;C:\Program Files\MongoDB\Server\4.0\bin;C:\Program Files (x86)\Intel\Intel(R) Management Engine Components\DAL;C:\Program Files\Intel\Intel(R) Management Engine Components\DAL;C:\Program Files (x86)\Intel\Intel(R) Management Engine Components\IPT;C:\Program Files\Intel\Intel(R) Management Engine Components\IPT;C:\Users\dcsb\AppData\Local\Microsoft\WindowsApps;C:\Users\dcsb\AppData\Local\Android\Sdk\platform-tools;C:\Program Files\Microsoft VS Code\bin;C:\Users\dcsb\AppData\Roaming\npm;C:\Users\dcsb\AppData\Local\Programs\Microsoft VS Code\bin;C:\Users\dcsb\AppData\Roaming\nvm;C:\Program Files\nodejs;C:\Program Files\Git\usr\bin;C:\Program Files\Git\usr\share\vim\vim74;C:\cmder\
USERNAME=dcsb
OS=Windows_NT
PROCESSOR_IDENTIFIER=Intel64 Family 6 Model 142 Stepping 9, GenuineIntel



---------------  S Y S T E M  ---------------

OS: Windows 10.0 , 64 bit Build 17134 (10.0.17134.1)

CPU:total 4 (2 cores per cpu, 2 threads per core) family 6 model 142 stepping 9, cmov, cx8, fxsr, mmx, sse, sse2, sse3, ssse3, sse4.1, sse4.2, popcnt, avx, avx2, aes, clmul, erms, 3dnowpref, lzcnt, ht, tsc, tscinvbit, bmi1, bmi2, adx

Memory: 4k page, physical 8284640k(2571100k free), swap 8284640k(5212k free)

vm_info: Java HotSpot(TM) 64-Bit Server VM (25.112-b15) for windows-amd64 JRE (1.8.0_112-b15), built on Sep 22 2016 21:31:56 by "java_re" with MS VC++ 10.0 (VS2010)

time: Sun Nov 04 19:43:36 2018
elapsed time: 8 seconds (0d 0h 0m 8s)

