#
# There is insufficient memory for the Java Runtime Environment to continue.
# Native memory allocation (malloc) failed to allocate 1463216 bytes for Chunk::new
# Possible reasons:
#   The system is out of physical RAM or swap space
#   In 32 bit mode, the process size limit was hit
# Possible solutions:
#   Reduce memory load on the system
#   Increase physical memory or swap space
#   Check if swap backing store is full
#   Use 64 bit Java on a 64 bit OS
#   Decrease Java heap size (-Xmx/-Xms)
#   Decrease number of Java threads
#   Decrease Java thread stack sizes (-Xss)
#   Set larger code cache with -XX:ReservedCodeCacheSize=
# This output file may be truncated or incomplete.
#
#  Out of Memory Error (allocation.cpp:390), pid=5032, tid=0x00000000000026ac
#
# JRE version: Java(TM) SE Runtime Environment (8.0_112-b15) (build 1.8.0_112-b15)
# Java VM: Java HotSpot(TM) 64-Bit Server VM (25.112-b15 mixed mode windows-amd64 compressed oops)
# Failed to write core dump. Minidumps are not enabled by default on client versions of Windows
#

---------------  T H R E A D  ---------------

Current thread (0x0000000014fc8000):  JavaThread "C2 CompilerThread1" daemon [_thread_in_native, id=9900, stack(0x0000000016740000,0x0000000016840000)]

Stack: [0x0000000016740000,0x0000000016840000]
[error occurred during error reporting (printing stack bounds), id 0xc0000005]

Native frames: (J=compiled Java code, j=interpreted, Vv=VM code, C=native code)


Current CompileTask:
C2:20145896 18713       4       org.gradle.internal.graph.CachingDirectedGraphWalker::doSearch (650 bytes)


---------------  P R O C E S S  ---------------

Java Threads: ( => current thread )
  0x000000001b0d0000 JavaThread "Task worker for ':' Thread 3" [_thread_blocked, id=10744, stack(0x00000000308b0000,0x00000000309b0000)]
  0x000000001ddf9000 JavaThread "Task worker for ':' Thread 2" [_thread_blocked, id=6640, stack(0x00000000307b0000,0x00000000308b0000)]
  0x000000001ddf7800 JavaThread "Task worker for ':'" [_thread_blocked, id=11828, stack(0x00000000306b0000,0x00000000307b0000)]
  0x000000001ddf8000 JavaThread "Cache worker for Build Output Cleanup Cache (D:\Projetos\react-native\luizalabs\marvelDesafio\android\.gradle\buildOutputCleanup)" [_thread_blocked, id=3108, stack(0x00000000305b0000,0x00000000306b0000)]
  0x000000001ddf6000 JavaThread "Cache worker for task history cache (D:\Projetos\react-native\luizalabs\marvelDesafio\android\.gradle\4.4\taskHistory)" [_thread_blocked, id=2248, stack(0x00000000304b0000,0x00000000305b0000)]
  0x000000001ddf6800 JavaThread "Cache worker for file content cache (D:\Projetos\react-native\luizalabs\marvelDesafio\android\.gradle\4.4\fileContent)" [_thread_blocked, id=3008, stack(0x00000000303b0000,0x00000000304b0000)]
  0x000000001ddef000 JavaThread "build operations Thread 4" [_thread_blocked, id=1628, stack(0x00000000302b0000,0x00000000303b0000)]
  0x000000001ddee800 JavaThread "build operations Thread 3" [_thread_blocked, id=6112, stack(0x00000000301b0000,0x00000000302b0000)]
  0x000000001ddf4800 JavaThread "build operations Thread 2" [_thread_blocked, id=5192, stack(0x00000000300b0000,0x00000000301b0000)]
  0x000000001ddf5000 JavaThread "build operations" [_thread_blocked, id=6376, stack(0x000000002ffb0000,0x00000000300b0000)]
  0x000000001ddf3800 JavaThread "Cache worker for Artifact transforms cache (C:\Users\dcsb\.gradle\caches\transforms-1)" [_thread_blocked, id=1448, stack(0x000000002feb0000,0x000000002ffb0000)]
  0x000000001ddec000 JavaThread "Cache worker for file hash cache (D:\Projetos\react-native\luizalabs\marvelDesafio\android\.gradle\4.4\fileHashes)" [_thread_blocked, id=13020, stack(0x000000002fdb0000,0x000000002feb0000)]
  0x000000001ddf2000 JavaThread "Stdin handler" [_thread_blocked, id=5500, stack(0x000000002fcb0000,0x000000002fdb0000)]
  0x000000001ddf3000 JavaThread "Asynchronous log dispatcher for DefaultDaemonConnection: socket connection from /127.0.0.1:51375 to /127.0.0.1:60625" [_thread_blocked, id=1996, stack(0x000000002fbb0000,0x000000002fcb0000)]
  0x000000001dded800 JavaThread "Daemon worker Thread 8" [_thread_in_native, id=6232, stack(0x000000002fab0000,0x000000002fbb0000)]
  0x000000001ddf1800 JavaThread "Cancel handler" [_thread_blocked, id=1032, stack(0x000000002f9b0000,0x000000002fab0000)]
  0x000000001ddf0800 JavaThread "Handler for socket connection from /127.0.0.1:51375 to /127.0.0.1:60625" [_thread_in_native, id=11464, stack(0x000000002f8b0000,0x000000002f9b0000)]
  0x000000001ddec800 JavaThread "Daemon Thread 8" [_thread_blocked, id=8548, stack(0x000000002f7b0000,0x000000002f8b0000)]
  0x000000001b0d8000 JavaThread "Device List Monitor" [_thread_in_native, id=8820, stack(0x00000000224b0000,0x00000000225b0000)]
  0x000000001b0cb800 JavaThread "Monitor" [_thread_in_native, id=5420, stack(0x00000000220b0000,0x00000000221b0000)]
  0x000000001b0ce800 JavaThread "Memory manager" [_thread_blocked, id=7676, stack(0x0000000020960000,0x0000000020a60000)]
  0x000000001b0cd000 JavaThread "pool-1-thread-1" [_thread_blocked, id=1044, stack(0x0000000020860000,0x0000000020960000)]
  0x0000000018067800 JavaThread "File lock request listener" [_thread_in_native, id=3332, stack(0x000000001ab70000,0x000000001ac70000)]
  0x000000001806b000 JavaThread "Cache worker for file hash cache (C:\Users\dcsb\.gradle\caches\4.4\fileHashes)" [_thread_blocked, id=7292, stack(0x000000001aa70000,0x000000001ab70000)]
  0x0000000017f3c800 JavaThread "Daemon periodic checks" [_thread_blocked, id=11328, stack(0x0000000018fa0000,0x00000000190a0000)]
  0x0000000017eeb000 JavaThread "Incoming local TCP Connector on port 51375" [_thread_in_native, id=12108, stack(0x0000000018ea0000,0x0000000018fa0000)]
  0x0000000017e3d800 JavaThread "Daemon health stats" [_thread_blocked, id=10620, stack(0x0000000018860000,0x0000000018960000)]
  0x0000000016968800 JavaThread "Service Thread" daemon [_thread_blocked, id=6296, stack(0x0000000016d40000,0x0000000016e40000)]
  0x0000000014fcc000 JavaThread "C1 CompilerThread2" daemon [_thread_blocked, id=8112, stack(0x0000000016840000,0x0000000016940000)]
=>0x0000000014fc8000 JavaThread "C2 CompilerThread1" daemon [_thread_in_native, id=9900, stack(0x0000000016740000,0x0000000016840000)]
  0x0000000014fc0800 JavaThread "C2 CompilerThread0" daemon [_thread_in_native, id=4252, stack(0x0000000016640000,0x0000000016740000)]
  0x0000000014fbf800 JavaThread "Attach Listener" daemon [_thread_blocked, id=11896, stack(0x0000000016540000,0x0000000016640000)]
  0x0000000014fbe000 JavaThread "Signal Dispatcher" daemon [_thread_blocked, id=5580, stack(0x0000000016440000,0x0000000016540000)]
  0x00000000028bc000 JavaThread "Finalizer" daemon [_thread_blocked, id=12364, stack(0x0000000016220000,0x0000000016320000)]
  0x00000000028b1800 JavaThread "Reference Handler" daemon [_thread_blocked, id=2912, stack(0x0000000016120000,0x0000000016220000)]
  0x000000000269e000 JavaThread "main" [_thread_blocked, id=2236, stack(0x00000000026c0000,0x00000000027c0000)]

Other Threads:
  0x0000000014f89000 VMThread [stack: 0x0000000016020000,0x0000000016120000] [id=2156]
  0x000000001698a000 WatcherThread [stack: 0x0000000016f90000,0x0000000017090000] [id=1040]

VM state:not at safepoint (normal execution)

VM Mutex/Monitor currently owned by a thread: None

Heap:
 PSYoungGen      total 265728K, used 125778K [0x00000000eab00000, 0x00000000fe600000, 0x0000000100000000)
  eden space 212992K, 57% used [0x00000000eab00000,0x00000000f2288b58,0x00000000f7b00000)
  from space 52736K, 6% used [0x00000000fb280000,0x00000000fb5cc030,0x00000000fe600000)
  to   space 54784K, 0% used [0x00000000f7b00000,0x00000000f7b00000,0x00000000fb080000)
 ParOldGen       total 164864K, used 103397K [0x00000000c0000000, 0x00000000ca100000, 0x00000000eab00000)
  object space 164864K, 62% used [0x00000000c0000000,0x00000000c64f9470,0x00000000ca100000)
 Metaspace       used 83317K, capacity 88100K, committed 88240K, reserved 1126400K
  class space    used 10769K, capacity 11696K, committed 11696K, reserved 1048576K

Card table byte_map: [0x0000000011c90000,0x0000000011ea0000] byte_map_base: 0x0000000011690000

Marking Bits: (ParMarkBitMap*) 0x0000000064a5a6d0
 Begin Bits: [0x0000000012400000, 0x0000000013400000)
 End Bits:   [0x0000000013400000, 0x0000000014400000)

Polling page: 0x00000000005c0000

CodeCache: size=245760Kb used=50371Kb max_used=50474Kb free=195388Kb
 bounds [0x00000000028d0000, 0x0000000005a90000, 0x00000000118d0000]
 total_blobs=15782 nmethods=14904 adapters=789
 compilation: enabled

Compilation events (10 events):
Event: 20142.515 Thread 0x0000000014fcc000 18757       3       org.gradle.api.internal.artifacts.ivyservice.ivyresolve.CachingModuleComponentRepository$LocateInCacheRepositoryAccess$1::transform (9 bytes)
Event: 20142.516 Thread 0x0000000014fcc000 nmethod 18757 0x0000000003d50310 code [0x0000000003d50480, 0x0000000003d507c8]
Event: 20142.520 Thread 0x0000000014fcc000 18760       3       org.gradle.api.internal.artifacts.ivyservice.resolveengine.graph.builder.ComponentState::restart (38 bytes)
Event: 20142.520 Thread 0x0000000014fcc000 nmethod 18760 0x0000000003242650 code [0x0000000003242800, 0x0000000003242df8]
Event: 20142.522 Thread 0x0000000014fcc000 18761       3       org.gradle.api.internal.artifacts.ivyservice.resolveengine.graph.builder.SelectorState::restart (33 bytes)
Event: 20142.523 Thread 0x0000000014fcc000 nmethod 18761 0x00000000029ff910 code [0x00000000029ffae0, 0x0000000002a000f8]
Event: 20142.527 Thread 0x0000000014fc0800 nmethod 18756 0x0000000004e39ed0 code [0x0000000004e3a060, 0x0000000004e3a6c8]
Event: 20142.528 Thread 0x0000000014fc0800 18759       4       org.gradle.internal.component.external.model.DefaultModuleComponentIdentifier::equals (79 bytes)
Event: 20142.531 Thread 0x0000000014fc0800 nmethod 18759 0x0000000003d4ba10 code [0x0000000003d4bb60, 0x0000000003d4bf98]
Event: 20142.532 Thread 0x0000000014fc0800 18758       4       org.gradle.api.internal.artifacts.DefaultImmutableModuleIdentifierFactory::moduleWithVersion (93 bytes)

GC Heap History (10 events):
Event: 16122.941 GC heap before
{Heap before GC invocations=21 (full 3):
 PSYoungGen      total 181248K, used 180287K [0x00000000eab00000, 0x00000000f8e00000, 0x0000000100000000)
  eden space 150528K, 99% used [0x00000000eab00000,0x00000000f3d24138,0x00000000f3e00000)
  from space 30720K, 99% used [0x00000000f4200000,0x00000000f5febca8,0x00000000f6000000)
  to   space 40960K, 0% used [0x00000000f6600000,0x00000000f6600000,0x00000000f8e00000)
 ParOldGen       total 164864K, used 60775K [0x00000000c0000000, 0x00000000ca100000, 0x00000000eab00000)
  object space 164864K, 36% used [0x00000000c0000000,0x00000000c3b59e20,0x00000000ca100000)
 Metaspace       used 82795K, capacity 87320K, committed 87472K, reserved 1124352K
  class space    used 10716K, capacity 11608K, committed 11696K, reserved 1048576K
Event: 16122.973 GC heap after
Heap after GC invocations=21 (full 3):
 PSYoungGen      total 180224K, used 40948K [0x00000000eab00000, 0x00000000fa000000, 0x0000000100000000)
  eden space 139264K, 0% used [0x00000000eab00000,0x00000000eab00000,0x00000000f3300000)
  from space 40960K, 99% used [0x00000000f6600000,0x00000000f8dfd150,0x00000000f8e00000)
  to   space 52224K, 0% used [0x00000000f3300000,0x00000000f3300000,0x00000000f6600000)
 ParOldGen       total 164864K, used 72749K [0x00000000c0000000, 0x00000000ca100000, 0x00000000eab00000)
  object space 164864K, 44% used [0x00000000c0000000,0x00000000c470b788,0x00000000ca100000)
 Metaspace       used 82795K, capacity 87320K, committed 87472K, reserved 1124352K
  class space    used 10716K, capacity 11608K, committed 11696K, reserved 1048576K
}
Event: 16123.239 GC heap before
{Heap before GC invocations=22 (full 3):
 PSYoungGen      total 180224K, used 179851K [0x00000000eab00000, 0x00000000fa000000, 0x0000000100000000)
  eden space 139264K, 99% used [0x00000000eab00000,0x00000000f32a5c38,0x00000000f3300000)
  from space 40960K, 99% used [0x00000000f6600000,0x00000000f8dfd150,0x00000000f8e00000)
  to   space 52224K, 0% used [0x00000000f3300000,0x00000000f3300000,0x00000000f6600000)
 ParOldGen       total 164864K, used 72749K [0x00000000c0000000, 0x00000000ca100000, 0x00000000eab00000)
  object space 164864K, 44% used [0x00000000c0000000,0x00000000c470b788,0x00000000ca100000)
 Metaspace       used 82919K, capacity 87470K, committed 87728K, reserved 1126400K
  class space    used 10733K, capacity 11615K, committed 11696K, reserved 1048576K
Event: 16123.258 GC heap after
Heap after GC invocations=22 (full 3):
 PSYoungGen      total 191488K, used 35578K [0x00000000eab00000, 0x00000000fb300000, 0x0000000100000000)
  eden space 139264K, 0% used [0x00000000eab00000,0x00000000eab00000,0x00000000f3300000)
  from space 52224K, 68% used [0x00000000f3300000,0x00000000f55be810,0x00000000f6600000)
  to   space 54784K, 0% used [0x00000000f7d80000,0x00000000f7d80000,0x00000000fb300000)
 ParOldGen       total 164864K, used 75386K [0x00000000c0000000, 0x00000000ca100000, 0x00000000eab00000)
  object space 164864K, 45% used [0x00000000c0000000,0x00000000c499e8b0,0x00000000ca100000)
 Metaspace       used 82919K, capacity 87470K, committed 87728K, reserved 1126400K
  class space    used 10733K, capacity 11615K, committed 11696K, reserved 1048576K
}
Event: 16123.275 GC heap before
{Heap before GC invocations=23 (full 3):
 PSYoungGen      total 191488K, used 174147K [0x00000000eab00000, 0x00000000fb300000, 0x0000000100000000)
  eden space 139264K, 99% used [0x00000000eab00000,0x00000000f3252418,0x00000000f3300000)
  from space 52224K, 68% used [0x00000000f3300000,0x00000000f55be810,0x00000000f6600000)
  to   space 54784K, 0% used [0x00000000f7d80000,0x00000000f7d80000,0x00000000fb300000)
 ParOldGen       total 164864K, used 75386K [0x00000000c0000000, 0x00000000ca100000, 0x00000000eab00000)
  object space 164864K, 45% used [0x00000000c0000000,0x00000000c499e8b0,0x00000000ca100000)
 Metaspace       used 82924K, capacity 87470K, committed 87728K, reserved 1126400K
  class space    used 10733K, capacity 11615K, committed 11696K, reserved 1048576K
Event: 16123.297 GC heap after
Heap after GC invocations=23 (full 3):
 PSYoungGen      total 214016K, used 35069K [0x00000000eab00000, 0x00000000fce00000, 0x0000000100000000)
  eden space 159232K, 0% used [0x00000000eab00000,0x00000000eab00000,0x00000000f4680000)
  from space 54784K, 64% used [0x00000000f7d80000,0x00000000f9fbf420,0x00000000fb300000)
  to   space 56320K, 0% used [0x00000000f4680000,0x00000000f4680000,0x00000000f7d80000)
 ParOldGen       total 164864K, used 75394K [0x00000000c0000000, 0x00000000ca100000, 0x00000000eab00000)
  object space 164864K, 45% used [0x00000000c0000000,0x00000000c49a08b0,0x00000000ca100000)
 Metaspace       used 82924K, capacity 87470K, committed 87728K, reserved 1126400K
  class space    used 10733K, capacity 11615K, committed 11696K, reserved 1048576K
}
Event: 16123.321 GC heap before
{Heap before GC invocations=24 (full 3):
 PSYoungGen      total 214016K, used 193455K [0x00000000eab00000, 0x00000000fce00000, 0x0000000100000000)
  eden space 159232K, 99% used [0x00000000eab00000,0x00000000f45aca40,0x00000000f4680000)
  from space 54784K, 64% used [0x00000000f7d80000,0x00000000f9fbf420,0x00000000fb300000)
  to   space 56320K, 0% used [0x00000000f4680000,0x00000000f4680000,0x00000000f7d80000)
 ParOldGen       total 164864K, used 75394K [0x00000000c0000000, 0x00000000ca100000, 0x00000000eab00000)
  object space 164864K, 45% used [0x00000000c0000000,0x00000000c49a08b0,0x00000000ca100000)
 Metaspace       used 82927K, capacity 87470K, committed 87728K, reserved 1126400K
  class space    used 10733K, capacity 11615K, committed 11696K, reserved 1048576K
Event: 16123.342 GC heap after
Heap after GC invocations=24 (full 3):
 PSYoungGen      total 215552K, used 11740K [0x00000000eab00000, 0x00000000fe800000, 0x0000000100000000)
  eden space 159232K, 0% used [0x00000000eab00000,0x00000000eab00000,0x00000000f4680000)
  from space 56320K, 20% used [0x00000000f4680000,0x00000000f51f7008,0x00000000f7d80000)
  to   space 54784K, 0% used [0x00000000fb280000,0x00000000fb280000,0x00000000fe800000)
 ParOldGen       total 164864K, used 98636K [0x00000000c0000000, 0x00000000ca100000, 0x00000000eab00000)
  object space 164864K, 59% used [0x00000000c0000000,0x00000000c6053350,0x00000000ca100000)
 Metaspace       used 82927K, capacity 87470K, committed 87728K, reserved 1126400K
  class space    used 10733K, capacity 11615K, committed 11696K, reserved 1048576K
}
Event: 16602.800 GC heap before
{Heap before GC invocations=25 (full 3):
 PSYoungGen      total 215552K, used 170972K [0x00000000eab00000, 0x00000000fe800000, 0x0000000100000000)
  eden space 159232K, 100% used [0x00000000eab00000,0x00000000f4680000,0x00000000f4680000)
  from space 56320K, 20% used [0x00000000f4680000,0x00000000f51f7008,0x00000000f7d80000)
  to   space 54784K, 0% used [0x00000000fb280000,0x00000000fb280000,0x00000000fe800000)
 ParOldGen       total 164864K, used 98636K [0x00000000c0000000, 0x00000000ca100000, 0x00000000eab00000)
  object space 164864K, 59% used [0x00000000c0000000,0x00000000c6053350,0x00000000ca100000)
 Metaspace       used 83058K, capacity 87674K, committed 87984K, reserved 1126400K
  class space    used 10748K, capacity 11631K, committed 11696K, reserved 1048576K
Event: 16602.813 GC heap after
Heap after GC invocations=25 (full 3):
 PSYoungGen      total 265728K, used 3376K [0x00000000eab00000, 0x00000000fe600000, 0x0000000100000000)
  eden space 212992K, 0% used [0x00000000eab00000,0x00000000eab00000,0x00000000f7b00000)
  from space 52736K, 6% used [0x00000000fb280000,0x00000000fb5cc030,0x00000000fe600000)
  to   space 54784K, 0% used [0x00000000f7b00000,0x00000000f7b00000,0x00000000fb080000)
 ParOldGen       total 164864K, used 103397K [0x00000000c0000000, 0x00000000ca100000, 0x00000000eab00000)
  object space 164864K, 62% used [0x00000000c0000000,0x00000000c64f9470,0x00000000ca100000)
 Metaspace       used 83058K, capacity 87674K, committed 87984K, reserved 1126400K
  class space    used 10748K, capacity 11631K, committed 11696K, reserved 1048576K
}

Deoptimization events (10 events):
Event: 16123.477 Thread 0x0000000018069000 Uncommon trap: reason=class_check action=maybe_recompile pc=0x0000000004d45098 method=com.google.common.collect.Maps$1.transform(Ljava/lang/Object;)Ljava/util/Map$Entry; @ 6
Event: 16123.480 Thread 0x0000000018069000 Uncommon trap: reason=class_check action=maybe_recompile pc=0x0000000004d45098 method=com.google.common.collect.Maps$1.transform(Ljava/lang/Object;)Ljava/util/Map$Entry; @ 6
Event: 16123.480 Thread 0x0000000018069000 Uncommon trap: reason=class_check action=maybe_recompile pc=0x0000000004d45098 method=com.google.common.collect.Maps$1.transform(Ljava/lang/Object;)Ljava/util/Map$Entry; @ 6
Event: 16123.480 Thread 0x0000000018069000 Uncommon trap: reason=class_check action=maybe_recompile pc=0x0000000004d45098 method=com.google.common.collect.Maps$1.transform(Ljava/lang/Object;)Ljava/util/Map$Entry; @ 6
Event: 16123.483 Thread 0x0000000018069000 Uncommon trap: reason=bimorphic action=maybe_recompile pc=0x000000000501c5b8 method=com.google.common.collect.Iterables.toArray(Ljava/lang/Iterable;[Ljava/lang/Object;)[Ljava/lang/Object; @ 7
Event: 16123.511 Thread 0x0000000018069000 Uncommon trap: reason=bimorphic action=maybe_recompile pc=0x000000000501c5b8 method=com.google.common.collect.Iterables.toArray(Ljava/lang/Iterable;[Ljava/lang/Object;)[Ljava/lang/Object; @ 7
Event: 16602.588 Thread 0x000000001ae82000 Uncommon trap: reason=class_check action=maybe_recompile pc=0x00000000050d401c method=java.util.stream.ReferencePipeline.forEachWithCancel(Ljava/util/Spliterator;Ljava/util/stream/Sink;)V @ 1
Event: 16603.808 Thread 0x000000001ddf4800 Uncommon trap: reason=unstable_if action=reinterpret pc=0x000000000341e51c method=java.util.LinkedHashMap.afterNodeInsertion(Z)V @ 18
Event: 16604.132 Thread 0x000000001ae82000 Uncommon trap: reason=class_check action=maybe_recompile pc=0x0000000005016848 method=com.google.common.collect.ImmutableList.copyOf(Ljava/util/Collection;)Lcom/google/common/collect/ImmutableList; @ 35
Event: 16604.135 Thread 0x000000001ae82000 Uncommon trap: reason=class_check action=maybe_recompile pc=0x0000000005016848 method=com.google.common.collect.ImmutableList.copyOf(Ljava/util/Collection;)Lcom/google/common/collect/ImmutableList; @ 35

Internal exceptions (10 events):
Event: 20141.639 Thread 0x000000001dded800 Exception <a 'sun/nio/fs/WindowsException'> (0x00000000f03b0a50) thrown at [C:\re\workspace\8-2-build-windows-amd64-cygwin\jdk8u112\7884\hotspot\src\share\vm\prims\jni.cpp, line 709]
Event: 20141.641 Thread 0x000000001dded800 Exception <a 'sun/nio/fs/WindowsException'> (0x00000000f03b3988) thrown at [C:\re\workspace\8-2-build-windows-amd64-cygwin\jdk8u112\7884\hotspot\src\share\vm\prims\jni.cpp, line 709]
Event: 20141.642 Thread 0x000000001dded800 Exception <a 'sun/nio/fs/WindowsException'> (0x00000000f03b4620) thrown at [C:\re\workspace\8-2-build-windows-amd64-cygwin\jdk8u112\7884\hotspot\src\share\vm\prims\jni.cpp, line 709]
Event: 20141.642 Thread 0x000000001dded800 Exception <a 'sun/nio/fs/WindowsException'> (0x00000000f03b6300) thrown at [C:\re\workspace\8-2-build-windows-amd64-cygwin\jdk8u112\7884\hotspot\src\share\vm\prims\jni.cpp, line 709]
Event: 20141.642 Thread 0x000000001dded800 Exception <a 'sun/nio/fs/WindowsException'> (0x00000000f03b6fd0) thrown at [C:\re\workspace\8-2-build-windows-amd64-cygwin\jdk8u112\7884\hotspot\src\share\vm\prims\jni.cpp, line 709]
Event: 20141.644 Thread 0x000000001dded800 Exception <a 'sun/nio/fs/WindowsException'> (0x00000000f03b9b98) thrown at [C:\re\workspace\8-2-build-windows-amd64-cygwin\jdk8u112\7884\hotspot\src\share\vm\prims\jni.cpp, line 709]
Event: 20141.644 Thread 0x000000001dded800 Exception <a 'sun/nio/fs/WindowsException'> (0x00000000f03ba898) thrown at [C:\re\workspace\8-2-build-windows-amd64-cygwin\jdk8u112\7884\hotspot\src\share\vm\prims\jni.cpp, line 709]
Event: 20141.644 Thread 0x000000001dded800 Exception <a 'sun/nio/fs/WindowsException'> (0x00000000f03bc5c8) thrown at [C:\re\workspace\8-2-build-windows-amd64-cygwin\jdk8u112\7884\hotspot\src\share\vm\prims\jni.cpp, line 709]
Event: 20141.644 Thread 0x000000001dded800 Exception <a 'sun/nio/fs/WindowsException'> (0x00000000f03bd308) thrown at [C:\re\workspace\8-2-build-windows-amd64-cygwin\jdk8u112\7884\hotspot\src\share\vm\prims\jni.cpp, line 709]
Event: 20141.921 Thread 0x000000001dded800 Exception <a 'sun/nio/fs/WindowsException'> (0x00000000f0e47c70) thrown at [C:\re\workspace\8-2-build-windows-amd64-cygwin\jdk8u112\7884\hotspot\src\share\vm\prims\jni.cpp, line 709]

Events (10 events):
Event: 20142.481 Thread 0x0000000014fcc000 flushing nmethod 0x0000000003d4ba10
Event: 20142.481 Thread 0x0000000014fcc000 flushing nmethod 0x0000000003d50210
Event: 20142.482 Thread 0x0000000014fcc000 flushing nmethod 0x0000000003f80350
Event: 20142.509 Thread 0x0000000014fcc000 flushing nmethod 0x000000000417b150
Event: 20142.510 Thread 0x0000000014fcc000 flushing nmethod 0x000000000429b250
Event: 20142.519 Thread 0x0000000014fcc000 flushing nmethod 0x000000000474ba50
Event: 20142.521 Thread 0x0000000014fcc000 flushing nmethod 0x0000000004855b10
Event: 20142.524 Thread 0x0000000014fcc000 flushing nmethod 0x0000000005016350
Event: 20142.528 Thread 0x0000000014fc0800 flushing nmethod 0x00000000052ed750
Event: 20142.532 Thread 0x0000000014fc0800 flushing nmethod 0x000000000558a190


Dynamic libraries:
0x00007ff6d3c20000 - 0x00007ff6d3c57000 	C:\Program Files\Java\jdk1.8.0_112\bin\java.exe
0x00007ff849af0000 - 0x00007ff849cd1000 	C:\WINDOWS\SYSTEM32\ntdll.dll
0x00007ff8471d0000 - 0x00007ff847282000 	C:\WINDOWS\System32\KERNEL32.DLL
0x00007ff8467c0000 - 0x00007ff846a33000 	C:\WINDOWS\System32\KERNELBASE.dll
0x00007ff847b60000 - 0x00007ff847c01000 	C:\WINDOWS\System32\ADVAPI32.dll
0x00007ff847c10000 - 0x00007ff847cae000 	C:\WINDOWS\System32\msvcrt.dll
0x00007ff849a50000 - 0x00007ff849aab000 	C:\WINDOWS\System32\sechost.dll
0x00007ff847ce0000 - 0x00007ff847e04000 	C:\WINDOWS\System32\RPCRT4.dll
0x00007ff848300000 - 0x00007ff848490000 	C:\WINDOWS\System32\USER32.dll
0x00007ff846a40000 - 0x00007ff846a60000 	C:\WINDOWS\System32\win32u.dll
0x00007ff847f80000 - 0x00007ff847fa8000 	C:\WINDOWS\System32\GDI32.dll
0x00007ff846620000 - 0x00007ff8467b2000 	C:\WINDOWS\System32\gdi32full.dll
0x00007ff846a60000 - 0x00007ff846aff000 	C:\WINDOWS\System32\msvcp_win.dll
0x00007ff846e80000 - 0x00007ff846f7a000 	C:\WINDOWS\System32\ucrtbase.dll
0x00007ff838c40000 - 0x00007ff838ea9000 	C:\WINDOWS\WinSxS\amd64_microsoft.windows.common-controls_6595b64144ccf1df_6.0.17134.345_none_fb429a5930656358\COMCTL32.dll
0x00007ff8477c0000 - 0x00007ff847ae3000 	C:\WINDOWS\System32\combase.dll
0x00007ff846bb0000 - 0x00007ff846c2a000 	C:\WINDOWS\System32\bcryptPrimitives.dll
0x00007ff847cb0000 - 0x00007ff847cdd000 	C:\WINDOWS\System32\IMM32.DLL
0x0000000064ae0000 - 0x0000000064bb2000 	C:\Program Files\Java\jdk1.8.0_112\jre\bin\msvcr100.dll
0x0000000064240000 - 0x0000000064ada000 	C:\Program Files\Java\jdk1.8.0_112\jre\bin\server\jvm.dll
0x00007ff849ab0000 - 0x00007ff849ab8000 	C:\WINDOWS\System32\PSAPI.DLL
0x00007ff834f60000 - 0x00007ff834f69000 	C:\WINDOWS\SYSTEM32\WSOCK32.dll
0x00007ff83eaa0000 - 0x00007ff83eaaa000 	C:\WINDOWS\SYSTEM32\VERSION.dll
0x00007ff8407c0000 - 0x00007ff8407e3000 	C:\WINDOWS\SYSTEM32\WINMM.dll
0x00007ff847f10000 - 0x00007ff847f7c000 	C:\WINDOWS\System32\WS2_32.dll
0x00007ff840660000 - 0x00007ff84068a000 	C:\WINDOWS\SYSTEM32\WINMMBASE.dll
0x00007ff8465d0000 - 0x00007ff846619000 	C:\WINDOWS\System32\cfgmgr32.dll
0x0000000064230000 - 0x000000006423f000 	C:\Program Files\Java\jdk1.8.0_112\jre\bin\verify.dll
0x0000000064200000 - 0x0000000064229000 	C:\Program Files\Java\jdk1.8.0_112\jre\bin\java.dll
0x00000000641e0000 - 0x00000000641f6000 	C:\Program Files\Java\jdk1.8.0_112\jre\bin\zip.dll
0x00007ff848610000 - 0x00007ff849a4f000 	C:\WINDOWS\System32\SHELL32.dll
0x00007ff8476f0000 - 0x00007ff847799000 	C:\WINDOWS\System32\shcore.dll
0x00007ff845ec0000 - 0x00007ff8465cd000 	C:\WINDOWS\System32\windows.storage.dll
0x00007ff848080000 - 0x00007ff8480d1000 	C:\WINDOWS\System32\shlwapi.dll
0x00007ff845ea0000 - 0x00007ff845eb1000 	C:\WINDOWS\System32\kernel.appcore.dll
0x00007ff845e80000 - 0x00007ff845e9f000 	C:\WINDOWS\System32\profapi.dll
0x00007ff845e00000 - 0x00007ff845e4c000 	C:\WINDOWS\System32\powrprof.dll
0x00007ff845e50000 - 0x00007ff845e5a000 	C:\WINDOWS\System32\FLTLIB.DLL
0x00000000641c0000 - 0x00000000641da000 	C:\Program Files\Java\jdk1.8.0_112\jre\bin\net.dll
0x00007ff845680000 - 0x00007ff8456e6000 	C:\WINDOWS\system32\mswsock.dll
0x00000000641a0000 - 0x00000000641b1000 	C:\Program Files\Java\jdk1.8.0_112\jre\bin\nio.dll
0x00007ff836340000 - 0x00007ff83635e000 	C:\Users\dcsb\.gradle\native\25\windows-amd64\native-platform.dll
0x0000000064190000 - 0x000000006419d000 	C:\Program Files\Java\jdk1.8.0_112\jre\bin\management.dll
0x00007ff845830000 - 0x00007ff845847000 	C:\WINDOWS\SYSTEM32\CRYPTSP.dll
0x00007ff845260000 - 0x00007ff845293000 	C:\WINDOWS\system32\rsaenh.dll
0x00007ff845960000 - 0x00007ff845985000 	C:\WINDOWS\SYSTEM32\bcrypt.dll
0x00007ff845d30000 - 0x00007ff845d58000 	C:\WINDOWS\SYSTEM32\USERENV.dll
0x00007ff845850000 - 0x00007ff84585b000 	C:\WINDOWS\SYSTEM32\CRYPTBASE.dll
0x00007ff845400000 - 0x00007ff845438000 	C:\WINDOWS\SYSTEM32\IPHLPAPI.DLL
0x00007ff8476e0000 - 0x00007ff8476e8000 	C:\WINDOWS\System32\NSI.dll
0x00007ff83eae0000 - 0x00007ff83eaf6000 	C:\WINDOWS\SYSTEM32\dhcpcsvc6.DLL
0x00007ff83edd0000 - 0x00007ff83edea000 	C:\WINDOWS\SYSTEM32\dhcpcsvc.DLL
0x0000000064160000 - 0x0000000064184000 	C:\Program Files\Java\jdk1.8.0_112\jre\bin\sunec.dll
0x00007ff845440000 - 0x00007ff8454fe000 	C:\WINDOWS\SYSTEM32\DNSAPI.dll
0x00007ff838190000 - 0x00007ff83819a000 	C:\Windows\System32\rasadhlp.dll
0x00007ff8386f0000 - 0x00007ff838762000 	C:\WINDOWS\System32\fwpuclnt.dll
0x0000000064150000 - 0x000000006415b000 	C:\Program Files\Java\jdk1.8.0_112\jre\bin\sunmscapi.dll
0x00007ff846c30000 - 0x00007ff846e12000 	C:\WINDOWS\System32\CRYPT32.dll
0x00007ff845e60000 - 0x00007ff845e72000 	C:\WINDOWS\System32\MSASN1.dll
0x00007ff844ef0000 - 0x00007ff844f21000 	C:\WINDOWS\SYSTEM32\ntmarta.dll

VM Arguments:
jvm_args: -XX:+HeapDumpOnOutOfMemoryError -Xmx1024m -Dfile.encoding=windows-1252 -Duser.country=BR -Duser.language=pt -Duser.variant 
java_command: org.gradle.launcher.daemon.bootstrap.GradleDaemon 4.4
java_class_path (initial): C:\Users\dcsb\.gradle\wrapper\dists\gradle-4.4-all\9br9xq1tocpiv8o6njlyu5op1\gradle-4.4\lib\gradle-launcher-4.4.jar
Launcher Type: SUN_STANDARD

Environment Variables:
JAVA_HOME=C:\Program Files\Java\jdk1.8.0_112
CLASSPATH=D:\Projetos\react-native\luizalabs\marvelDesafio\android\\gradle\wrapper\gradle-wrapper.jar
PATH=C:\cmder\bin;C:\cmder\vendor\conemu-maximus5\ConEmu\Scripts;C:\cmder\vendor\conemu-maximus5;C:\cmder\vendor\conemu-maximus5\ConEmu;C:\Program Files (x86)\Intel\iCLS Client\;C:\ProgramData\Oracle\Java\javapath;C:\Program Files\Intel\iCLS Client\;C:\Windows\system32;C:\Windows;C:\Windows\System32\Wbem;C:\Windows\System32\WindowsPowerShell\v1.0\;C:\Program Files (x86)\NVIDIA Corporation\PhysX\Common;C:\Program Files\Microsoft SQL Server\130\Tools\Binn\;C:\Program Files\dotnet\;C:\WINDOWS\system32;C:\WINDOWS;C:\WINDOWS\System32\Wbem;C:\WINDOWS\System32\WindowsPowerShell\v1.0\;C:\Program Files\Git\cmd;C:\WINDOWS\System32\OpenSSH\;C:\Program Files\Microsoft VS Code\bin;C:\Users\dcsb\AppData\Roaming\nvm;C:\Program Files\nodejs;C:\Program Files\MongoDB\Server\4.0\bin;C:\Program Files (x86)\Intel\Intel(R) Management Engine Components\DAL;C:\Program Files\Intel\Intel(R) Management Engine Components\DAL;C:\Program Files (x86)\Intel\Intel(R) Management Engine Components\IPT;C:\Program Files\Intel\Intel(R) Management Engine Components\IPT;C:\Users\dcsb\AppData\Local\Microsoft\WindowsApps;C:\Users\dcsb\AppData\Local\Android\Sdk\platform-tools;C:\Program Files\Microsoft VS Code\bin;C:\Users\dcsb\AppData\Roaming\npm;C:\Users\dcsb\AppData\Local\Programs\Microsoft VS Code\bin;C:\Users\dcsb\AppData\Roaming\nvm;C:\Program Files\nodejs;C:\Program Files\Git\usr\bin;C:\Program Files\Git\usr\share\vim\vim74;C:\cmder\
USERNAME=dcsb
OS=Windows_NT
PROCESSOR_IDENTIFIER=Intel64 Family 6 Model 142 Stepping 9, GenuineIntel



---------------  S Y S T E M  ---------------

OS: Windows 10.0 , 64 bit Build 17134 (10.0.17134.1)

CPU:total 4 (2 cores per cpu, 2 threads per core) family 6 model 142 stepping 9, cmov, cx8, fxsr, mmx, sse, sse2, sse3, ssse3, sse4.1, sse4.2, popcnt, avx, avx2, aes, clmul, erms, 3dnowpref, lzcnt, ht, tsc, tscinvbit, bmi1, bmi2, adx

Memory: 4k page, physical 8284640k(1166336k free), swap 8284640k(5128k free)

vm_info: Java HotSpot(TM) 64-Bit Server VM (25.112-b15) for windows-amd64 JRE (1.8.0_112-b15), built on Sep 22 2016 21:31:56 by "java_re" with MS VC++ 10.0 (VS2010)

time: Sat Nov 03 00:05:03 2018
elapsed time: 20142 seconds (0d 5h 35m 42s)

